<?xml version="1.0" encoding="UTF-8" standalone="no"?>
<!DOCTYPE log SYSTEM "logger.dtd">
<log>
<record>
  <date>2019-08-17T21:19:40</date>
  <millis>1566056980211</millis>
  <sequence>0</sequence>
  <level>START</level>
  <class>com.kms.katalon.core.logging.XmlKeywordLogger</class>
  <method>startSuite</method>
  <thread>1</thread>
  <message>Start Test Suite : Test Suites/Listing</message>
  <nestedLevel>0</nestedLevel>
  <property name="name">Listing</property>
  <property name="description"></property>
  <property name="id">Test Suites/Listing</property>
</record>
<record>
  <date>2019-08-17T21:19:40</date>
  <millis>1566056980247</millis>
  <sequence>1</sequence>
  <level>RUN_DATA</level>
  <class>com.kms.katalon.core.logging.XmlKeywordLogger</class>
  <method>logMessage</method>
  <thread>1</thread>
  <message>hostName = DAPL-Asset-180 - DAPL-Asset-180</message>
  <nestedLevel>0</nestedLevel>
  <property name="hostName">DAPL-Asset-180 - DAPL-Asset-180</property>
</record>
<record>
  <date>2019-08-17T21:19:40</date>
  <millis>1566056980249</millis>
  <sequence>2</sequence>
  <level>RUN_DATA</level>
  <class>com.kms.katalon.core.logging.XmlKeywordLogger</class>
  <method>logMessage</method>
  <thread>1</thread>
  <message>os = Windows 8.1 64bit</message>
  <nestedLevel>0</nestedLevel>
  <property name="os">Windows 8.1 64bit</property>
</record>
<record>
  <date>2019-08-17T21:19:40</date>
  <millis>1566056980251</millis>
  <sequence>3</sequence>
  <level>RUN_DATA</level>
  <class>com.kms.katalon.core.logging.XmlKeywordLogger</class>
  <method>logMessage</method>
  <thread>1</thread>
  <message>hostAddress = 192.168.43.246</message>
  <nestedLevel>0</nestedLevel>
  <property name="hostAddress">192.168.43.246</property>
</record>
<record>
  <date>2019-08-17T21:19:40</date>
  <millis>1566056980259</millis>
  <sequence>4</sequence>
  <level>RUN_DATA</level>
  <class>com.kms.katalon.core.logging.XmlKeywordLogger</class>
  <method>logMessage</method>
  <thread>1</thread>
  <message>katalonVersion = 6.2.1.2</message>
  <nestedLevel>0</nestedLevel>
  <property name="katalonVersion">6.2.1.2</property>
</record>
<record>
  <date>2019-08-17T21:19:40</date>
  <millis>1566056980801</millis>
  <sequence>5</sequence>
  <level>START</level>
  <class>com.kms.katalon.core.logging.XmlKeywordLogger</class>
  <method>startTest</method>
  <thread>1</thread>
  <message>Start Test Case : Test Cases/Workilo/Listing/Add Listing/AddListing</message>
  <nestedLevel>1</nestedLevel>
  <property name="name">Test Cases/Workilo/Listing/Add Listing/AddListing</property>
  <property name="description"></property>
  <property name="id">Test Cases/Workilo/Listing/Add Listing/AddListing</property>
  <property name="source">C:\\Users\\DAPL-Asset-180\\Desktop\\project folder\\Workilo\\WorkiloAutomation(14.8.19)\\Test Cases\\Workilo\\Listing\\Add Listing\\AddListing.tc</property>
  <property name="tag"></property>
  <property name="isOptional">false</property>
</record>
<record>
  <date>2019-08-17T21:19:41</date>
  <millis>1566056981169</millis>
  <sequence>7</sequence>
  <level>INFO</level>
  <class>com.kms.katalon.core.logging.XmlKeywordLogger</class>
  <method>logMessage</method>
  <thread>1</thread>
  <message>(Default) chromePath = C:\\\\Users\\\\DAPL-Asset-180\\\\Desktop\\lib\\\\webdriver\\\\chromedriver_win321\\\\chromedriver.exe</message>
  <nestedLevel>1</nestedLevel>
</record>
<record>
  <date>2019-08-17T21:19:41</date>
  <millis>1566056981969</millis>
  <sequence>8</sequence>
  <level>START</level>
  <class>com.kms.katalon.core.logging.XmlKeywordLogger</class>
  <method>startKeyword</method>
  <thread>1</thread>
  <message>Start action : System.setProperty(\&amp;quot;webdriver.chrome.driver\&amp;quot;, chromePath)</message>
  <nestedLevel>1</nestedLevel>
  <property name="startLine">10</property>
  <property name="stepIndex">1</property>
</record>
<record>
  <date>2019-08-17T21:19:42</date>
  <millis>1566056982014</millis>
  <sequence>9</sequence>
  <level>END</level>
  <class>com.kms.katalon.core.logging.XmlKeywordLogger</class>
  <method>endKeyword</method>
  <thread>1</thread>
  <message>End action : System.setProperty(\&amp;quot;webdriver.chrome.driver\&amp;quot;, chromePath)</message>
  <nestedLevel>1</nestedLevel>
</record>
<record>
  <date>2019-08-17T21:19:42</date>
  <millis>1566056982015</millis>
  <sequence>10</sequence>
  <level>START</level>
  <class>com.kms.katalon.core.logging.XmlKeywordLogger</class>
  <method>startKeyword</method>
  <thread>1</thread>
  <message>Start action : driver = new org.openqa.selenium.chrome.ChromeDriver()</message>
  <nestedLevel>1</nestedLevel>
  <property name="startLine">12</property>
  <property name="stepIndex">2</property>
</record>
<record>
  <date>2019-08-17T21:19:46</date>
  <millis>1566056986063</millis>
  <sequence>12</sequence>
  <level>END</level>
  <class>com.kms.katalon.core.logging.XmlKeywordLogger</class>
  <method>endKeyword</method>
  <thread>1</thread>
  <message>End action : driver = new org.openqa.selenium.chrome.ChromeDriver()</message>
  <nestedLevel>1</nestedLevel>
</record>
<record>
  <date>2019-08-17T21:19:46</date>
  <millis>1566056986064</millis>
  <sequence>13</sequence>
  <level>START</level>
  <class>com.kms.katalon.core.logging.XmlKeywordLogger</class>
  <method>startKeyword</method>
  <thread>1</thread>
  <message>Start action : window().maximize()</message>
  <nestedLevel>1</nestedLevel>
  <property name="startLine">14</property>
  <property name="stepIndex">3</property>
</record>
<record>
  <date>2019-08-17T21:19:47</date>
  <millis>1566056987265</millis>
  <sequence>14</sequence>
  <level>END</level>
  <class>com.kms.katalon.core.logging.XmlKeywordLogger</class>
  <method>endKeyword</method>
  <thread>1</thread>
  <message>End action : window().maximize()</message>
  <nestedLevel>1</nestedLevel>
</record>
<record>
  <date>2019-08-17T21:19:47</date>
  <millis>1566056987266</millis>
  <sequence>15</sequence>
  <level>START</level>
  <class>com.kms.katalon.core.logging.XmlKeywordLogger</class>
  <method>startKeyword</method>
  <thread>1</thread>
  <message>Start action : driver.get(\&amp;quot;http://workilo.com\&amp;quot;)</message>
  <nestedLevel>1</nestedLevel>
  <property name="startLine">16</property>
  <property name="stepIndex">4</property>
</record>
<record>
  <date>2019-08-17T21:19:55</date>
  <millis>1566056995278</millis>
  <sequence>16</sequence>
  <level>END</level>
  <class>com.kms.katalon.core.logging.XmlKeywordLogger</class>
  <method>endKeyword</method>
  <thread>1</thread>
  <message>End action : driver.get(\&amp;quot;http://workilo.com\&amp;quot;)</message>
  <nestedLevel>1</nestedLevel>
</record>
<record>
  <date>2019-08-17T21:19:55</date>
  <millis>1566056995279</millis>
  <sequence>17</sequence>
  <level>START</level>
  <class>com.kms.katalon.core.logging.XmlKeywordLogger</class>
  <method>startKeyword</method>
  <thread>1</thread>
  <message>Start action : timeouts().implicitlyWait(30, SECONDS)</message>
  <nestedLevel>1</nestedLevel>
  <property name="startLine">18</property>
  <property name="stepIndex">5</property>
</record>
<record>
  <date>2019-08-17T21:19:55</date>
  <millis>1566056995307</millis>
  <sequence>18</sequence>
  <level>END</level>
  <class>com.kms.katalon.core.logging.XmlKeywordLogger</class>
  <method>endKeyword</method>
  <thread>1</thread>
  <message>End action : timeouts().implicitlyWait(30, SECONDS)</message>
  <nestedLevel>1</nestedLevel>
</record>
<record>
  <date>2019-08-17T21:19:55</date>
  <millis>1566056995307</millis>
  <sequence>19</sequence>
  <level>START</level>
  <class>com.kms.katalon.core.logging.XmlKeywordLogger</class>
  <method>startKeyword</method>
  <thread>1</thread>
  <message>Start action : linkText(\&amp;quot;Log In\&amp;quot;)).click()</message>
  <nestedLevel>1</nestedLevel>
  <property name="startLine">20</property>
  <property name="stepIndex">6</property>
</record>
<record>
  <date>2019-08-17T21:19:55</date>
  <millis>1566056995617</millis>
  <sequence>20</sequence>
  <level>END</level>
  <class>com.kms.katalon.core.logging.XmlKeywordLogger</class>
  <method>endKeyword</method>
  <thread>1</thread>
  <message>End action : linkText(\&amp;quot;Log In\&amp;quot;)).click()</message>
  <nestedLevel>1</nestedLevel>
</record>
<record>
  <date>2019-08-17T21:19:55</date>
  <millis>1566056995619</millis>
  <sequence>21</sequence>
  <level>START</level>
  <class>com.kms.katalon.core.logging.XmlKeywordLogger</class>
  <method>startKeyword</method>
  <thread>1</thread>
  <message>Start action : Thread.sleep(2000)</message>
  <nestedLevel>1</nestedLevel>
  <property name="startLine">22</property>
  <property name="stepIndex">7</property>
</record>
<record>
  <date>2019-08-17T21:19:57</date>
  <millis>1566056997635</millis>
  <sequence>22</sequence>
  <level>END</level>
  <class>com.kms.katalon.core.logging.XmlKeywordLogger</class>
  <method>endKeyword</method>
  <thread>1</thread>
  <message>End action : Thread.sleep(2000)</message>
  <nestedLevel>1</nestedLevel>
</record>
<record>
  <date>2019-08-17T21:19:57</date>
  <millis>1566056997637</millis>
  <sequence>23</sequence>
  <level>START</level>
  <class>com.kms.katalon.core.logging.XmlKeywordLogger</class>
  <method>startKeyword</method>
  <thread>1</thread>
  <message>Start action : id(\&amp;quot;email_login\&amp;quot;)).sendKeys(\&amp;quot;testworkilo@gmail.com\&amp;quot;)</message>
  <nestedLevel>1</nestedLevel>
  <property name="startLine">24</property>
  <property name="stepIndex">8</property>
</record>
<record>
  <date>2019-08-17T21:19:57</date>
  <millis>1566056997877</millis>
  <sequence>24</sequence>
  <level>END</level>
  <class>com.kms.katalon.core.logging.XmlKeywordLogger</class>
  <method>endKeyword</method>
  <thread>1</thread>
  <message>End action : id(\&amp;quot;email_login\&amp;quot;)).sendKeys(\&amp;quot;testworkilo@gmail.com\&amp;quot;)</message>
  <nestedLevel>1</nestedLevel>
</record>
<record>
  <date>2019-08-17T21:19:57</date>
  <millis>1566056997877</millis>
  <sequence>25</sequence>
  <level>START</level>
  <class>com.kms.katalon.core.logging.XmlKeywordLogger</class>
  <method>startKeyword</method>
  <thread>1</thread>
  <message>Start action : id(\&amp;quot;password_login\&amp;quot;)).sendKeys(\&amp;quot;admin@123\&amp;quot;)</message>
  <nestedLevel>1</nestedLevel>
  <property name="startLine">26</property>
  <property name="stepIndex">9</property>
</record>
<record>
  <date>2019-08-17T21:19:58</date>
  <millis>1566056998041</millis>
  <sequence>26</sequence>
  <level>END</level>
  <class>com.kms.katalon.core.logging.XmlKeywordLogger</class>
  <method>endKeyword</method>
  <thread>1</thread>
  <message>End action : id(\&amp;quot;password_login\&amp;quot;)).sendKeys(\&amp;quot;admin@123\&amp;quot;)</message>
  <nestedLevel>1</nestedLevel>
</record>
<record>
  <date>2019-08-17T21:19:58</date>
  <millis>1566056998042</millis>
  <sequence>27</sequence>
  <level>START</level>
  <class>com.kms.katalon.core.logging.XmlKeywordLogger</class>
  <method>startKeyword</method>
  <thread>1</thread>
  <message>Start action : //*[@value=&amp;apos;Log in&amp;apos;]\&amp;quot;)).click()</message>
  <nestedLevel>1</nestedLevel>
  <property name="startLine">28</property>
  <property name="stepIndex">10</property>
</record>
<record>
  <date>2019-08-17T21:19:58</date>
  <millis>1566056998199</millis>
  <sequence>28</sequence>
  <level>END</level>
  <class>com.kms.katalon.core.logging.XmlKeywordLogger</class>
  <method>endKeyword</method>
  <thread>1</thread>
  <message>End action : //*[@value=&amp;apos;Log in&amp;apos;]\&amp;quot;)).click()</message>
  <nestedLevel>1</nestedLevel>
</record>
<record>
  <date>2019-08-17T21:19:58</date>
  <millis>1566056998199</millis>
  <sequence>29</sequence>
  <level>START</level>
  <class>com.kms.katalon.core.logging.XmlKeywordLogger</class>
  <method>startKeyword</method>
  <thread>1</thread>
  <message>Start action : Thread.sleep(3000)</message>
  <nestedLevel>1</nestedLevel>
  <property name="startLine">30</property>
  <property name="stepIndex">11</property>
</record>
<record>
  <date>2019-08-17T21:20:01</date>
  <millis>1566057001202</millis>
  <sequence>30</sequence>
  <level>END</level>
  <class>com.kms.katalon.core.logging.XmlKeywordLogger</class>
  <method>endKeyword</method>
  <thread>1</thread>
  <message>End action : Thread.sleep(3000)</message>
  <nestedLevel>1</nestedLevel>
</record>
<record>
  <date>2019-08-17T21:20:01</date>
  <millis>1566057001203</millis>
  <sequence>31</sequence>
  <level>START</level>
  <class>com.kms.katalon.core.logging.XmlKeywordLogger</class>
  <method>startKeyword</method>
  <thread>1</thread>
  <message>Start action : xpath(\&amp;quot;/html/body/header/div/div[2]/ul/li[1]/a\&amp;quot;)).click()</message>
  <nestedLevel>1</nestedLevel>
  <property name="startLine">36</property>
  <property name="stepIndex">12</property>
</record>
<record>
  <date>2019-08-17T21:20:01</date>
  <millis>1566057001319</millis>
  <sequence>32</sequence>
  <level>END</level>
  <class>com.kms.katalon.core.logging.XmlKeywordLogger</class>
  <method>endKeyword</method>
  <thread>1</thread>
  <message>End action : xpath(\&amp;quot;/html/body/header/div/div[2]/ul/li[1]/a\&amp;quot;)).click()</message>
  <nestedLevel>1</nestedLevel>
</record>
<record>
  <date>2019-08-17T21:20:01</date>
  <millis>1566057001345</millis>
  <sequence>34</sequence>
  <level>ERROR</level>
  <class>com.kms.katalon.core.logging.XmlKeywordLogger</class>
  <method>logMessage</method>
  <thread>1</thread>
  <message>Test Cases/Workilo/Listing/Add Listing/AddListing FAILED.\nReason:\norg.openqa.selenium.ElementClickInterceptedException: element click intercepted: Element &amp;lt;a href=\&amp;quot;javascript:void(0)\&amp;quot; class=\&amp;quot;login-trigger btn-lg\&amp;quot; data-toggle=\&amp;quot;modal\&amp;quot; data-target=\&amp;quot;#myModal-login\&amp;quot;&amp;gt;...&amp;lt;/a&amp;gt; is not clickable at point (1064, 45). Other element would receive the click: &amp;lt;div class=\&amp;quot;modal-content\&amp;quot;&amp;gt;...&amp;lt;/div&amp;gt;\n  (Session info: chrome=76.0.3809.100)\nBuild info: version: &amp;apos;3.141.59&amp;apos;, revision: &amp;apos;e82be7d358&amp;apos;, time: &amp;apos;2018-11-14T08:25:53&amp;apos;\nSystem info: host: &amp;apos;DAPL-ASSET-180&amp;apos;, ip: &amp;apos;192.168.43.246&amp;apos;, os.name: &amp;apos;Windows 8.1&amp;apos;, os.arch: &amp;apos;amd64&amp;apos;, os.version: &amp;apos;6.3&amp;apos;, java.version: &amp;apos;1.8.0_181&amp;apos;\nDriver info: org.openqa.selenium.chrome.ChromeDriver\nCapabilities {acceptInsecureCerts: false, browserName: chrome, browserVersion: 76.0.3809.100, chrome: {chromedriverVersion: 76.0.3809.25 (a0c95f440512e..., userDataDir: C:\\Users\\DAPL-A~1\\AppData\\L...}, goog:chromeOptions: {debuggerAddress: localhost:57805}, javascriptEnabled: true, networkConnectionEnabled: false, pageLoadStrategy: normal, platform: XP, platformName: XP, proxy: Proxy(), setWindowRect: true, strictFileInteractability: false, timeouts: {implicit: 0, pageLoad: 300000, script: 30000}, unhandledPromptBehavior: dismiss and notify}\nSession ID: aa185189c396773bb6828f1607b9acb0\r\n\tat org.openqa.selenium.remote.http.W3CHttpResponseCodec.createException(W3CHttpResponseCodec.java:187)\r\n\tat org.openqa.selenium.remote.http.W3CHttpResponseCodec.decode(W3CHttpResponseCodec.java:122)\r\n\tat org.openqa.selenium.remote.http.W3CHttpResponseCodec.decode(W3CHttpResponseCodec.java:49)\r\n\tat org.openqa.selenium.remote.HttpCommandExecutor.execute(HttpCommandExecutor.java:158)\r\n\tat org.openqa.selenium.remote.service.DriverCommandExecutor.execute(DriverCommandExecutor.java:83)\r\n\tat org.openqa.selenium.remote.RemoteWebDriver.execute(RemoteWebDriver.java:552)\r\n\tat org.openqa.selenium.remote.RemoteWebElement.execute(RemoteWebElement.java:285)\r\n\tat org.openqa.selenium.remote.RemoteWebElement.click(RemoteWebElement.java:84)\r\n\tat org.openqa.selenium.WebElement$click.call(Unknown Source)\r\n\tat AddListing.run(AddListing:36)\r\n\tat com.kms.katalon.core.main.ScriptEngine.run(ScriptEngine.java:194)\r\n\tat com.kms.katalon.core.main.ScriptEngine.runScriptAsRawText(ScriptEngine.java:119)\r\n\tat com.kms.katalon.core.main.TestCaseExecutor.runScript(TestCaseExecutor.java:337)\r\n\tat com.kms.katalon.core.main.TestCaseExecutor.doExecute(TestCaseExecutor.java:328)\r\n\tat com.kms.katalon.core.main.TestCaseExecutor.processExecutionPhase(TestCaseExecutor.java:307)\r\n\tat com.kms.katalon.core.main.TestCaseExecutor.accessMainPhase(TestCaseExecutor.java:299)\r\n\tat com.kms.katalon.core.main.TestCaseExecutor.execute(TestCaseExecutor.java:233)\r\n\tat com.kms.katalon.core.main.TestSuiteExecutor.accessTestCaseMainPhase(TestSuiteExecutor.java:133)\r\n\tat com.kms.katalon.core.main.TestSuiteExecutor.accessTestSuiteMainPhase(TestSuiteExecutor.java:116)\r\n\tat com.kms.katalon.core.main.TestSuiteExecutor.execute(TestSuiteExecutor.java:83)\r\n\tat com.kms.katalon.core.main.TestCaseMain.startTestSuite(TestCaseMain.java:157)\r\n\tat com.kms.katalon.core.main.TestCaseMain$startTestSuite$0.call(Unknown Source)\r\n\tat TempTestSuite1566056976474.run(TempTestSuite1566056976474.groovy:35)\r\n</message>
  <exception>
    <message>org.openqa.selenium.ElementClickInterceptedException: element click intercepted: Element &lt;a href="javascript:void(0)" class="login-trigger btn-lg" data-toggle="modal" data-target="#myModal-login"&gt;...&lt;/a&gt; is not clickable at point (1064, 45). Other element would receive the click: &lt;div class="modal-content"&gt;...&lt;/div&gt;
  (Session info: chrome=76.0.3809.100)
Build info: version: '3.141.59', revision: 'e82be7d358', time: '2018-11-14T08:25:53'
System info: host: 'DAPL-ASSET-180', ip: '192.168.43.246', os.name: 'Windows 8.1', os.arch: 'amd64', os.version: '6.3', java.version: '1.8.0_181'
Driver info: org.openqa.selenium.chrome.ChromeDriver
Capabilities {acceptInsecureCerts: false, browserName: chrome, browserVersion: 76.0.3809.100, chrome: {chromedriverVersion: 76.0.3809.25 (a0c95f440512e..., userDataDir: C:\Users\DAPL-A~1\AppData\L...}, goog:chromeOptions: {debuggerAddress: localhost:57805}, javascriptEnabled: true, networkConnectionEnabled: false, pageLoadStrategy: normal, platform: XP, platformName: XP, proxy: Proxy(), setWindowRect: true, strictFileInteractability: false, timeouts: {implicit: 0, pageLoad: 300000, script: 30000}, unhandledPromptBehavior: dismiss and notify}
Session ID: aa185189c396773bb6828f1607b9acb0</message>
    <frame>
      <class>org.openqa.selenium.remote.http.W3CHttpResponseCodec</class>
      <method>createException</method>
      <line>187</line>
    </frame>
    <frame>
      <class>org.openqa.selenium.remote.http.W3CHttpResponseCodec</class>
      <method>decode</method>
      <line>122</line>
    </frame>
    <frame>
      <class>org.openqa.selenium.remote.http.W3CHttpResponseCodec</class>
      <method>decode</method>
      <line>49</line>
    </frame>
    <frame>
      <class>org.openqa.selenium.remote.HttpCommandExecutor</class>
      <method>execute</method>
      <line>158</line>
    </frame>
    <frame>
      <class>org.openqa.selenium.remote.service.DriverCommandExecutor</class>
      <method>execute</method>
      <line>83</line>
    </frame>
    <frame>
      <class>org.openqa.selenium.remote.RemoteWebDriver</class>
      <method>execute</method>
      <line>552</line>
    </frame>
    <frame>
      <class>org.openqa.selenium.remote.RemoteWebElement</class>
      <method>execute</method>
      <line>285</line>
    </frame>
    <frame>
      <class>org.openqa.selenium.remote.RemoteWebElement</class>
      <method>click</method>
      <line>84</line>
    </frame>
    <frame>
      <class>org.openqa.selenium.WebElement$click</class>
      <method>call</method>
    </frame>
    <frame>
      <class>AddListing</class>
      <method>run</method>
      <line>36</line>
    </frame>
    <frame>
      <class>com.kms.katalon.core.main.ScriptEngine</class>
      <method>run</method>
      <line>194</line>
    </frame>
    <frame>
      <class>com.kms.katalon.core.main.ScriptEngine</class>
      <method>runScriptAsRawText</method>
      <line>119</line>
    </frame>
    <frame>
      <class>com.kms.katalon.core.main.TestCaseExecutor</class>
      <method>runScript</method>
      <line>337</line>
    </frame>
    <frame>
      <class>com.kms.katalon.core.main.TestCaseExecutor</class>
      <method>doExecute</method>
      <line>328</line>
    </frame>
    <frame>
      <class>com.kms.katalon.core.main.TestCaseExecutor</class>
      <method>processExecutionPhase</method>
      <line>307</line>
    </frame>
    <frame>
      <class>com.kms.katalon.core.main.TestCaseExecutor</class>
      <method>accessMainPhase</method>
      <line>299</line>
    </frame>
    <frame>
      <class>com.kms.katalon.core.main.TestCaseExecutor</class>
      <method>execute</method>
      <line>233</line>
    </frame>
    <frame>
      <class>com.kms.katalon.core.main.TestSuiteExecutor</class>
      <method>accessTestCaseMainPhase</method>
      <line>133</line>
    </frame>
    <frame>
      <class>com.kms.katalon.core.main.TestSuiteExecutor</class>
      <method>accessTestSuiteMainPhase</method>
      <line>116</line>
    </frame>
    <frame>
      <class>com.kms.katalon.core.main.TestSuiteExecutor</class>
      <method>execute</method>
      <line>83</line>
    </frame>
    <frame>
      <class>com.kms.katalon.core.main.TestCaseMain</class>
      <method>startTestSuite</method>
      <line>157</line>
    </frame>
    <frame>
      <class>com.kms.katalon.core.main.TestCaseMain$startTestSuite$0</class>
      <method>call</method>
    </frame>
    <frame>
      <class>TempTestSuite1566056976474</class>
      <method>run</method>
      <line>35</line>
    </frame>
  </exception>
  <nestedLevel>0</nestedLevel>
  <property name="failed.exception.stacktrace">org.openqa.selenium.ElementClickInterceptedException: element click intercepted: Element &lt;a href=\&quot;javascript:void(0)\&quot; class=\&quot;login-trigger btn-lg\&quot; data-toggle=\&quot;modal\&quot; data-target=\&quot;#myModal-login\&quot;&gt;...&lt;/a&gt; is not clickable at point (1064, 45). Other element would receive the click: &lt;div class=\&quot;modal-content\&quot;&gt;...&lt;/div&gt;\n  (Session info: chrome=76.0.3809.100)\nBuild info: version: &apos;3.141.59&apos;, revision: &apos;e82be7d358&apos;, time: &apos;2018-11-14T08:25:53&apos;\nSystem info: host: &apos;DAPL-ASSET-180&apos;, ip: &apos;192.168.43.246&apos;, os.name: &apos;Windows 8.1&apos;, os.arch: &apos;amd64&apos;, os.version: &apos;6.3&apos;, java.version: &apos;1.8.0_181&apos;\nDriver info: org.openqa.selenium.chrome.ChromeDriver\nCapabilities {acceptInsecureCerts: false, browserName: chrome, browserVersion: 76.0.3809.100, chrome: {chromedriverVersion: 76.0.3809.25 (a0c95f440512e..., userDataDir: C:\\Users\\DAPL-A~1\\AppData\\L...}, goog:chromeOptions: {debuggerAddress: localhost:57805}, javascriptEnabled: true, networkConnectionEnabled: false, pageLoadStrategy: normal, platform: XP, platformName: XP, proxy: Proxy(), setWindowRect: true, strictFileInteractability: false, timeouts: {implicit: 0, pageLoad: 300000, script: 30000}, unhandledPromptBehavior: dismiss and notify}\nSession ID: aa185189c396773bb6828f1607b9acb0\r\n\tat org.openqa.selenium.remote.http.W3CHttpResponseCodec.createException(W3CHttpResponseCodec.java:187)\r\n\tat org.openqa.selenium.remote.http.W3CHttpResponseCodec.decode(W3CHttpResponseCodec.java:122)\r\n\tat org.openqa.selenium.remote.http.W3CHttpResponseCodec.decode(W3CHttpResponseCodec.java:49)\r\n\tat org.openqa.selenium.remote.HttpCommandExecutor.execute(HttpCommandExecutor.java:158)\r\n\tat org.openqa.selenium.remote.service.DriverCommandExecutor.execute(DriverCommandExecutor.java:83)\r\n\tat org.openqa.selenium.remote.RemoteWebDriver.execute(RemoteWebDriver.java:552)\r\n\tat org.openqa.selenium.remote.RemoteWebElement.execute(RemoteWebElement.java:285)\r\n\tat org.openqa.selenium.remote.RemoteWebElement.click(RemoteWebElement.java:84)\r\n\tat org.openqa.selenium.WebElement$click.call(Unknown Source)\r\n\tat AddListing.run(AddListing:36)\r\n\tat com.kms.katalon.core.main.ScriptEngine.run(ScriptEngine.java:194)\r\n\tat com.kms.katalon.core.main.ScriptEngine.runScriptAsRawText(ScriptEngine.java:119)\r\n\tat com.kms.katalon.core.main.TestCaseExecutor.runScript(TestCaseExecutor.java:337)\r\n\tat com.kms.katalon.core.main.TestCaseExecutor.doExecute(TestCaseExecutor.java:328)\r\n\tat com.kms.katalon.core.main.TestCaseExecutor.processExecutionPhase(TestCaseExecutor.java:307)\r\n\tat com.kms.katalon.core.main.TestCaseExecutor.accessMainPhase(TestCaseExecutor.java:299)\r\n\tat com.kms.katalon.core.main.TestCaseExecutor.execute(TestCaseExecutor.java:233)\r\n\tat com.kms.katalon.core.main.TestSuiteExecutor.accessTestCaseMainPhase(TestSuiteExecutor.java:133)\r\n\tat com.kms.katalon.core.main.TestSuiteExecutor.accessTestSuiteMainPhase(TestSuiteExecutor.java:116)\r\n\tat com.kms.katalon.core.main.TestSuiteExecutor.execute(TestSuiteExecutor.java:83)\r\n\tat com.kms.katalon.core.main.TestCaseMain.startTestSuite(TestCaseMain.java:157)\r\n\tat com.kms.katalon.core.main.TestCaseMain$startTestSuite$0.call(Unknown Source)\r\n\tat TempTestSuite1566056976474.run(TempTestSuite1566056976474.groovy:35)\r\n</property>
  <property name="failed.exception.class">org.openqa.selenium.ElementClickInterceptedException</property>
  <property name="failed.exception.message">element click intercepted: Element &lt;a href=\&quot;javascript:void(0)\&quot; class=\&quot;login-trigger btn-lg\&quot; data-toggle=\&quot;modal\&quot; data-target=\&quot;#myModal-login\&quot;&gt;...&lt;/a&gt; is not clickable at point (1064, 45). Other element would receive the click: &lt;div class=\&quot;modal-content\&quot;&gt;...&lt;/div&gt;\n  (Session info: chrome=76.0.3809.100)\nBuild info: version: &apos;3.141.59&apos;, revision: &apos;e82be7d358&apos;, time: &apos;2018-11-14T08:25:53&apos;\nSystem info: host: &apos;DAPL-ASSET-180&apos;, ip: &apos;192.168.43.246&apos;, os.name: &apos;Windows 8.1&apos;, os.arch: &apos;amd64&apos;, os.version: &apos;6.3&apos;, java.version: &apos;1.8.0_181&apos;\nDriver info: org.openqa.selenium.chrome.ChromeDriver\nCapabilities {acceptInsecureCerts: false, browserName: chrome, browserVersion: 76.0.3809.100, chrome: {chromedriverVersion: 76.0.3809.25 (a0c95f440512e..., userDataDir: C:\\Users\\DAPL-A~1\\AppData\\L...}, goog:chromeOptions: {debuggerAddress: localhost:57805}, javascriptEnabled: true, networkConnectionEnabled: false, pageLoadStrategy: normal, platform: XP, platformName: XP, proxy: Proxy(), setWindowRect: true, strictFileInteractability: false, timeouts: {implicit: 0, pageLoad: 300000, script: 30000}, unhandledPromptBehavior: dismiss and notify}\nSession ID: aa185189c396773bb6828f1607b9acb0</property>
</record>
<record>
  <date>2019-08-17T21:20:01</date>
  <millis>1566057001365</millis>
  <sequence>36</sequence>
  <level>END</level>
  <class>com.kms.katalon.core.logging.XmlKeywordLogger</class>
  <method>endTest</method>
  <thread>1</thread>
  <message>End Test Case : Test Cases/Workilo/Listing/Add Listing/AddListing</message>
  <nestedLevel>0</nestedLevel>
</record>
<record>
  <date>2019-08-17T21:20:01</date>
  <millis>1566057001385</millis>
  <sequence>37</sequence>
  <level>START</level>
  <class>com.kms.katalon.core.logging.XmlKeywordLogger</class>
  <method>startTest</method>
  <thread>1</thread>
  <message>Start Test Case : Test Cases/Workilo/Listing/Edit Listing/EditListing</message>
  <nestedLevel>1</nestedLevel>
  <property name="name">Test Cases/Workilo/Listing/Edit Listing/EditListing</property>
  <property name="description"></property>
  <property name="id">Test Cases/Workilo/Listing/Edit Listing/EditListing</property>
  <property name="source">C:\\Users\\DAPL-Asset-180\\Desktop\\project folder\\Workilo\\WorkiloAutomation(14.8.19)\\Test Cases\\Workilo\\Listing\\Edit Listing\\EditListing.tc</property>
  <property name="tag"></property>
  <property name="isOptional">false</property>
</record>
<record>
  <date>2019-08-17T21:20:01</date>
  <millis>1566057001498</millis>
  <sequence>39</sequence>
  <level>INFO</level>
  <class>com.kms.katalon.core.logging.XmlKeywordLogger</class>
  <method>logMessage</method>
  <thread>1</thread>
  <message>(Default) chromePath = C:\\\\Users\\\\DAPL-Asset-180\\\\Desktop\\lib\\\\webdriver\\\\chromedriver_win321\\\\chromedriver.exe</message>
  <nestedLevel>1</nestedLevel>
</record>
<record>
  <date>2019-08-17T21:20:01</date>
  <millis>1566057001948</millis>
  <sequence>40</sequence>
  <level>START</level>
  <class>com.kms.katalon.core.logging.XmlKeywordLogger</class>
  <method>startKeyword</method>
  <thread>1</thread>
  <message>Start action : System.setProperty(\&amp;quot;webdriver.chrome.driver\&amp;quot;, chromePath)</message>
  <nestedLevel>1</nestedLevel>
  <property name="startLine">10</property>
  <property name="stepIndex">1</property>
</record>
<record>
  <date>2019-08-17T21:20:01</date>
  <millis>1566057001953</millis>
  <sequence>41</sequence>
  <level>END</level>
  <class>com.kms.katalon.core.logging.XmlKeywordLogger</class>
  <method>endKeyword</method>
  <thread>1</thread>
  <message>End action : System.setProperty(\&amp;quot;webdriver.chrome.driver\&amp;quot;, chromePath)</message>
  <nestedLevel>1</nestedLevel>
</record>
<record>
  <date>2019-08-17T21:20:01</date>
  <millis>1566057001954</millis>
  <sequence>42</sequence>
  <level>START</level>
  <class>com.kms.katalon.core.logging.XmlKeywordLogger</class>
  <method>startKeyword</method>
  <thread>1</thread>
  <message>Start action : driver = new org.openqa.selenium.chrome.ChromeDriver()</message>
  <nestedLevel>1</nestedLevel>
  <property name="startLine">12</property>
  <property name="stepIndex">2</property>
</record>
<record>
  <date>2019-08-17T21:20:04</date>
  <millis>1566057004386</millis>
  <sequence>44</sequence>
  <level>END</level>
  <class>com.kms.katalon.core.logging.XmlKeywordLogger</class>
  <method>endKeyword</method>
  <thread>1</thread>
  <message>End action : driver = new org.openqa.selenium.chrome.ChromeDriver()</message>
  <nestedLevel>1</nestedLevel>
</record>
<record>
  <date>2019-08-17T21:20:04</date>
  <millis>1566057004387</millis>
  <sequence>45</sequence>
  <level>START</level>
  <class>com.kms.katalon.core.logging.XmlKeywordLogger</class>
  <method>startKeyword</method>
  <thread>1</thread>
  <message>Start action : window().maximize()</message>
  <nestedLevel>1</nestedLevel>
  <property name="startLine">14</property>
  <property name="stepIndex">3</property>
</record>
<record>
  <date>2019-08-17T21:20:05</date>
  <millis>1566057005530</millis>
  <sequence>46</sequence>
  <level>END</level>
  <class>com.kms.katalon.core.logging.XmlKeywordLogger</class>
  <method>endKeyword</method>
  <thread>1</thread>
  <message>End action : window().maximize()</message>
  <nestedLevel>1</nestedLevel>
</record>
<record>
  <date>2019-08-17T21:20:05</date>
  <millis>1566057005530</millis>
  <sequence>47</sequence>
  <level>START</level>
  <class>com.kms.katalon.core.logging.XmlKeywordLogger</class>
  <method>startKeyword</method>
  <thread>1</thread>
  <message>Start action : driver.get(\&amp;quot;http://workilo.com\&amp;quot;)</message>
  <nestedLevel>1</nestedLevel>
  <property name="startLine">16</property>
  <property name="stepIndex">4</property>
</record>
<record>
  <date>2019-08-17T21:20:13</date>
  <millis>1566057013799</millis>
  <sequence>48</sequence>
  <level>END</level>
  <class>com.kms.katalon.core.logging.XmlKeywordLogger</class>
  <method>endKeyword</method>
  <thread>1</thread>
  <message>End action : driver.get(\&amp;quot;http://workilo.com\&amp;quot;)</message>
  <nestedLevel>1</nestedLevel>
</record>
<record>
  <date>2019-08-17T21:20:13</date>
  <millis>1566057013800</millis>
  <sequence>49</sequence>
  <level>START</level>
  <class>com.kms.katalon.core.logging.XmlKeywordLogger</class>
  <method>startKeyword</method>
  <thread>1</thread>
  <message>Start action : timeouts().implicitlyWait(30, SECONDS)</message>
  <nestedLevel>1</nestedLevel>
  <property name="startLine">18</property>
  <property name="stepIndex">5</property>
</record>
<record>
  <date>2019-08-17T21:20:13</date>
  <millis>1566057013812</millis>
  <sequence>50</sequence>
  <level>END</level>
  <class>com.kms.katalon.core.logging.XmlKeywordLogger</class>
  <method>endKeyword</method>
  <thread>1</thread>
  <message>End action : timeouts().implicitlyWait(30, SECONDS)</message>
  <nestedLevel>1</nestedLevel>
</record>
<record>
  <date>2019-08-17T21:20:13</date>
  <millis>1566057013813</millis>
  <sequence>51</sequence>
  <level>START</level>
  <class>com.kms.katalon.core.logging.XmlKeywordLogger</class>
  <method>startKeyword</method>
  <thread>1</thread>
  <message>Start action : linkText(\&amp;quot;Log In\&amp;quot;)).click()</message>
  <nestedLevel>1</nestedLevel>
  <property name="startLine">20</property>
  <property name="stepIndex">6</property>
</record>
<record>
  <date>2019-08-17T21:20:13</date>
  <millis>1566057013975</millis>
  <sequence>52</sequence>
  <level>END</level>
  <class>com.kms.katalon.core.logging.XmlKeywordLogger</class>
  <method>endKeyword</method>
  <thread>1</thread>
  <message>End action : linkText(\&amp;quot;Log In\&amp;quot;)).click()</message>
  <nestedLevel>1</nestedLevel>
</record>
<record>
  <date>2019-08-17T21:20:13</date>
  <millis>1566057013976</millis>
  <sequence>53</sequence>
  <level>START</level>
  <class>com.kms.katalon.core.logging.XmlKeywordLogger</class>
  <method>startKeyword</method>
  <thread>1</thread>
  <message>Start action : Thread.sleep(2000)</message>
  <nestedLevel>1</nestedLevel>
  <property name="startLine">22</property>
  <property name="stepIndex">7</property>
</record>
<record>
  <date>2019-08-17T21:20:15</date>
  <millis>1566057015978</millis>
  <sequence>54</sequence>
  <level>END</level>
  <class>com.kms.katalon.core.logging.XmlKeywordLogger</class>
  <method>endKeyword</method>
  <thread>1</thread>
  <message>End action : Thread.sleep(2000)</message>
  <nestedLevel>1</nestedLevel>
</record>
<record>
  <date>2019-08-17T21:20:15</date>
  <millis>1566057015979</millis>
  <sequence>55</sequence>
  <level>START</level>
  <class>com.kms.katalon.core.logging.XmlKeywordLogger</class>
  <method>startKeyword</method>
  <thread>1</thread>
  <message>Start action : id(\&amp;quot;email_login\&amp;quot;)).sendKeys(\&amp;quot;testworkilo@gmail.com\&amp;quot;)</message>
  <nestedLevel>1</nestedLevel>
  <property name="startLine">24</property>
  <property name="stepIndex">8</property>
</record>
<record>
  <date>2019-08-17T21:20:16</date>
  <millis>1566057016254</millis>
  <sequence>56</sequence>
  <level>END</level>
  <class>com.kms.katalon.core.logging.XmlKeywordLogger</class>
  <method>endKeyword</method>
  <thread>1</thread>
  <message>End action : id(\&amp;quot;email_login\&amp;quot;)).sendKeys(\&amp;quot;testworkilo@gmail.com\&amp;quot;)</message>
  <nestedLevel>1</nestedLevel>
</record>
<record>
  <date>2019-08-17T21:20:16</date>
  <millis>1566057016255</millis>
  <sequence>57</sequence>
  <level>START</level>
  <class>com.kms.katalon.core.logging.XmlKeywordLogger</class>
  <method>startKeyword</method>
  <thread>1</thread>
  <message>Start action : id(\&amp;quot;password_login\&amp;quot;)).sendKeys(\&amp;quot;admin@123\&amp;quot;)</message>
  <nestedLevel>1</nestedLevel>
  <property name="startLine">26</property>
  <property name="stepIndex">9</property>
</record>
<record>
  <date>2019-08-17T21:20:16</date>
  <millis>1566057016430</millis>
  <sequence>58</sequence>
  <level>END</level>
  <class>com.kms.katalon.core.logging.XmlKeywordLogger</class>
  <method>endKeyword</method>
  <thread>1</thread>
  <message>End action : id(\&amp;quot;password_login\&amp;quot;)).sendKeys(\&amp;quot;admin@123\&amp;quot;)</message>
  <nestedLevel>1</nestedLevel>
</record>
<record>
  <date>2019-08-17T21:20:16</date>
  <millis>1566057016430</millis>
  <sequence>59</sequence>
  <level>START</level>
  <class>com.kms.katalon.core.logging.XmlKeywordLogger</class>
  <method>startKeyword</method>
  <thread>1</thread>
  <message>Start action : //*[@value=&amp;apos;Log in&amp;apos;]\&amp;quot;)).click()</message>
  <nestedLevel>1</nestedLevel>
  <property name="startLine">28</property>
  <property name="stepIndex">10</property>
</record>
<record>
  <date>2019-08-17T21:20:16</date>
  <millis>1566057016596</millis>
  <sequence>60</sequence>
  <level>END</level>
  <class>com.kms.katalon.core.logging.XmlKeywordLogger</class>
  <method>endKeyword</method>
  <thread>1</thread>
  <message>End action : //*[@value=&amp;apos;Log in&amp;apos;]\&amp;quot;)).click()</message>
  <nestedLevel>1</nestedLevel>
</record>
<record>
  <date>2019-08-17T21:20:16</date>
  <millis>1566057016596</millis>
  <sequence>61</sequence>
  <level>START</level>
  <class>com.kms.katalon.core.logging.XmlKeywordLogger</class>
  <method>startKeyword</method>
  <thread>1</thread>
  <message>Start action : Thread.sleep(3000)</message>
  <nestedLevel>1</nestedLevel>
  <property name="startLine">30</property>
  <property name="stepIndex">11</property>
</record>
<record>
  <date>2019-08-17T21:20:19</date>
  <millis>1566057019598</millis>
  <sequence>62</sequence>
  <level>END</level>
  <class>com.kms.katalon.core.logging.XmlKeywordLogger</class>
  <method>endKeyword</method>
  <thread>1</thread>
  <message>End action : Thread.sleep(3000)</message>
  <nestedLevel>1</nestedLevel>
</record>
<record>
  <date>2019-08-17T21:20:19</date>
  <millis>1566057019599</millis>
  <sequence>63</sequence>
  <level>START</level>
  <class>com.kms.katalon.core.logging.XmlKeywordLogger</class>
  <method>startKeyword</method>
  <thread>1</thread>
  <message>Start action : xpath(\&amp;quot;/html/body/header/div/div[2]/ul/li[1]/a\&amp;quot;)).click()</message>
  <nestedLevel>1</nestedLevel>
  <property name="startLine">36</property>
  <property name="stepIndex">12</property>
</record>
<record>
  <date>2019-08-17T21:20:19</date>
  <millis>1566057019684</millis>
  <sequence>64</sequence>
  <level>END</level>
  <class>com.kms.katalon.core.logging.XmlKeywordLogger</class>
  <method>endKeyword</method>
  <thread>1</thread>
  <message>End action : xpath(\&amp;quot;/html/body/header/div/div[2]/ul/li[1]/a\&amp;quot;)).click()</message>
  <nestedLevel>1</nestedLevel>
</record>
<record>
  <date>2019-08-17T21:20:19</date>
  <millis>1566057019687</millis>
  <sequence>66</sequence>
  <level>ERROR</level>
  <class>com.kms.katalon.core.logging.XmlKeywordLogger</class>
  <method>logMessage</method>
  <thread>1</thread>
  <message>Test Cases/Workilo/Listing/Edit Listing/EditListing FAILED.\nReason:\norg.openqa.selenium.ElementClickInterceptedException: element click intercepted: Element &amp;lt;a href=\&amp;quot;javascript:void(0)\&amp;quot; class=\&amp;quot;login-trigger btn-lg\&amp;quot; data-toggle=\&amp;quot;modal\&amp;quot; data-target=\&amp;quot;#myModal-login\&amp;quot;&amp;gt;...&amp;lt;/a&amp;gt; is not clickable at point (1064, 45). Other element would receive the click: &amp;lt;div class=\&amp;quot;modal-content\&amp;quot;&amp;gt;...&amp;lt;/div&amp;gt;\n  (Session info: chrome=76.0.3809.100)\nBuild info: version: &amp;apos;3.141.59&amp;apos;, revision: &amp;apos;e82be7d358&amp;apos;, time: &amp;apos;2018-11-14T08:25:53&amp;apos;\nSystem info: host: &amp;apos;DAPL-ASSET-180&amp;apos;, ip: &amp;apos;192.168.43.246&amp;apos;, os.name: &amp;apos;Windows 8.1&amp;apos;, os.arch: &amp;apos;amd64&amp;apos;, os.version: &amp;apos;6.3&amp;apos;, java.version: &amp;apos;1.8.0_181&amp;apos;\nDriver info: org.openqa.selenium.chrome.ChromeDriver\nCapabilities {acceptInsecureCerts: false, browserName: chrome, browserVersion: 76.0.3809.100, chrome: {chromedriverVersion: 76.0.3809.25 (a0c95f440512e..., userDataDir: C:\\Users\\DAPL-A~1\\AppData\\L...}, goog:chromeOptions: {debuggerAddress: localhost:57850}, javascriptEnabled: true, networkConnectionEnabled: false, pageLoadStrategy: normal, platform: XP, platformName: XP, proxy: Proxy(), setWindowRect: true, strictFileInteractability: false, timeouts: {implicit: 0, pageLoad: 300000, script: 30000}, unhandledPromptBehavior: dismiss and notify}\nSession ID: c9a9571048248d150f326728308f5665\r\n\tat org.openqa.selenium.remote.http.W3CHttpResponseCodec.createException(W3CHttpResponseCodec.java:187)\r\n\tat org.openqa.selenium.remote.http.W3CHttpResponseCodec.decode(W3CHttpResponseCodec.java:122)\r\n\tat org.openqa.selenium.remote.http.W3CHttpResponseCodec.decode(W3CHttpResponseCodec.java:49)\r\n\tat org.openqa.selenium.remote.HttpCommandExecutor.execute(HttpCommandExecutor.java:158)\r\n\tat org.openqa.selenium.remote.service.DriverCommandExecutor.execute(DriverCommandExecutor.java:83)\r\n\tat org.openqa.selenium.remote.RemoteWebDriver.execute(RemoteWebDriver.java:552)\r\n\tat org.openqa.selenium.remote.RemoteWebElement.execute(RemoteWebElement.java:285)\r\n\tat org.openqa.selenium.remote.RemoteWebElement.click(RemoteWebElement.java:84)\r\n\tat org.openqa.selenium.WebElement$click.call(Unknown Source)\r\n\tat EditListing.run(EditListing:36)\r\n\tat com.kms.katalon.core.main.ScriptEngine.run(ScriptEngine.java:194)\r\n\tat com.kms.katalon.core.main.ScriptEngine.runScriptAsRawText(ScriptEngine.java:119)\r\n\tat com.kms.katalon.core.main.TestCaseExecutor.runScript(TestCaseExecutor.java:337)\r\n\tat com.kms.katalon.core.main.TestCaseExecutor.doExecute(TestCaseExecutor.java:328)\r\n\tat com.kms.katalon.core.main.TestCaseExecutor.processExecutionPhase(TestCaseExecutor.java:307)\r\n\tat com.kms.katalon.core.main.TestCaseExecutor.accessMainPhase(TestCaseExecutor.java:299)\r\n\tat com.kms.katalon.core.main.TestCaseExecutor.execute(TestCaseExecutor.java:233)\r\n\tat com.kms.katalon.core.main.TestSuiteExecutor.accessTestCaseMainPhase(TestSuiteExecutor.java:133)\r\n\tat com.kms.katalon.core.main.TestSuiteExecutor.accessTestSuiteMainPhase(TestSuiteExecutor.java:116)\r\n\tat com.kms.katalon.core.main.TestSuiteExecutor.execute(TestSuiteExecutor.java:83)\r\n\tat com.kms.katalon.core.main.TestCaseMain.startTestSuite(TestCaseMain.java:157)\r\n\tat com.kms.katalon.core.main.TestCaseMain$startTestSuite$0.call(Unknown Source)\r\n\tat TempTestSuite1566056976474.run(TempTestSuite1566056976474.groovy:35)\r\n</message>
  <exception>
    <message>org.openqa.selenium.ElementClickInterceptedException: element click intercepted: Element &lt;a href="javascript:void(0)" class="login-trigger btn-lg" data-toggle="modal" data-target="#myModal-login"&gt;...&lt;/a&gt; is not clickable at point (1064, 45). Other element would receive the click: &lt;div class="modal-content"&gt;...&lt;/div&gt;
  (Session info: chrome=76.0.3809.100)
Build info: version: '3.141.59', revision: 'e82be7d358', time: '2018-11-14T08:25:53'
System info: host: 'DAPL-ASSET-180', ip: '192.168.43.246', os.name: 'Windows 8.1', os.arch: 'amd64', os.version: '6.3', java.version: '1.8.0_181'
Driver info: org.openqa.selenium.chrome.ChromeDriver
Capabilities {acceptInsecureCerts: false, browserName: chrome, browserVersion: 76.0.3809.100, chrome: {chromedriverVersion: 76.0.3809.25 (a0c95f440512e..., userDataDir: C:\Users\DAPL-A~1\AppData\L...}, goog:chromeOptions: {debuggerAddress: localhost:57850}, javascriptEnabled: true, networkConnectionEnabled: false, pageLoadStrategy: normal, platform: XP, platformName: XP, proxy: Proxy(), setWindowRect: true, strictFileInteractability: false, timeouts: {implicit: 0, pageLoad: 300000, script: 30000}, unhandledPromptBehavior: dismiss and notify}
Session ID: c9a9571048248d150f326728308f5665</message>
    <frame>
      <class>org.openqa.selenium.remote.http.W3CHttpResponseCodec</class>
      <method>createException</method>
      <line>187</line>
    </frame>
    <frame>
      <class>org.openqa.selenium.remote.http.W3CHttpResponseCodec</class>
      <method>decode</method>
      <line>122</line>
    </frame>
    <frame>
      <class>org.openqa.selenium.remote.http.W3CHttpResponseCodec</class>
      <method>decode</method>
      <line>49</line>
    </frame>
    <frame>
      <class>org.openqa.selenium.remote.HttpCommandExecutor</class>
      <method>execute</method>
      <line>158</line>
    </frame>
    <frame>
      <class>org.openqa.selenium.remote.service.DriverCommandExecutor</class>
      <method>execute</method>
      <line>83</line>
    </frame>
    <frame>
      <class>org.openqa.selenium.remote.RemoteWebDriver</class>
      <method>execute</method>
      <line>552</line>
    </frame>
    <frame>
      <class>org.openqa.selenium.remote.RemoteWebElement</class>
      <method>execute</method>
      <line>285</line>
    </frame>
    <frame>
      <class>org.openqa.selenium.remote.RemoteWebElement</class>
      <method>click</method>
      <line>84</line>
    </frame>
    <frame>
      <class>org.openqa.selenium.WebElement$click</class>
      <method>call</method>
    </frame>
    <frame>
      <class>EditListing</class>
      <method>run</method>
      <line>36</line>
    </frame>
    <frame>
      <class>com.kms.katalon.core.main.ScriptEngine</class>
      <method>run</method>
      <line>194</line>
    </frame>
    <frame>
      <class>com.kms.katalon.core.main.ScriptEngine</class>
      <method>runScriptAsRawText</method>
      <line>119</line>
    </frame>
    <frame>
      <class>com.kms.katalon.core.main.TestCaseExecutor</class>
      <method>runScript</method>
      <line>337</line>
    </frame>
    <frame>
      <class>com.kms.katalon.core.main.TestCaseExecutor</class>
      <method>doExecute</method>
      <line>328</line>
    </frame>
    <frame>
      <class>com.kms.katalon.core.main.TestCaseExecutor</class>
      <method>processExecutionPhase</method>
      <line>307</line>
    </frame>
    <frame>
      <class>com.kms.katalon.core.main.TestCaseExecutor</class>
      <method>accessMainPhase</method>
      <line>299</line>
    </frame>
    <frame>
      <class>com.kms.katalon.core.main.TestCaseExecutor</class>
      <method>execute</method>
      <line>233</line>
    </frame>
    <frame>
      <class>com.kms.katalon.core.main.TestSuiteExecutor</class>
      <method>accessTestCaseMainPhase</method>
      <line>133</line>
    </frame>
    <frame>
      <class>com.kms.katalon.core.main.TestSuiteExecutor</class>
      <method>accessTestSuiteMainPhase</method>
      <line>116</line>
    </frame>
    <frame>
      <class>com.kms.katalon.core.main.TestSuiteExecutor</class>
      <method>execute</method>
      <line>83</line>
    </frame>
    <frame>
      <class>com.kms.katalon.core.main.TestCaseMain</class>
      <method>startTestSuite</method>
      <line>157</line>
    </frame>
    <frame>
      <class>com.kms.katalon.core.main.TestCaseMain$startTestSuite$0</class>
      <method>call</method>
    </frame>
    <frame>
      <class>TempTestSuite1566056976474</class>
      <method>run</method>
      <line>35</line>
    </frame>
  </exception>
  <nestedLevel>0</nestedLevel>
  <property name="failed.exception.stacktrace">org.openqa.selenium.ElementClickInterceptedException: element click intercepted: Element &lt;a href=\&quot;javascript:void(0)\&quot; class=\&quot;login-trigger btn-lg\&quot; data-toggle=\&quot;modal\&quot; data-target=\&quot;#myModal-login\&quot;&gt;...&lt;/a&gt; is not clickable at point (1064, 45). Other element would receive the click: &lt;div class=\&quot;modal-content\&quot;&gt;...&lt;/div&gt;\n  (Session info: chrome=76.0.3809.100)\nBuild info: version: &apos;3.141.59&apos;, revision: &apos;e82be7d358&apos;, time: &apos;2018-11-14T08:25:53&apos;\nSystem info: host: &apos;DAPL-ASSET-180&apos;, ip: &apos;192.168.43.246&apos;, os.name: &apos;Windows 8.1&apos;, os.arch: &apos;amd64&apos;, os.version: &apos;6.3&apos;, java.version: &apos;1.8.0_181&apos;\nDriver info: org.openqa.selenium.chrome.ChromeDriver\nCapabilities {acceptInsecureCerts: false, browserName: chrome, browserVersion: 76.0.3809.100, chrome: {chromedriverVersion: 76.0.3809.25 (a0c95f440512e..., userDataDir: C:\\Users\\DAPL-A~1\\AppData\\L...}, goog:chromeOptions: {debuggerAddress: localhost:57850}, javascriptEnabled: true, networkConnectionEnabled: false, pageLoadStrategy: normal, platform: XP, platformName: XP, proxy: Proxy(), setWindowRect: true, strictFileInteractability: false, timeouts: {implicit: 0, pageLoad: 300000, script: 30000}, unhandledPromptBehavior: dismiss and notify}\nSession ID: c9a9571048248d150f326728308f5665\r\n\tat org.openqa.selenium.remote.http.W3CHttpResponseCodec.createException(W3CHttpResponseCodec.java:187)\r\n\tat org.openqa.selenium.remote.http.W3CHttpResponseCodec.decode(W3CHttpResponseCodec.java:122)\r\n\tat org.openqa.selenium.remote.http.W3CHttpResponseCodec.decode(W3CHttpResponseCodec.java:49)\r\n\tat org.openqa.selenium.remote.HttpCommandExecutor.execute(HttpCommandExecutor.java:158)\r\n\tat org.openqa.selenium.remote.service.DriverCommandExecutor.execute(DriverCommandExecutor.java:83)\r\n\tat org.openqa.selenium.remote.RemoteWebDriver.execute(RemoteWebDriver.java:552)\r\n\tat org.openqa.selenium.remote.RemoteWebElement.execute(RemoteWebElement.java:285)\r\n\tat org.openqa.selenium.remote.RemoteWebElement.click(RemoteWebElement.java:84)\r\n\tat org.openqa.selenium.WebElement$click.call(Unknown Source)\r\n\tat EditListing.run(EditListing:36)\r\n\tat com.kms.katalon.core.main.ScriptEngine.run(ScriptEngine.java:194)\r\n\tat com.kms.katalon.core.main.ScriptEngine.runScriptAsRawText(ScriptEngine.java:119)\r\n\tat com.kms.katalon.core.main.TestCaseExecutor.runScript(TestCaseExecutor.java:337)\r\n\tat com.kms.katalon.core.main.TestCaseExecutor.doExecute(TestCaseExecutor.java:328)\r\n\tat com.kms.katalon.core.main.TestCaseExecutor.processExecutionPhase(TestCaseExecutor.java:307)\r\n\tat com.kms.katalon.core.main.TestCaseExecutor.accessMainPhase(TestCaseExecutor.java:299)\r\n\tat com.kms.katalon.core.main.TestCaseExecutor.execute(TestCaseExecutor.java:233)\r\n\tat com.kms.katalon.core.main.TestSuiteExecutor.accessTestCaseMainPhase(TestSuiteExecutor.java:133)\r\n\tat com.kms.katalon.core.main.TestSuiteExecutor.accessTestSuiteMainPhase(TestSuiteExecutor.java:116)\r\n\tat com.kms.katalon.core.main.TestSuiteExecutor.execute(TestSuiteExecutor.java:83)\r\n\tat com.kms.katalon.core.main.TestCaseMain.startTestSuite(TestCaseMain.java:157)\r\n\tat com.kms.katalon.core.main.TestCaseMain$startTestSuite$0.call(Unknown Source)\r\n\tat TempTestSuite1566056976474.run(TempTestSuite1566056976474.groovy:35)\r\n</property>
  <property name="failed.exception.class">org.openqa.selenium.ElementClickInterceptedException</property>
  <property name="failed.exception.message">element click intercepted: Element &lt;a href=\&quot;javascript:void(0)\&quot; class=\&quot;login-trigger btn-lg\&quot; data-toggle=\&quot;modal\&quot; data-target=\&quot;#myModal-login\&quot;&gt;...&lt;/a&gt; is not clickable at point (1064, 45). Other element would receive the click: &lt;div class=\&quot;modal-content\&quot;&gt;...&lt;/div&gt;\n  (Session info: chrome=76.0.3809.100)\nBuild info: version: &apos;3.141.59&apos;, revision: &apos;e82be7d358&apos;, time: &apos;2018-11-14T08:25:53&apos;\nSystem info: host: &apos;DAPL-ASSET-180&apos;, ip: &apos;192.168.43.246&apos;, os.name: &apos;Windows 8.1&apos;, os.arch: &apos;amd64&apos;, os.version: &apos;6.3&apos;, java.version: &apos;1.8.0_181&apos;\nDriver info: org.openqa.selenium.chrome.ChromeDriver\nCapabilities {acceptInsecureCerts: false, browserName: chrome, browserVersion: 76.0.3809.100, chrome: {chromedriverVersion: 76.0.3809.25 (a0c95f440512e..., userDataDir: C:\\Users\\DAPL-A~1\\AppData\\L...}, goog:chromeOptions: {debuggerAddress: localhost:57850}, javascriptEnabled: true, networkConnectionEnabled: false, pageLoadStrategy: normal, platform: XP, platformName: XP, proxy: Proxy(), setWindowRect: true, strictFileInteractability: false, timeouts: {implicit: 0, pageLoad: 300000, script: 30000}, unhandledPromptBehavior: dismiss and notify}\nSession ID: c9a9571048248d150f326728308f5665</property>
</record>
<record>
  <date>2019-08-17T21:20:19</date>
  <millis>1566057019693</millis>
  <sequence>68</sequence>
  <level>END</level>
  <class>com.kms.katalon.core.logging.XmlKeywordLogger</class>
  <method>endTest</method>
  <thread>1</thread>
  <message>End Test Case : Test Cases/Workilo/Listing/Edit Listing/EditListing</message>
  <nestedLevel>0</nestedLevel>
</record>
<record>
  <date>2019-08-17T21:20:19</date>
  <millis>1566057019694</millis>
  <sequence>69</sequence>
  <level>START</level>
  <class>com.kms.katalon.core.logging.XmlKeywordLogger</class>
  <method>startKeyword</method>
  <thread>1</thread>
  <message>Start listener action : exportKatalonReports</message>
  <nestedLevel>0</nestedLevel>
</record>
<record>
  <date>2019-08-17T21:20:20</date>
  <millis>1566057020127</millis>
  <sequence>195</sequence>
  <level>INFO</level>
  <class>com.kms.katalon.core.logging.XmlKeywordLogger</class>
  <method>logMessage</method>
  <thread>1</thread>
  <message>Start generating HTML report folder at: C:\\Users\\DAPL-Asset-180\\Desktop\\project folder\\Workilo\\WorkiloAutomation(14.8.19)\\Reports\\Listing\\20190817_211936...</message>
  <nestedLevel>0</nestedLevel>
</record>
<record>
  <date>2019-08-17T21:20:20</date>
  <millis>1566057020647</millis>
  <sequence>196</sequence>
  <level>INFO</level>
  <class>com.kms.katalon.core.logging.XmlKeywordLogger</class>
  <method>logMessage</method>
  <thread>1</thread>
  <message>HTML report generated</message>
  <nestedLevel>0</nestedLevel>
</record>
<record>
  <date>2019-08-17T21:20:20</date>
  <millis>1566057020649</millis>
  <sequence>197</sequence>
  <level>INFO</level>
  <class>com.kms.katalon.core.logging.XmlKeywordLogger</class>
  <method>logMessage</method>
  <thread>1</thread>
  <message>Start generating CSV report folder at: C:\\Users\\DAPL-Asset-180\\Desktop\\project folder\\Workilo\\WorkiloAutomation(14.8.19)\\Reports\\Listing\\20190817_211936...</message>
  <nestedLevel>0</nestedLevel>
</record>
<record>
  <date>2019-08-17T21:20:20</date>
  <millis>1566057020707</millis>
  <sequence>198</sequence>
  <level>INFO</level>
  <class>com.kms.katalon.core.logging.XmlKeywordLogger</class>
  <method>logMessage</method>
  <thread>1</thread>
  <message>CSV report generated</message>
  <nestedLevel>0</nestedLevel>
</record>
<record>
  <date>2019-08-17T21:20:20</date>
  <millis>1566057020708</millis>
  <sequence>199</sequence>
  <level>INFO</level>
  <class>com.kms.katalon.core.logging.XmlKeywordLogger</class>
  <method>logMessage</method>
  <thread>1</thread>
  <message>Start generating JUnit report folder at: C:\\Users\\DAPL-Asset-180\\Desktop\\project folder\\Workilo\\WorkiloAutomation(14.8.19)\\Reports\\Listing\\20190817_211936...</message>
  <nestedLevel>0</nestedLevel>
</record>
<record>
  <date>2019-08-17T21:20:21</date>
  <millis>1566057021042</millis>
  <sequence>200</sequence>
  <level>INFO</level>
  <class>com.kms.katalon.core.logging.XmlKeywordLogger</class>
  <method>logMessage</method>
  <thread>1</thread>
  <message>JUnit report generated</message>
  <nestedLevel>0</nestedLevel>
</record>
<record>
  <date>2019-08-17T21:20:21</date>
  <millis>1566057021044</millis>
  <sequence>201</sequence>
  <level>INFO</level>
  <class>com.kms.katalon.core.logging.XmlKeywordLogger</class>
  <method>logMessage</method>
  <thread>1</thread>
  <message>Start generating PDF report folder at: C:\\Users\\DAPL-Asset-180\\Desktop\\project folder\\Workilo\\WorkiloAutomation(14.8.19)\\Reports\\Listing\\20190817_211936...</message>
  <nestedLevel>0</nestedLevel>
</record>
<record>
  <date>2019-08-17T21:20:32</date>
  <millis>1566057032553</millis>
  <sequence>202</sequence>
  <level>INFO</level>
  <class>com.kms.katalon.core.logging.XmlKeywordLogger</class>
  <method>logMessage</method>
  <thread>1</thread>
  <message>PDF report generated</message>
  <nestedLevel>0</nestedLevel>
</record>
<record>
  <date>2019-08-17T21:20:32</date>
  <millis>1566057032554</millis>
  <sequence>204</sequence>
  <level>END</level>
  <class>com.kms.katalon.core.logging.XmlKeywordLogger</class>
  <method>endKeyword</method>
  <thread>1</thread>
  <message>End listener action : exportKatalonReports</message>
  <nestedLevel>0</nestedLevel>
</record>
<record>
  <date>2019-08-17T21:20:32</date>
  <millis>1566057032674</millis>
  <sequence>205</sequence>
  <level>END</level>
  <class>com.kms.katalon.core.logging.XmlKeywordLogger</class>
  <method>endSuite</method>
  <thread>1</thread>
  <message>End Test Suite : Test Suites/Listing</message>
  <nestedLevel>0</nestedLevel>
</record>
</log>