<?xml version="1.0" encoding="UTF-8" standalone="no"?>
<!DOCTYPE log SYSTEM "logger.dtd">
<log>
<record>
  <date>2019-08-17T20:20:03</date>
  <millis>1566053403301</millis>
  <sequence>0</sequence>
  <level>START</level>
  <class>com.kms.katalon.core.logging.XmlKeywordLogger</class>
  <method>startSuite</method>
  <thread>1</thread>
  <message>Start Test Suite : Test Suites/SignUp</message>
  <nestedLevel>0</nestedLevel>
  <property name="name">SignUp</property>
  <property name="description"></property>
  <property name="id">Test Suites/SignUp</property>
</record>
<record>
  <date>2019-08-17T20:20:03</date>
  <millis>1566053403330</millis>
  <sequence>1</sequence>
  <level>RUN_DATA</level>
  <class>com.kms.katalon.core.logging.XmlKeywordLogger</class>
  <method>logMessage</method>
  <thread>1</thread>
  <message>hostName = DAPL-Asset-180 - DAPL-Asset-180</message>
  <nestedLevel>0</nestedLevel>
  <property name="hostName">DAPL-Asset-180 - DAPL-Asset-180</property>
</record>
<record>
  <date>2019-08-17T20:20:03</date>
  <millis>1566053403332</millis>
  <sequence>2</sequence>
  <level>RUN_DATA</level>
  <class>com.kms.katalon.core.logging.XmlKeywordLogger</class>
  <method>logMessage</method>
  <thread>1</thread>
  <message>os = Windows 8.1 64bit</message>
  <nestedLevel>0</nestedLevel>
  <property name="os">Windows 8.1 64bit</property>
</record>
<record>
  <date>2019-08-17T20:20:03</date>
  <millis>1566053403333</millis>
  <sequence>3</sequence>
  <level>RUN_DATA</level>
  <class>com.kms.katalon.core.logging.XmlKeywordLogger</class>
  <method>logMessage</method>
  <thread>1</thread>
  <message>hostAddress = 192.168.43.246</message>
  <nestedLevel>0</nestedLevel>
  <property name="hostAddress">192.168.43.246</property>
</record>
<record>
  <date>2019-08-17T20:20:03</date>
  <millis>1566053403334</millis>
  <sequence>4</sequence>
  <level>RUN_DATA</level>
  <class>com.kms.katalon.core.logging.XmlKeywordLogger</class>
  <method>logMessage</method>
  <thread>1</thread>
  <message>katalonVersion = 6.2.1.2</message>
  <nestedLevel>0</nestedLevel>
  <property name="katalonVersion">6.2.1.2</property>
</record>
<record>
  <date>2019-08-17T20:20:03</date>
  <millis>1566053403785</millis>
  <sequence>5</sequence>
  <level>START</level>
  <class>com.kms.katalon.core.logging.XmlKeywordLogger</class>
  <method>startTest</method>
  <thread>1</thread>
  <message>Start Test Case : Test Cases/Workilo/Sign Up/RegistrationValidation/SignUpValidationInvalidEmail</message>
  <nestedLevel>1</nestedLevel>
  <property name="name">Test Cases/Workilo/Sign Up/RegistrationValidation/SignUpValidationInvalidEmail</property>
  <property name="description"></property>
  <property name="id">Test Cases/Workilo/Sign Up/RegistrationValidation/SignUpValidationInvalidEmail</property>
  <property name="source">C:\\Users\\DAPL-Asset-180\\Desktop\\project folder\\Workilo\\WorkiloAutomation(14.8.19)\\Test Cases\\Workilo\\Sign Up\\RegistrationValidation\\SignUpValidationInvalidEmail.tc</property>
  <property name="tag"></property>
  <property name="isOptional">false</property>
</record>
<record>
  <date>2019-08-17T20:20:04</date>
  <millis>1566053404117</millis>
  <sequence>7</sequence>
  <level>INFO</level>
  <class>com.kms.katalon.core.logging.XmlKeywordLogger</class>
  <method>logMessage</method>
  <thread>1</thread>
  <message>(Default) chromePath = C:\\\\Users\\\\DAPL-Asset-180\\\\Desktop\\lib\\\\webdriver\\\\chromedriver_win321\\\\chromedriver.exe</message>
  <nestedLevel>1</nestedLevel>
</record>
<record>
  <date>2019-08-17T20:20:04</date>
  <millis>1566053404457</millis>
  <sequence>8</sequence>
  <level>START</level>
  <class>com.kms.katalon.core.logging.XmlKeywordLogger</class>
  <method>startKeyword</method>
  <thread>1</thread>
  <message>Start action : System.setProperty(\&amp;quot;webdriver.chrome.driver\&amp;quot;, chromePath)</message>
  <nestedLevel>1</nestedLevel>
  <property name="startLine">8</property>
  <property name="stepIndex">1</property>
</record>
<record>
  <date>2019-08-17T20:20:04</date>
  <millis>1566053404463</millis>
  <sequence>9</sequence>
  <level>END</level>
  <class>com.kms.katalon.core.logging.XmlKeywordLogger</class>
  <method>endKeyword</method>
  <thread>1</thread>
  <message>End action : System.setProperty(\&amp;quot;webdriver.chrome.driver\&amp;quot;, chromePath)</message>
  <nestedLevel>1</nestedLevel>
</record>
<record>
  <date>2019-08-17T20:20:04</date>
  <millis>1566053404464</millis>
  <sequence>10</sequence>
  <level>START</level>
  <class>com.kms.katalon.core.logging.XmlKeywordLogger</class>
  <method>startKeyword</method>
  <thread>1</thread>
  <message>Start action : driver = new org.openqa.selenium.chrome.ChromeDriver()</message>
  <nestedLevel>1</nestedLevel>
  <property name="startLine">10</property>
  <property name="stepIndex">2</property>
</record>
<record>
  <date>2019-08-17T20:20:08</date>
  <millis>1566053408291</millis>
  <sequence>12</sequence>
  <level>END</level>
  <class>com.kms.katalon.core.logging.XmlKeywordLogger</class>
  <method>endKeyword</method>
  <thread>1</thread>
  <message>End action : driver = new org.openqa.selenium.chrome.ChromeDriver()</message>
  <nestedLevel>1</nestedLevel>
</record>
<record>
  <date>2019-08-17T20:20:08</date>
  <millis>1566053408292</millis>
  <sequence>13</sequence>
  <level>START</level>
  <class>com.kms.katalon.core.logging.XmlKeywordLogger</class>
  <method>startKeyword</method>
  <thread>1</thread>
  <message>Start action : window().maximize()</message>
  <nestedLevel>1</nestedLevel>
  <property name="startLine">12</property>
  <property name="stepIndex">3</property>
</record>
<record>
  <date>2019-08-17T20:20:09</date>
  <millis>1566053409467</millis>
  <sequence>14</sequence>
  <level>END</level>
  <class>com.kms.katalon.core.logging.XmlKeywordLogger</class>
  <method>endKeyword</method>
  <thread>1</thread>
  <message>End action : window().maximize()</message>
  <nestedLevel>1</nestedLevel>
</record>
<record>
  <date>2019-08-17T20:20:09</date>
  <millis>1566053409468</millis>
  <sequence>15</sequence>
  <level>START</level>
  <class>com.kms.katalon.core.logging.XmlKeywordLogger</class>
  <method>startKeyword</method>
  <thread>1</thread>
  <message>Start action : driver.get(\&amp;quot;http://workilo.com\&amp;quot;)</message>
  <nestedLevel>1</nestedLevel>
  <property name="startLine">14</property>
  <property name="stepIndex">4</property>
</record>
<record>
  <date>2019-08-17T20:20:18</date>
  <millis>1566053418915</millis>
  <sequence>16</sequence>
  <level>END</level>
  <class>com.kms.katalon.core.logging.XmlKeywordLogger</class>
  <method>endKeyword</method>
  <thread>1</thread>
  <message>End action : driver.get(\&amp;quot;http://workilo.com\&amp;quot;)</message>
  <nestedLevel>1</nestedLevel>
</record>
<record>
  <date>2019-08-17T20:20:18</date>
  <millis>1566053418916</millis>
  <sequence>17</sequence>
  <level>START</level>
  <class>com.kms.katalon.core.logging.XmlKeywordLogger</class>
  <method>startKeyword</method>
  <thread>1</thread>
  <message>Start action : timeouts().implicitlyWait(30, SECONDS)</message>
  <nestedLevel>1</nestedLevel>
  <property name="startLine">16</property>
  <property name="stepIndex">5</property>
</record>
<record>
  <date>2019-08-17T20:20:18</date>
  <millis>1566053418940</millis>
  <sequence>18</sequence>
  <level>END</level>
  <class>com.kms.katalon.core.logging.XmlKeywordLogger</class>
  <method>endKeyword</method>
  <thread>1</thread>
  <message>End action : timeouts().implicitlyWait(30, SECONDS)</message>
  <nestedLevel>1</nestedLevel>
</record>
<record>
  <date>2019-08-17T20:20:18</date>
  <millis>1566053418940</millis>
  <sequence>19</sequence>
  <level>START</level>
  <class>com.kms.katalon.core.logging.XmlKeywordLogger</class>
  <method>startKeyword</method>
  <thread>1</thread>
  <message>Start action : linkText(\&amp;quot;Sign Up\&amp;quot;)).click()</message>
  <nestedLevel>1</nestedLevel>
  <property name="startLine">18</property>
  <property name="stepIndex">6</property>
</record>
<record>
  <date>2019-08-17T20:20:19</date>
  <millis>1566053419096</millis>
  <sequence>20</sequence>
  <level>END</level>
  <class>com.kms.katalon.core.logging.XmlKeywordLogger</class>
  <method>endKeyword</method>
  <thread>1</thread>
  <message>End action : linkText(\&amp;quot;Sign Up\&amp;quot;)).click()</message>
  <nestedLevel>1</nestedLevel>
</record>
<record>
  <date>2019-08-17T20:20:19</date>
  <millis>1566053419097</millis>
  <sequence>21</sequence>
  <level>START</level>
  <class>com.kms.katalon.core.logging.XmlKeywordLogger</class>
  <method>startKeyword</method>
  <thread>1</thread>
  <message>Start action : Thread.sleep(2000)</message>
  <nestedLevel>1</nestedLevel>
  <property name="startLine">20</property>
  <property name="stepIndex">7</property>
</record>
<record>
  <date>2019-08-17T20:20:21</date>
  <millis>1566053421108</millis>
  <sequence>22</sequence>
  <level>END</level>
  <class>com.kms.katalon.core.logging.XmlKeywordLogger</class>
  <method>endKeyword</method>
  <thread>1</thread>
  <message>End action : Thread.sleep(2000)</message>
  <nestedLevel>1</nestedLevel>
</record>
<record>
  <date>2019-08-17T20:20:21</date>
  <millis>1566053421109</millis>
  <sequence>23</sequence>
  <level>START</level>
  <class>com.kms.katalon.core.logging.XmlKeywordLogger</class>
  <method>startKeyword</method>
  <thread>1</thread>
  <message>Start action : xpath(\&amp;quot;//*[text()=&amp;apos;Client&amp;apos;]\&amp;quot;)).click()</message>
  <nestedLevel>1</nestedLevel>
  <property name="startLine">22</property>
  <property name="stepIndex">8</property>
</record>
<record>
  <date>2019-08-17T20:20:21</date>
  <millis>1566053421229</millis>
  <sequence>24</sequence>
  <level>END</level>
  <class>com.kms.katalon.core.logging.XmlKeywordLogger</class>
  <method>endKeyword</method>
  <thread>1</thread>
  <message>End action : xpath(\&amp;quot;//*[text()=&amp;apos;Client&amp;apos;]\&amp;quot;)).click()</message>
  <nestedLevel>1</nestedLevel>
</record>
<record>
  <date>2019-08-17T20:20:21</date>
  <millis>1566053421230</millis>
  <sequence>25</sequence>
  <level>START</level>
  <class>com.kms.katalon.core.logging.XmlKeywordLogger</class>
  <method>startKeyword</method>
  <thread>1</thread>
  <message>Start action : Thread.sleep(2000)</message>
  <nestedLevel>1</nestedLevel>
  <property name="startLine">24</property>
  <property name="stepIndex">9</property>
</record>
<record>
  <date>2019-08-17T20:20:23</date>
  <millis>1566053423231</millis>
  <sequence>26</sequence>
  <level>END</level>
  <class>com.kms.katalon.core.logging.XmlKeywordLogger</class>
  <method>endKeyword</method>
  <thread>1</thread>
  <message>End action : Thread.sleep(2000)</message>
  <nestedLevel>1</nestedLevel>
</record>
<record>
  <date>2019-08-17T20:20:23</date>
  <millis>1566053423232</millis>
  <sequence>27</sequence>
  <level>START</level>
  <class>com.kms.katalon.core.logging.XmlKeywordLogger</class>
  <method>startKeyword</method>
  <thread>1</thread>
  <message>Start action : id(\&amp;quot;email\&amp;quot;)).sendKeys(\&amp;quot;shahbaz.dapl123gmail.com\&amp;quot;)</message>
  <nestedLevel>1</nestedLevel>
  <property name="startLine">26</property>
  <property name="stepIndex">10</property>
</record>
<record>
  <date>2019-08-17T20:20:23</date>
  <millis>1566053423460</millis>
  <sequence>28</sequence>
  <level>END</level>
  <class>com.kms.katalon.core.logging.XmlKeywordLogger</class>
  <method>endKeyword</method>
  <thread>1</thread>
  <message>End action : id(\&amp;quot;email\&amp;quot;)).sendKeys(\&amp;quot;shahbaz.dapl123gmail.com\&amp;quot;)</message>
  <nestedLevel>1</nestedLevel>
</record>
<record>
  <date>2019-08-17T20:20:23</date>
  <millis>1566053423460</millis>
  <sequence>29</sequence>
  <level>START</level>
  <class>com.kms.katalon.core.logging.XmlKeywordLogger</class>
  <method>startKeyword</method>
  <thread>1</thread>
  <message>Start action : id(\&amp;quot;firstName\&amp;quot;)).sendKeys(\&amp;quot;Shahbaz\&amp;quot;)</message>
  <nestedLevel>1</nestedLevel>
  <property name="startLine">28</property>
  <property name="stepIndex">11</property>
</record>
<record>
  <date>2019-08-17T20:20:23</date>
  <millis>1566053423611</millis>
  <sequence>30</sequence>
  <level>END</level>
  <class>com.kms.katalon.core.logging.XmlKeywordLogger</class>
  <method>endKeyword</method>
  <thread>1</thread>
  <message>End action : id(\&amp;quot;firstName\&amp;quot;)).sendKeys(\&amp;quot;Shahbaz\&amp;quot;)</message>
  <nestedLevel>1</nestedLevel>
</record>
<record>
  <date>2019-08-17T20:20:23</date>
  <millis>1566053423612</millis>
  <sequence>31</sequence>
  <level>START</level>
  <class>com.kms.katalon.core.logging.XmlKeywordLogger</class>
  <method>startKeyword</method>
  <thread>1</thread>
  <message>Start action : id(\&amp;quot;lastName\&amp;quot;)).sendKeys(\&amp;quot;Farooque\&amp;quot;)</message>
  <nestedLevel>1</nestedLevel>
  <property name="startLine">30</property>
  <property name="stepIndex">12</property>
</record>
<record>
  <date>2019-08-17T20:20:23</date>
  <millis>1566053423799</millis>
  <sequence>32</sequence>
  <level>END</level>
  <class>com.kms.katalon.core.logging.XmlKeywordLogger</class>
  <method>endKeyword</method>
  <thread>1</thread>
  <message>End action : id(\&amp;quot;lastName\&amp;quot;)).sendKeys(\&amp;quot;Farooque\&amp;quot;)</message>
  <nestedLevel>1</nestedLevel>
</record>
<record>
  <date>2019-08-17T20:20:23</date>
  <millis>1566053423800</millis>
  <sequence>33</sequence>
  <level>START</level>
  <class>com.kms.katalon.core.logging.XmlKeywordLogger</class>
  <method>startKeyword</method>
  <thread>1</thread>
  <message>Start action : id(\&amp;quot;password\&amp;quot;)).sendKeys(\&amp;quot;admin#123\&amp;quot;)</message>
  <nestedLevel>1</nestedLevel>
  <property name="startLine">32</property>
  <property name="stepIndex">13</property>
</record>
<record>
  <date>2019-08-17T20:20:23</date>
  <millis>1566053423957</millis>
  <sequence>34</sequence>
  <level>END</level>
  <class>com.kms.katalon.core.logging.XmlKeywordLogger</class>
  <method>endKeyword</method>
  <thread>1</thread>
  <message>End action : id(\&amp;quot;password\&amp;quot;)).sendKeys(\&amp;quot;admin#123\&amp;quot;)</message>
  <nestedLevel>1</nestedLevel>
</record>
<record>
  <date>2019-08-17T20:20:23</date>
  <millis>1566053423958</millis>
  <sequence>35</sequence>
  <level>START</level>
  <class>com.kms.katalon.core.logging.XmlKeywordLogger</class>
  <method>startKeyword</method>
  <thread>1</thread>
  <message>Start action : id(\&amp;quot;contact_number\&amp;quot;)).sendKeys(\&amp;quot;9663326168\&amp;quot;)</message>
  <nestedLevel>1</nestedLevel>
  <property name="startLine">34</property>
  <property name="stepIndex">14</property>
</record>
<record>
  <date>2019-08-17T20:20:24</date>
  <millis>1566053424132</millis>
  <sequence>36</sequence>
  <level>END</level>
  <class>com.kms.katalon.core.logging.XmlKeywordLogger</class>
  <method>endKeyword</method>
  <thread>1</thread>
  <message>End action : id(\&amp;quot;contact_number\&amp;quot;)).sendKeys(\&amp;quot;9663326168\&amp;quot;)</message>
  <nestedLevel>1</nestedLevel>
</record>
<record>
  <date>2019-08-17T20:20:24</date>
  <millis>1566053424133</millis>
  <sequence>37</sequence>
  <level>START</level>
  <class>com.kms.katalon.core.logging.XmlKeywordLogger</class>
  <method>startKeyword</method>
  <thread>1</thread>
  <message>Start action : //*[@value=&amp;apos;Join Workilo!&amp;apos;]\&amp;quot;)).click()</message>
  <nestedLevel>1</nestedLevel>
  <property name="startLine">36</property>
  <property name="stepIndex">15</property>
</record>
<record>
  <date>2019-08-17T20:20:24</date>
  <millis>1566053424250</millis>
  <sequence>38</sequence>
  <level>END</level>
  <class>com.kms.katalon.core.logging.XmlKeywordLogger</class>
  <method>endKeyword</method>
  <thread>1</thread>
  <message>End action : //*[@value=&amp;apos;Join Workilo!&amp;apos;]\&amp;quot;)).click()</message>
  <nestedLevel>1</nestedLevel>
</record>
<record>
  <date>2019-08-17T20:20:24</date>
  <millis>1566053424251</millis>
  <sequence>39</sequence>
  <level>START</level>
  <class>com.kms.katalon.core.logging.XmlKeywordLogger</class>
  <method>startKeyword</method>
  <thread>1</thread>
  <message>Start action : Thread.sleep(2000)</message>
  <nestedLevel>1</nestedLevel>
  <property name="startLine">38</property>
  <property name="stepIndex">16</property>
</record>
<record>
  <date>2019-08-17T20:20:26</date>
  <millis>1566053426255</millis>
  <sequence>40</sequence>
  <level>END</level>
  <class>com.kms.katalon.core.logging.XmlKeywordLogger</class>
  <method>endKeyword</method>
  <thread>1</thread>
  <message>End action : Thread.sleep(2000)</message>
  <nestedLevel>1</nestedLevel>
</record>
<record>
  <date>2019-08-17T20:20:26</date>
  <millis>1566053426256</millis>
  <sequence>41</sequence>
  <level>START</level>
  <class>com.kms.katalon.core.logging.XmlKeywordLogger</class>
  <method>startKeyword</method>
  <thread>1</thread>
  <message>Start action : errorMessage = driver.findElement(By.xpath(\&amp;quot;//*[@id=&amp;apos;signup-form&amp;apos;]/div[1]/label[2]\&amp;quot;))</message>
  <nestedLevel>1</nestedLevel>
  <property name="startLine">40</property>
  <property name="stepIndex">17</property>
</record>
<record>
  <date>2019-08-17T20:20:26</date>
  <millis>1566053426286</millis>
  <sequence>42</sequence>
  <level>END</level>
  <class>com.kms.katalon.core.logging.XmlKeywordLogger</class>
  <method>endKeyword</method>
  <thread>1</thread>
  <message>End action : errorMessage = driver.findElement(By.xpath(\&amp;quot;//*[@id=&amp;apos;signup-form&amp;apos;]/div[1]/label[2]\&amp;quot;))</message>
  <nestedLevel>1</nestedLevel>
</record>
<record>
  <date>2019-08-17T20:20:26</date>
  <millis>1566053426286</millis>
  <sequence>43</sequence>
  <level>START</level>
  <class>com.kms.katalon.core.logging.XmlKeywordLogger</class>
  <method>startKeyword</method>
  <thread>1</thread>
  <message>Start action : js = driver</message>
  <nestedLevel>1</nestedLevel>
  <property name="startLine">42</property>
  <property name="stepIndex">18</property>
</record>
<record>
  <date>2019-08-17T20:20:26</date>
  <millis>1566053426286</millis>
  <sequence>44</sequence>
  <level>END</level>
  <class>com.kms.katalon.core.logging.XmlKeywordLogger</class>
  <method>endKeyword</method>
  <thread>1</thread>
  <message>End action : js = driver</message>
  <nestedLevel>1</nestedLevel>
</record>
<record>
  <date>2019-08-17T20:20:26</date>
  <millis>1566053426301</millis>
  <sequence>45</sequence>
  <level>START</level>
  <class>com.kms.katalon.core.logging.XmlKeywordLogger</class>
  <method>startKeyword</method>
  <thread>1</thread>
  <message>Start action : js.executeScript(\&amp;quot;arguments[0].style.border=&amp;apos;3px solid red&amp;apos;\&amp;quot;, errorMessage)</message>
  <nestedLevel>1</nestedLevel>
  <property name="startLine">44</property>
  <property name="stepIndex">19</property>
</record>
<record>
  <date>2019-08-17T20:20:26</date>
  <millis>1566053426327</millis>
  <sequence>46</sequence>
  <level>END</level>
  <class>com.kms.katalon.core.logging.XmlKeywordLogger</class>
  <method>endKeyword</method>
  <thread>1</thread>
  <message>End action : js.executeScript(\&amp;quot;arguments[0].style.border=&amp;apos;3px solid red&amp;apos;\&amp;quot;, errorMessage)</message>
  <nestedLevel>1</nestedLevel>
</record>
<record>
  <date>2019-08-17T20:20:26</date>
  <millis>1566053426328</millis>
  <sequence>47</sequence>
  <level>START</level>
  <class>com.kms.katalon.core.logging.XmlKeywordLogger</class>
  <method>startKeyword</method>
  <thread>1</thread>
  <message>Start action : Thread.sleep(5000)</message>
  <nestedLevel>1</nestedLevel>
  <property name="startLine">46</property>
  <property name="stepIndex">20</property>
</record>
<record>
  <date>2019-08-17T20:20:31</date>
  <millis>1566053431330</millis>
  <sequence>48</sequence>
  <level>END</level>
  <class>com.kms.katalon.core.logging.XmlKeywordLogger</class>
  <method>endKeyword</method>
  <thread>1</thread>
  <message>End action : Thread.sleep(5000)</message>
  <nestedLevel>1</nestedLevel>
</record>
<record>
  <date>2019-08-17T20:20:31</date>
  <millis>1566053431331</millis>
  <sequence>49</sequence>
  <level>START</level>
  <class>com.kms.katalon.core.logging.XmlKeywordLogger</class>
  <method>startKeyword</method>
  <thread>1</thread>
  <message>Start action : driver.quit()</message>
  <nestedLevel>1</nestedLevel>
  <property name="startLine">48</property>
  <property name="stepIndex">21</property>
</record>
<record>
  <date>2019-08-17T20:20:32</date>
  <millis>1566053432070</millis>
  <sequence>50</sequence>
  <level>END</level>
  <class>com.kms.katalon.core.logging.XmlKeywordLogger</class>
  <method>endKeyword</method>
  <thread>1</thread>
  <message>End action : driver.quit()</message>
  <nestedLevel>1</nestedLevel>
</record>
<record>
  <date>2019-08-17T20:20:32</date>
  <millis>1566053432071</millis>
  <sequence>51</sequence>
  <level>PASSED</level>
  <class>com.kms.katalon.core.logging.XmlKeywordLogger</class>
  <method>logMessage</method>
  <thread>1</thread>
  <message>Test Cases/Workilo/Sign Up/RegistrationValidation/SignUpValidationInvalidEmail</message>
  <nestedLevel>1</nestedLevel>
</record>
<record>
  <date>2019-08-17T20:20:32</date>
  <millis>1566053432072</millis>
  <sequence>52</sequence>
  <level>END</level>
  <class>com.kms.katalon.core.logging.XmlKeywordLogger</class>
  <method>endTest</method>
  <thread>1</thread>
  <message>End Test Case : Test Cases/Workilo/Sign Up/RegistrationValidation/SignUpValidationInvalidEmail</message>
  <nestedLevel>0</nestedLevel>
</record>
<record>
  <date>2019-08-17T20:20:32</date>
  <millis>1566053432072</millis>
  <sequence>53</sequence>
  <level>START</level>
  <class>com.kms.katalon.core.logging.XmlKeywordLogger</class>
  <method>startKeyword</method>
  <thread>1</thread>
  <message>Start listener action : exportKatalonReports</message>
  <nestedLevel>0</nestedLevel>
</record>
<record>
  <date>2019-08-17T20:20:32</date>
  <millis>1566053432359</millis>
  <sequence>159</sequence>
  <level>INFO</level>
  <class>com.kms.katalon.core.logging.XmlKeywordLogger</class>
  <method>logMessage</method>
  <thread>1</thread>
  <message>Start generating HTML report folder at: C:\\Users\\DAPL-Asset-180\\Desktop\\project folder\\Workilo\\WorkiloAutomation(14.8.19)\\Reports\\SignUp\\20190817_201959...</message>
  <nestedLevel>0</nestedLevel>
</record>
<record>
  <date>2019-08-17T20:20:32</date>
  <millis>1566053432733</millis>
  <sequence>160</sequence>
  <level>INFO</level>
  <class>com.kms.katalon.core.logging.XmlKeywordLogger</class>
  <method>logMessage</method>
  <thread>1</thread>
  <message>HTML report generated</message>
  <nestedLevel>0</nestedLevel>
</record>
<record>
  <date>2019-08-17T20:20:32</date>
  <millis>1566053432734</millis>
  <sequence>161</sequence>
  <level>INFO</level>
  <class>com.kms.katalon.core.logging.XmlKeywordLogger</class>
  <method>logMessage</method>
  <thread>1</thread>
  <message>Start generating CSV report folder at: C:\\Users\\DAPL-Asset-180\\Desktop\\project folder\\Workilo\\WorkiloAutomation(14.8.19)\\Reports\\SignUp\\20190817_201959...</message>
  <nestedLevel>0</nestedLevel>
</record>
<record>
  <date>2019-08-17T20:20:32</date>
  <millis>1566053432782</millis>
  <sequence>162</sequence>
  <level>INFO</level>
  <class>com.kms.katalon.core.logging.XmlKeywordLogger</class>
  <method>logMessage</method>
  <thread>1</thread>
  <message>CSV report generated</message>
  <nestedLevel>0</nestedLevel>
</record>
<record>
  <date>2019-08-17T20:20:32</date>
  <millis>1566053432783</millis>
  <sequence>163</sequence>
  <level>INFO</level>
  <class>com.kms.katalon.core.logging.XmlKeywordLogger</class>
  <method>logMessage</method>
  <thread>1</thread>
  <message>Start generating JUnit report folder at: C:\\Users\\DAPL-Asset-180\\Desktop\\project folder\\Workilo\\WorkiloAutomation(14.8.19)\\Reports\\SignUp\\20190817_201959...</message>
  <nestedLevel>0</nestedLevel>
</record>
<record>
  <date>2019-08-17T20:20:33</date>
  <millis>1566053433004</millis>
  <sequence>164</sequence>
  <level>INFO</level>
  <class>com.kms.katalon.core.logging.XmlKeywordLogger</class>
  <method>logMessage</method>
  <thread>1</thread>
  <message>JUnit report generated</message>
  <nestedLevel>0</nestedLevel>
</record>
<record>
  <date>2019-08-17T20:20:33</date>
  <millis>1566053433006</millis>
  <sequence>165</sequence>
  <level>INFO</level>
  <class>com.kms.katalon.core.logging.XmlKeywordLogger</class>
  <method>logMessage</method>
  <thread>1</thread>
  <message>Start generating PDF report folder at: C:\\Users\\DAPL-Asset-180\\Desktop\\project folder\\Workilo\\WorkiloAutomation(14.8.19)\\Reports\\SignUp\\20190817_201959...</message>
  <nestedLevel>0</nestedLevel>
</record>
<record>
  <date>2019-08-17T20:20:39</date>
  <millis>1566053439970</millis>
  <sequence>166</sequence>
  <level>INFO</level>
  <class>com.kms.katalon.core.logging.XmlKeywordLogger</class>
  <method>logMessage</method>
  <thread>1</thread>
  <message>PDF report generated</message>
  <nestedLevel>0</nestedLevel>
</record>
<record>
  <date>2019-08-17T20:20:39</date>
  <millis>1566053439970</millis>
  <sequence>168</sequence>
  <level>END</level>
  <class>com.kms.katalon.core.logging.XmlKeywordLogger</class>
  <method>endKeyword</method>
  <thread>1</thread>
  <message>End listener action : exportKatalonReports</message>
  <nestedLevel>0</nestedLevel>
</record>
<record>
  <date>2019-08-17T20:20:40</date>
  <millis>1566053440067</millis>
  <sequence>169</sequence>
  <level>END</level>
  <class>com.kms.katalon.core.logging.XmlKeywordLogger</class>
  <method>endSuite</method>
  <thread>1</thread>
  <message>End Test Suite : Test Suites/SignUp</message>
  <nestedLevel>0</nestedLevel>
</record>
</log>