<?xml version="1.0" encoding="UTF-8" standalone="no"?>
<!DOCTYPE log SYSTEM "logger.dtd">
<log>
<record>
  <date>2019-08-19T19:57:48</date>
  <millis>1566224868343</millis>
  <sequence>0</sequence>
  <level>START</level>
  <class>com.kms.katalon.core.logging.XmlKeywordLogger</class>
  <method>startSuite</method>
  <thread>1</thread>
  <message>Start Test Suite : Test Suites/Bookings</message>
  <nestedLevel>0</nestedLevel>
  <property name="name">Bookings</property>
  <property name="description"></property>
  <property name="id">Test Suites/Bookings</property>
</record>
<record>
  <date>2019-08-19T19:57:48</date>
  <millis>1566224868381</millis>
  <sequence>1</sequence>
  <level>RUN_DATA</level>
  <class>com.kms.katalon.core.logging.XmlKeywordLogger</class>
  <method>logMessage</method>
  <thread>1</thread>
  <message>hostName = DAPL-Asset-180 - DAPL-Asset-180</message>
  <nestedLevel>0</nestedLevel>
  <property name="hostName">DAPL-Asset-180 - DAPL-Asset-180</property>
</record>
<record>
  <date>2019-08-19T19:57:48</date>
  <millis>1566224868385</millis>
  <sequence>2</sequence>
  <level>RUN_DATA</level>
  <class>com.kms.katalon.core.logging.XmlKeywordLogger</class>
  <method>logMessage</method>
  <thread>1</thread>
  <message>os = Windows 8.1 64bit</message>
  <nestedLevel>0</nestedLevel>
  <property name="os">Windows 8.1 64bit</property>
</record>
<record>
  <date>2019-08-19T19:57:48</date>
  <millis>1566224868386</millis>
  <sequence>3</sequence>
  <level>RUN_DATA</level>
  <class>com.kms.katalon.core.logging.XmlKeywordLogger</class>
  <method>logMessage</method>
  <thread>1</thread>
  <message>hostAddress = 192.168.1.188</message>
  <nestedLevel>0</nestedLevel>
  <property name="hostAddress">192.168.1.188</property>
</record>
<record>
  <date>2019-08-19T19:57:48</date>
  <millis>1566224868389</millis>
  <sequence>4</sequence>
  <level>RUN_DATA</level>
  <class>com.kms.katalon.core.logging.XmlKeywordLogger</class>
  <method>logMessage</method>
  <thread>1</thread>
  <message>katalonVersion = 6.2.1.2</message>
  <nestedLevel>0</nestedLevel>
  <property name="katalonVersion">6.2.1.2</property>
</record>
<record>
  <date>2019-08-19T19:57:49</date>
  <millis>1566224869130</millis>
  <sequence>5</sequence>
  <level>START</level>
  <class>com.kms.katalon.core.logging.XmlKeywordLogger</class>
  <method>startTest</method>
  <thread>1</thread>
  <message>Start Test Case : Test Cases/Workilo/Bookings/ServiceProvider/New Booking Order</message>
  <nestedLevel>1</nestedLevel>
  <property name="name">Test Cases/Workilo/Bookings/ServiceProvider/New Booking Order</property>
  <property name="description"></property>
  <property name="id">Test Cases/Workilo/Bookings/ServiceProvider/New Booking Order</property>
  <property name="source">C:\\Users\\DAPL-Asset-180\\Desktop\\project folder\\Workilo\\WorkiloAutomation(14.8.19)\\Test Cases\\Workilo\\Bookings\\ServiceProvider\\New Booking Order.tc</property>
  <property name="tag"></property>
  <property name="isOptional">false</property>
</record>
<record>
  <date>2019-08-19T19:57:49</date>
  <millis>1566224869882</millis>
  <sequence>7</sequence>
  <level>INFO</level>
  <class>com.kms.katalon.core.logging.XmlKeywordLogger</class>
  <method>logMessage</method>
  <thread>1</thread>
  <message>(Default) chromePath = C:\\\\Users\\\\DAPL-Asset-180\\\\Desktop\\lib\\\\webdriver\\\\chromedriver_win321\\\\chromedriver.exe</message>
  <nestedLevel>1</nestedLevel>
</record>
<record>
  <date>2019-08-19T19:57:49</date>
  <millis>1566224869903</millis>
  <sequence>8</sequence>
  <level>INFO</level>
  <class>com.kms.katalon.core.logging.XmlKeywordLogger</class>
  <method>logMessage</method>
  <thread>1</thread>
  <message>(Default) screenshots = C:\\Users\\DAPL-Asset-180\\Desktop\\screenshots\\SignUp\\</message>
  <nestedLevel>1</nestedLevel>
</record>
<record>
  <date>2019-08-19T19:57:50</date>
  <millis>1566224870903</millis>
  <sequence>9</sequence>
  <level>START</level>
  <class>com.kms.katalon.core.logging.XmlKeywordLogger</class>
  <method>startKeyword</method>
  <thread>1</thread>
  <message>Start action : System.setProperty(\&amp;quot;webdriver.chrome.driver\&amp;quot;, chromePath)</message>
  <nestedLevel>1</nestedLevel>
  <property name="startLine">15</property>
  <property name="stepIndex">1</property>
</record>
<record>
  <date>2019-08-19T19:57:50</date>
  <millis>1566224870912</millis>
  <sequence>10</sequence>
  <level>END</level>
  <class>com.kms.katalon.core.logging.XmlKeywordLogger</class>
  <method>endKeyword</method>
  <thread>1</thread>
  <message>End action : System.setProperty(\&amp;quot;webdriver.chrome.driver\&amp;quot;, chromePath)</message>
  <nestedLevel>1</nestedLevel>
</record>
<record>
  <date>2019-08-19T19:57:50</date>
  <millis>1566224870913</millis>
  <sequence>11</sequence>
  <level>START</level>
  <class>com.kms.katalon.core.logging.XmlKeywordLogger</class>
  <method>startKeyword</method>
  <thread>1</thread>
  <message>Start action : driver = new org.openqa.selenium.chrome.ChromeDriver()</message>
  <nestedLevel>1</nestedLevel>
  <property name="startLine">17</property>
  <property name="stepIndex">2</property>
</record>
<record>
  <date>2019-08-19T19:57:54</date>
  <millis>1566224874465</millis>
  <sequence>13</sequence>
  <level>END</level>
  <class>com.kms.katalon.core.logging.XmlKeywordLogger</class>
  <method>endKeyword</method>
  <thread>1</thread>
  <message>End action : driver = new org.openqa.selenium.chrome.ChromeDriver()</message>
  <nestedLevel>1</nestedLevel>
</record>
<record>
  <date>2019-08-19T19:57:54</date>
  <millis>1566224874466</millis>
  <sequence>14</sequence>
  <level>START</level>
  <class>com.kms.katalon.core.logging.XmlKeywordLogger</class>
  <method>startKeyword</method>
  <thread>1</thread>
  <message>Start action : window().maximize()</message>
  <nestedLevel>1</nestedLevel>
  <property name="startLine">19</property>
  <property name="stepIndex">3</property>
</record>
<record>
  <date>2019-08-19T19:57:55</date>
  <millis>1566224875625</millis>
  <sequence>15</sequence>
  <level>END</level>
  <class>com.kms.katalon.core.logging.XmlKeywordLogger</class>
  <method>endKeyword</method>
  <thread>1</thread>
  <message>End action : window().maximize()</message>
  <nestedLevel>1</nestedLevel>
</record>
<record>
  <date>2019-08-19T19:57:55</date>
  <millis>1566224875627</millis>
  <sequence>16</sequence>
  <level>START</level>
  <class>com.kms.katalon.core.logging.XmlKeywordLogger</class>
  <method>startKeyword</method>
  <thread>1</thread>
  <message>Start action : driver.get(\&amp;quot;http://workilo.com\&amp;quot;)</message>
  <nestedLevel>1</nestedLevel>
  <property name="startLine">21</property>
  <property name="stepIndex">4</property>
</record>
<record>
  <date>2019-08-19T19:58:12</date>
  <millis>1566224892657</millis>
  <sequence>17</sequence>
  <level>END</level>
  <class>com.kms.katalon.core.logging.XmlKeywordLogger</class>
  <method>endKeyword</method>
  <thread>1</thread>
  <message>End action : driver.get(\&amp;quot;http://workilo.com\&amp;quot;)</message>
  <nestedLevel>1</nestedLevel>
</record>
<record>
  <date>2019-08-19T19:58:12</date>
  <millis>1566224892657</millis>
  <sequence>18</sequence>
  <level>START</level>
  <class>com.kms.katalon.core.logging.XmlKeywordLogger</class>
  <method>startKeyword</method>
  <thread>1</thread>
  <message>Start action : timeouts().implicitlyWait(30, SECONDS)</message>
  <nestedLevel>1</nestedLevel>
  <property name="startLine">23</property>
  <property name="stepIndex">5</property>
</record>
<record>
  <date>2019-08-19T19:58:12</date>
  <millis>1566224892680</millis>
  <sequence>19</sequence>
  <level>END</level>
  <class>com.kms.katalon.core.logging.XmlKeywordLogger</class>
  <method>endKeyword</method>
  <thread>1</thread>
  <message>End action : timeouts().implicitlyWait(30, SECONDS)</message>
  <nestedLevel>1</nestedLevel>
</record>
<record>
  <date>2019-08-19T19:58:12</date>
  <millis>1566224892680</millis>
  <sequence>20</sequence>
  <level>START</level>
  <class>com.kms.katalon.core.logging.XmlKeywordLogger</class>
  <method>startKeyword</method>
  <thread>1</thread>
  <message>Start action : try</message>
  <nestedLevel>1</nestedLevel>
  <property name="startLine">25</property>
  <property name="stepIndex">6</property>
</record>
<record>
  <date>2019-08-19T19:58:12</date>
  <millis>1566224892681</millis>
  <sequence>21</sequence>
  <level>START</level>
  <class>com.kms.katalon.core.logging.XmlKeywordLogger</class>
  <method>startKeyword</method>
  <thread>1</thread>
  <message>Start action : linkText(\&amp;quot;Log In\&amp;quot;)).click()</message>
  <nestedLevel>2</nestedLevel>
  <property name="startLine">26</property>
  <property name="stepIndex">1</property>
</record>
<record>
  <date>2019-08-19T19:58:12</date>
  <millis>1566224892817</millis>
  <sequence>22</sequence>
  <level>END</level>
  <class>com.kms.katalon.core.logging.XmlKeywordLogger</class>
  <method>endKeyword</method>
  <thread>1</thread>
  <message>End action : linkText(\&amp;quot;Log In\&amp;quot;)).click()</message>
  <nestedLevel>2</nestedLevel>
</record>
<record>
  <date>2019-08-19T19:58:12</date>
  <millis>1566224892818</millis>
  <sequence>23</sequence>
  <level>START</level>
  <class>com.kms.katalon.core.logging.XmlKeywordLogger</class>
  <method>startKeyword</method>
  <thread>1</thread>
  <message>Start action : Thread.sleep(2000)</message>
  <nestedLevel>2</nestedLevel>
  <property name="startLine">28</property>
  <property name="stepIndex">2</property>
</record>
<record>
  <date>2019-08-19T19:58:14</date>
  <millis>1566224894832</millis>
  <sequence>24</sequence>
  <level>END</level>
  <class>com.kms.katalon.core.logging.XmlKeywordLogger</class>
  <method>endKeyword</method>
  <thread>1</thread>
  <message>End action : Thread.sleep(2000)</message>
  <nestedLevel>2</nestedLevel>
</record>
<record>
  <date>2019-08-19T19:58:14</date>
  <millis>1566224894832</millis>
  <sequence>25</sequence>
  <level>START</level>
  <class>com.kms.katalon.core.logging.XmlKeywordLogger</class>
  <method>startKeyword</method>
  <thread>1</thread>
  <message>Start action : id(\&amp;quot;email_login\&amp;quot;)).sendKeys(\&amp;quot;testworkilo@gmail.com\&amp;quot;)</message>
  <nestedLevel>2</nestedLevel>
  <property name="startLine">30</property>
  <property name="stepIndex">3</property>
</record>
<record>
  <date>2019-08-19T19:58:15</date>
  <millis>1566224895036</millis>
  <sequence>26</sequence>
  <level>END</level>
  <class>com.kms.katalon.core.logging.XmlKeywordLogger</class>
  <method>endKeyword</method>
  <thread>1</thread>
  <message>End action : id(\&amp;quot;email_login\&amp;quot;)).sendKeys(\&amp;quot;testworkilo@gmail.com\&amp;quot;)</message>
  <nestedLevel>2</nestedLevel>
</record>
<record>
  <date>2019-08-19T19:58:15</date>
  <millis>1566224895037</millis>
  <sequence>27</sequence>
  <level>START</level>
  <class>com.kms.katalon.core.logging.XmlKeywordLogger</class>
  <method>startKeyword</method>
  <thread>1</thread>
  <message>Start action : id(\&amp;quot;password_login\&amp;quot;)).sendKeys(\&amp;quot;admin#123\&amp;quot;)</message>
  <nestedLevel>2</nestedLevel>
  <property name="startLine">32</property>
  <property name="stepIndex">4</property>
</record>
<record>
  <date>2019-08-19T19:58:15</date>
  <millis>1566224895164</millis>
  <sequence>28</sequence>
  <level>END</level>
  <class>com.kms.katalon.core.logging.XmlKeywordLogger</class>
  <method>endKeyword</method>
  <thread>1</thread>
  <message>End action : id(\&amp;quot;password_login\&amp;quot;)).sendKeys(\&amp;quot;admin#123\&amp;quot;)</message>
  <nestedLevel>2</nestedLevel>
</record>
<record>
  <date>2019-08-19T19:58:15</date>
  <millis>1566224895164</millis>
  <sequence>29</sequence>
  <level>START</level>
  <class>com.kms.katalon.core.logging.XmlKeywordLogger</class>
  <method>startKeyword</method>
  <thread>1</thread>
  <message>Start action : //*[@value=&amp;apos;Log in&amp;apos;]\&amp;quot;)).click()</message>
  <nestedLevel>2</nestedLevel>
  <property name="startLine">34</property>
  <property name="stepIndex">5</property>
</record>
<record>
  <date>2019-08-19T19:58:15</date>
  <millis>1566224895319</millis>
  <sequence>30</sequence>
  <level>END</level>
  <class>com.kms.katalon.core.logging.XmlKeywordLogger</class>
  <method>endKeyword</method>
  <thread>1</thread>
  <message>End action : //*[@value=&amp;apos;Log in&amp;apos;]\&amp;quot;)).click()</message>
  <nestedLevel>2</nestedLevel>
</record>
<record>
  <date>2019-08-19T19:58:15</date>
  <millis>1566224895320</millis>
  <sequence>31</sequence>
  <level>START</level>
  <class>com.kms.katalon.core.logging.XmlKeywordLogger</class>
  <method>startKeyword</method>
  <thread>1</thread>
  <message>Start action : Thread.sleep(3000)</message>
  <nestedLevel>2</nestedLevel>
  <property name="startLine">36</property>
  <property name="stepIndex">6</property>
</record>
<record>
  <date>2019-08-19T19:58:18</date>
  <millis>1566224898321</millis>
  <sequence>32</sequence>
  <level>END</level>
  <class>com.kms.katalon.core.logging.XmlKeywordLogger</class>
  <method>endKeyword</method>
  <thread>1</thread>
  <message>End action : Thread.sleep(3000)</message>
  <nestedLevel>2</nestedLevel>
</record>
<record>
  <date>2019-08-19T19:58:18</date>
  <millis>1566224898323</millis>
  <sequence>33</sequence>
  <level>START</level>
  <class>com.kms.katalon.core.logging.XmlKeywordLogger</class>
  <method>startKeyword</method>
  <thread>1</thread>
  <message>Start action : xpath(\&amp;quot;/html/body/header/div/span[3]\&amp;quot;)).click()</message>
  <nestedLevel>2</nestedLevel>
  <property name="startLine">38</property>
  <property name="stepIndex">7</property>
</record>
<record>
  <date>2019-08-19T19:58:21</date>
  <millis>1566224901175</millis>
  <sequence>34</sequence>
  <level>END</level>
  <class>com.kms.katalon.core.logging.XmlKeywordLogger</class>
  <method>endKeyword</method>
  <thread>1</thread>
  <message>End action : xpath(\&amp;quot;/html/body/header/div/span[3]\&amp;quot;)).click()</message>
  <nestedLevel>2</nestedLevel>
</record>
<record>
  <date>2019-08-19T19:58:21</date>
  <millis>1566224901176</millis>
  <sequence>35</sequence>
  <level>START</level>
  <class>com.kms.katalon.core.logging.XmlKeywordLogger</class>
  <method>startKeyword</method>
  <thread>1</thread>
  <message>Start action : Thread.sleep(1000)</message>
  <nestedLevel>2</nestedLevel>
  <property name="startLine">44</property>
  <property name="stepIndex">8</property>
</record>
<record>
  <date>2019-08-19T19:58:22</date>
  <millis>1566224902176</millis>
  <sequence>36</sequence>
  <level>END</level>
  <class>com.kms.katalon.core.logging.XmlKeywordLogger</class>
  <method>endKeyword</method>
  <thread>1</thread>
  <message>End action : Thread.sleep(1000)</message>
  <nestedLevel>2</nestedLevel>
</record>
<record>
  <date>2019-08-19T19:58:22</date>
  <millis>1566224902176</millis>
  <sequence>37</sequence>
  <level>START</level>
  <class>com.kms.katalon.core.logging.XmlKeywordLogger</class>
  <method>startKeyword</method>
  <thread>1</thread>
  <message>Start action : xpath(\&amp;quot;/html/body/div[4]/div/div[1]/ul/li[2]/a\&amp;quot;)).click()</message>
  <nestedLevel>2</nestedLevel>
  <property name="startLine">46</property>
  <property name="stepIndex">9</property>
</record>
<record>
  <date>2019-08-19T19:58:30</date>
  <millis>1566224910239</millis>
  <sequence>38</sequence>
  <level>END</level>
  <class>com.kms.katalon.core.logging.XmlKeywordLogger</class>
  <method>endKeyword</method>
  <thread>1</thread>
  <message>End action : xpath(\&amp;quot;/html/body/div[4]/div/div[1]/ul/li[2]/a\&amp;quot;)).click()</message>
  <nestedLevel>2</nestedLevel>
</record>
<record>
  <date>2019-08-19T19:58:30</date>
  <millis>1566224910240</millis>
  <sequence>39</sequence>
  <level>START</level>
  <class>com.kms.katalon.core.logging.XmlKeywordLogger</class>
  <method>startKeyword</method>
  <thread>1</thread>
  <message>Start action : Thread.sleep(1000)</message>
  <nestedLevel>2</nestedLevel>
  <property name="startLine">48</property>
  <property name="stepIndex">10</property>
</record>
<record>
  <date>2019-08-19T19:58:31</date>
  <millis>1566224911242</millis>
  <sequence>40</sequence>
  <level>END</level>
  <class>com.kms.katalon.core.logging.XmlKeywordLogger</class>
  <method>endKeyword</method>
  <thread>1</thread>
  <message>End action : Thread.sleep(1000)</message>
  <nestedLevel>2</nestedLevel>
</record>
<record>
  <date>2019-08-19T19:58:31</date>
  <millis>1566224911243</millis>
  <sequence>41</sequence>
  <level>START</level>
  <class>com.kms.katalon.core.logging.XmlKeywordLogger</class>
  <method>startKeyword</method>
  <thread>1</thread>
  <message>Start action : message = xpath(\&amp;quot;/html/body/div[6]/div/div[1]/div[1]/div/div/ul/li[1]/a\&amp;quot;)).getText()</message>
  <nestedLevel>2</nestedLevel>
  <property name="startLine">50</property>
  <property name="stepIndex">11</property>
</record>
<record>
  <date>2019-08-19T19:58:31</date>
  <millis>1566224911314</millis>
  <sequence>42</sequence>
  <level>END</level>
  <class>com.kms.katalon.core.logging.XmlKeywordLogger</class>
  <method>endKeyword</method>
  <thread>1</thread>
  <message>End action : message = xpath(\&amp;quot;/html/body/div[6]/div/div[1]/div[1]/div/div/ul/li[1]/a\&amp;quot;)).getText()</message>
  <nestedLevel>2</nestedLevel>
</record>
<record>
  <date>2019-08-19T19:58:31</date>
  <millis>1566224911314</millis>
  <sequence>43</sequence>
  <level>START</level>
  <class>com.kms.katalon.core.logging.XmlKeywordLogger</class>
  <method>startKeyword</method>
  <thread>1</thread>
  <message>Start action : if (message.contains(\&amp;quot;(0)\&amp;quot;))</message>
  <nestedLevel>2</nestedLevel>
  <property name="startLine">52</property>
  <property name="stepIndex">12</property>
</record>
<record>
  <date>2019-08-19T19:58:31</date>
  <millis>1566224911315</millis>
  <sequence>44</sequence>
  <level>END</level>
  <class>com.kms.katalon.core.logging.XmlKeywordLogger</class>
  <method>endKeyword</method>
  <thread>1</thread>
  <message>End action : if (message.contains(\&amp;quot;(0)\&amp;quot;))</message>
  <nestedLevel>2</nestedLevel>
</record>
<record>
  <date>2019-08-19T19:58:31</date>
  <millis>1566224911315</millis>
  <sequence>45</sequence>
  <level>START</level>
  <class>com.kms.katalon.core.logging.XmlKeywordLogger</class>
  <method>startKeyword</method>
  <thread>1</thread>
  <message>Start action : else</message>
  <nestedLevel>2</nestedLevel>
  <property name="startLine">72</property>
  <property name="stepIndex">13</property>
</record>
<record>
  <date>2019-08-19T19:58:31</date>
  <millis>1566224911315</millis>
  <sequence>46</sequence>
  <level>START</level>
  <class>com.kms.katalon.core.logging.XmlKeywordLogger</class>
  <method>startKeyword</method>
  <thread>1</thread>
  <message>Start action : js = driver</message>
  <nestedLevel>3</nestedLevel>
  <property name="startLine">73</property>
  <property name="stepIndex">1</property>
</record>
<record>
  <date>2019-08-19T19:58:31</date>
  <millis>1566224911315</millis>
  <sequence>47</sequence>
  <level>END</level>
  <class>com.kms.katalon.core.logging.XmlKeywordLogger</class>
  <method>endKeyword</method>
  <thread>1</thread>
  <message>End action : js = driver</message>
  <nestedLevel>3</nestedLevel>
</record>
<record>
  <date>2019-08-19T19:58:31</date>
  <millis>1566224911315</millis>
  <sequence>48</sequence>
  <level>START</level>
  <class>com.kms.katalon.core.logging.XmlKeywordLogger</class>
  <method>startKeyword</method>
  <thread>1</thread>
  <message>Start action : itemList = driver.findElements(By.xpath(\&amp;quot;//*[@id=&amp;apos;tab-1&amp;apos;]/table/tbody/tr\&amp;quot;))</message>
  <nestedLevel>3</nestedLevel>
  <property name="startLine">75</property>
  <property name="stepIndex">2</property>
</record>
<record>
  <date>2019-08-19T19:58:31</date>
  <millis>1566224911363</millis>
  <sequence>49</sequence>
  <level>END</level>
  <class>com.kms.katalon.core.logging.XmlKeywordLogger</class>
  <method>endKeyword</method>
  <thread>1</thread>
  <message>End action : itemList = driver.findElements(By.xpath(\&amp;quot;//*[@id=&amp;apos;tab-1&amp;apos;]/table/tbody/tr\&amp;quot;))</message>
  <nestedLevel>3</nestedLevel>
</record>
<record>
  <date>2019-08-19T19:58:31</date>
  <millis>1566224911363</millis>
  <sequence>50</sequence>
  <level>START</level>
  <class>com.kms.katalon.core.logging.XmlKeywordLogger</class>
  <method>startKeyword</method>
  <thread>1</thread>
  <message>Start action : out.println(\&amp;quot;ItemList == \&amp;quot; + itemList.size())</message>
  <nestedLevel>3</nestedLevel>
  <property name="startLine">77</property>
  <property name="stepIndex">3</property>
</record>
<record>
  <date>2019-08-19T19:58:31</date>
  <millis>1566224911383</millis>
  <sequence>51</sequence>
  <level>END</level>
  <class>com.kms.katalon.core.logging.XmlKeywordLogger</class>
  <method>endKeyword</method>
  <thread>1</thread>
  <message>End action : out.println(\&amp;quot;ItemList == \&amp;quot; + itemList.size())</message>
  <nestedLevel>3</nestedLevel>
</record>
<record>
  <date>2019-08-19T19:58:31</date>
  <millis>1566224911383</millis>
  <sequence>52</sequence>
  <level>START</level>
  <class>com.kms.katalon.core.logging.XmlKeywordLogger</class>
  <method>startKeyword</method>
  <thread>1</thread>
  <message>Start action : for ([i = 0, i &amp;lt; 1, (i++)])</message>
  <nestedLevel>3</nestedLevel>
  <property name="startLine">79</property>
  <property name="stepIndex">4</property>
</record>
<record>
  <date>2019-08-19T19:58:31</date>
  <millis>1566224911383</millis>
  <sequence>53</sequence>
  <level>START</level>
  <class>com.kms.katalon.core.logging.XmlKeywordLogger</class>
  <method>startKeyword</method>
  <thread>1</thread>
  <message>Start action : js.executeScript(\&amp;quot;arguments[0].style.border=&amp;apos;3px solid red&amp;apos;\&amp;quot;, driver.findElement(By.xpath(\&amp;quot;//*[@id=&amp;apos;tab-1&amp;apos;]/table/tbody/tr[\&amp;quot; + i + 1 + \&amp;quot;]/td[1]\&amp;quot;)))</message>
  <nestedLevel>4</nestedLevel>
  <property name="startLine">80</property>
  <property name="stepIndex">1</property>
</record>
<record>
  <date>2019-08-19T19:58:31</date>
  <millis>1566224911444</millis>
  <sequence>54</sequence>
  <level>END</level>
  <class>com.kms.katalon.core.logging.XmlKeywordLogger</class>
  <method>endKeyword</method>
  <thread>1</thread>
  <message>End action : js.executeScript(\&amp;quot;arguments[0].style.border=&amp;apos;3px solid red&amp;apos;\&amp;quot;, driver.findElement(By.xpath(\&amp;quot;//*[@id=&amp;apos;tab-1&amp;apos;]/table/tbody/tr[\&amp;quot; + i + 1 + \&amp;quot;]/td[1]\&amp;quot;)))</message>
  <nestedLevel>4</nestedLevel>
</record>
<record>
  <date>2019-08-19T19:58:31</date>
  <millis>1566224911445</millis>
  <sequence>55</sequence>
  <level>START</level>
  <class>com.kms.katalon.core.logging.XmlKeywordLogger</class>
  <method>startKeyword</method>
  <thread>1</thread>
  <message>Start action : orderValue = driver.findElement(By.xpath(\&amp;quot;//*[@id=&amp;apos;tab-1&amp;apos;]/table/tbody/tr[\&amp;quot; + i + 1 + \&amp;quot;]/td[1]\&amp;quot;))</message>
  <nestedLevel>4</nestedLevel>
  <property name="startLine">82</property>
  <property name="stepIndex">2</property>
</record>
<record>
  <date>2019-08-19T19:58:31</date>
  <millis>1566224911474</millis>
  <sequence>56</sequence>
  <level>END</level>
  <class>com.kms.katalon.core.logging.XmlKeywordLogger</class>
  <method>endKeyword</method>
  <thread>1</thread>
  <message>End action : orderValue = driver.findElement(By.xpath(\&amp;quot;//*[@id=&amp;apos;tab-1&amp;apos;]/table/tbody/tr[\&amp;quot; + i + 1 + \&amp;quot;]/td[1]\&amp;quot;))</message>
  <nestedLevel>4</nestedLevel>
</record>
<record>
  <date>2019-08-19T19:58:31</date>
  <millis>1566224911475</millis>
  <sequence>57</sequence>
  <level>START</level>
  <class>com.kms.katalon.core.logging.XmlKeywordLogger</class>
  <method>startKeyword</method>
  <thread>1</thread>
  <message>Start action : js.executeScript(\&amp;quot;arguments[0].style.border=&amp;apos;3px solid red&amp;apos;\&amp;quot;, driver.findElement(By.xpath(\&amp;quot;//*[@id=&amp;apos;tab-1&amp;apos;]/table/tbody/tr[\&amp;quot; + i + 1 + \&amp;quot;]/td[2]\&amp;quot;)))</message>
  <nestedLevel>4</nestedLevel>
  <property name="startLine">84</property>
  <property name="stepIndex">3</property>
</record>
<record>
  <date>2019-08-19T19:58:31</date>
  <millis>1566224911523</millis>
  <sequence>58</sequence>
  <level>END</level>
  <class>com.kms.katalon.core.logging.XmlKeywordLogger</class>
  <method>endKeyword</method>
  <thread>1</thread>
  <message>End action : js.executeScript(\&amp;quot;arguments[0].style.border=&amp;apos;3px solid red&amp;apos;\&amp;quot;, driver.findElement(By.xpath(\&amp;quot;//*[@id=&amp;apos;tab-1&amp;apos;]/table/tbody/tr[\&amp;quot; + i + 1 + \&amp;quot;]/td[2]\&amp;quot;)))</message>
  <nestedLevel>4</nestedLevel>
</record>
<record>
  <date>2019-08-19T19:58:31</date>
  <millis>1566224911524</millis>
  <sequence>59</sequence>
  <level>START</level>
  <class>com.kms.katalon.core.logging.XmlKeywordLogger</class>
  <method>startKeyword</method>
  <thread>1</thread>
  <message>Start action : addressValue = driver.findElement(By.xpath(\&amp;quot;//*[@id=&amp;apos;tab-1&amp;apos;]/table/tbody/tr[\&amp;quot; + i + 1 + \&amp;quot;]/td[2]\&amp;quot;))</message>
  <nestedLevel>4</nestedLevel>
  <property name="startLine">87</property>
  <property name="stepIndex">4</property>
</record>
<record>
  <date>2019-08-19T19:58:31</date>
  <millis>1566224911552</millis>
  <sequence>60</sequence>
  <level>END</level>
  <class>com.kms.katalon.core.logging.XmlKeywordLogger</class>
  <method>endKeyword</method>
  <thread>1</thread>
  <message>End action : addressValue = driver.findElement(By.xpath(\&amp;quot;//*[@id=&amp;apos;tab-1&amp;apos;]/table/tbody/tr[\&amp;quot; + i + 1 + \&amp;quot;]/td[2]\&amp;quot;))</message>
  <nestedLevel>4</nestedLevel>
</record>
<record>
  <date>2019-08-19T19:58:31</date>
  <millis>1566224911552</millis>
  <sequence>61</sequence>
  <level>START</level>
  <class>com.kms.katalon.core.logging.XmlKeywordLogger</class>
  <method>startKeyword</method>
  <thread>1</thread>
  <message>Start action : js.executeScript(\&amp;quot;arguments[0].style.border=&amp;apos;3px solid red&amp;apos;\&amp;quot;, driver.findElement(By.xpath(\&amp;quot;//*[@id=&amp;apos;tab-1&amp;apos;]/table/tbody/tr[\&amp;quot; + i + 1 + \&amp;quot;]/td[3]\&amp;quot;)))</message>
  <nestedLevel>4</nestedLevel>
  <property name="startLine">89</property>
  <property name="stepIndex">5</property>
</record>
<record>
  <date>2019-08-19T19:58:31</date>
  <millis>1566224911589</millis>
  <sequence>62</sequence>
  <level>END</level>
  <class>com.kms.katalon.core.logging.XmlKeywordLogger</class>
  <method>endKeyword</method>
  <thread>1</thread>
  <message>End action : js.executeScript(\&amp;quot;arguments[0].style.border=&amp;apos;3px solid red&amp;apos;\&amp;quot;, driver.findElement(By.xpath(\&amp;quot;//*[@id=&amp;apos;tab-1&amp;apos;]/table/tbody/tr[\&amp;quot; + i + 1 + \&amp;quot;]/td[3]\&amp;quot;)))</message>
  <nestedLevel>4</nestedLevel>
</record>
<record>
  <date>2019-08-19T19:58:31</date>
  <millis>1566224911590</millis>
  <sequence>63</sequence>
  <level>START</level>
  <class>com.kms.katalon.core.logging.XmlKeywordLogger</class>
  <method>startKeyword</method>
  <thread>1</thread>
  <message>Start action : listingValue = driver.findElement(By.xpath(\&amp;quot;//*[@id=&amp;apos;tab-1&amp;apos;]/table/tbody/tr[\&amp;quot; + i + 1 + \&amp;quot;]/td[3]\&amp;quot;))</message>
  <nestedLevel>4</nestedLevel>
  <property name="startLine">92</property>
  <property name="stepIndex">6</property>
</record>
<record>
  <date>2019-08-19T19:58:31</date>
  <millis>1566224911616</millis>
  <sequence>64</sequence>
  <level>END</level>
  <class>com.kms.katalon.core.logging.XmlKeywordLogger</class>
  <method>endKeyword</method>
  <thread>1</thread>
  <message>End action : listingValue = driver.findElement(By.xpath(\&amp;quot;//*[@id=&amp;apos;tab-1&amp;apos;]/table/tbody/tr[\&amp;quot; + i + 1 + \&amp;quot;]/td[3]\&amp;quot;))</message>
  <nestedLevel>4</nestedLevel>
</record>
<record>
  <date>2019-08-19T19:58:31</date>
  <millis>1566224911617</millis>
  <sequence>65</sequence>
  <level>START</level>
  <class>com.kms.katalon.core.logging.XmlKeywordLogger</class>
  <method>startKeyword</method>
  <thread>1</thread>
  <message>Start action : js.executeScript(\&amp;quot;arguments[0].style.border=&amp;apos;3px solid red&amp;apos;\&amp;quot;, driver.findElement(By.xpath(\&amp;quot;//*[@id=&amp;apos;tab-1&amp;apos;]/table/tbody/tr[\&amp;quot; + i + 1 + \&amp;quot;]/td[4]\&amp;quot;)))</message>
  <nestedLevel>4</nestedLevel>
  <property name="startLine">94</property>
  <property name="stepIndex">7</property>
</record>
<record>
  <date>2019-08-19T19:58:31</date>
  <millis>1566224911669</millis>
  <sequence>66</sequence>
  <level>END</level>
  <class>com.kms.katalon.core.logging.XmlKeywordLogger</class>
  <method>endKeyword</method>
  <thread>1</thread>
  <message>End action : js.executeScript(\&amp;quot;arguments[0].style.border=&amp;apos;3px solid red&amp;apos;\&amp;quot;, driver.findElement(By.xpath(\&amp;quot;//*[@id=&amp;apos;tab-1&amp;apos;]/table/tbody/tr[\&amp;quot; + i + 1 + \&amp;quot;]/td[4]\&amp;quot;)))</message>
  <nestedLevel>4</nestedLevel>
</record>
<record>
  <date>2019-08-19T19:58:31</date>
  <millis>1566224911670</millis>
  <sequence>67</sequence>
  <level>START</level>
  <class>com.kms.katalon.core.logging.XmlKeywordLogger</class>
  <method>startKeyword</method>
  <thread>1</thread>
  <message>Start action : bookingDate = driver.findElement(By.xpath(\&amp;quot;//*[@id=&amp;apos;tab-1&amp;apos;]/table/tbody/tr[\&amp;quot; + i + 1 + \&amp;quot;]/td[4]\&amp;quot;))</message>
  <nestedLevel>4</nestedLevel>
  <property name="startLine">97</property>
  <property name="stepIndex">8</property>
</record>
<record>
  <date>2019-08-19T19:58:31</date>
  <millis>1566224911707</millis>
  <sequence>68</sequence>
  <level>END</level>
  <class>com.kms.katalon.core.logging.XmlKeywordLogger</class>
  <method>endKeyword</method>
  <thread>1</thread>
  <message>End action : bookingDate = driver.findElement(By.xpath(\&amp;quot;//*[@id=&amp;apos;tab-1&amp;apos;]/table/tbody/tr[\&amp;quot; + i + 1 + \&amp;quot;]/td[4]\&amp;quot;))</message>
  <nestedLevel>4</nestedLevel>
</record>
<record>
  <date>2019-08-19T19:58:31</date>
  <millis>1566224911707</millis>
  <sequence>69</sequence>
  <level>START</level>
  <class>com.kms.katalon.core.logging.XmlKeywordLogger</class>
  <method>startKeyword</method>
  <thread>1</thread>
  <message>Start action : js.executeScript(\&amp;quot;arguments[0].style.border=&amp;apos;3px solid red&amp;apos;\&amp;quot;, driver.findElement(By.xpath(\&amp;quot;//*[@id=&amp;apos;tab-1&amp;apos;]/table/tbody/tr[\&amp;quot; + i + 1 + \&amp;quot;]/td[5]\&amp;quot;)))</message>
  <nestedLevel>4</nestedLevel>
  <property name="startLine">99</property>
  <property name="stepIndex">9</property>
</record>
<record>
  <date>2019-08-19T19:58:31</date>
  <millis>1566224911756</millis>
  <sequence>70</sequence>
  <level>END</level>
  <class>com.kms.katalon.core.logging.XmlKeywordLogger</class>
  <method>endKeyword</method>
  <thread>1</thread>
  <message>End action : js.executeScript(\&amp;quot;arguments[0].style.border=&amp;apos;3px solid red&amp;apos;\&amp;quot;, driver.findElement(By.xpath(\&amp;quot;//*[@id=&amp;apos;tab-1&amp;apos;]/table/tbody/tr[\&amp;quot; + i + 1 + \&amp;quot;]/td[5]\&amp;quot;)))</message>
  <nestedLevel>4</nestedLevel>
</record>
<record>
  <date>2019-08-19T19:58:31</date>
  <millis>1566224911756</millis>
  <sequence>71</sequence>
  <level>START</level>
  <class>com.kms.katalon.core.logging.XmlKeywordLogger</class>
  <method>startKeyword</method>
  <thread>1</thread>
  <message>Start action : statusValue = driver.findElement(By.xpath(\&amp;quot;//*[@id=&amp;apos;tab-1&amp;apos;]/table/tbody/tr[\&amp;quot; + i + 1 + \&amp;quot;]/td[5]\&amp;quot;))</message>
  <nestedLevel>4</nestedLevel>
  <property name="startLine">102</property>
  <property name="stepIndex">10</property>
</record>
<record>
  <date>2019-08-19T19:58:31</date>
  <millis>1566224911786</millis>
  <sequence>72</sequence>
  <level>END</level>
  <class>com.kms.katalon.core.logging.XmlKeywordLogger</class>
  <method>endKeyword</method>
  <thread>1</thread>
  <message>End action : statusValue = driver.findElement(By.xpath(\&amp;quot;//*[@id=&amp;apos;tab-1&amp;apos;]/table/tbody/tr[\&amp;quot; + i + 1 + \&amp;quot;]/td[5]\&amp;quot;))</message>
  <nestedLevel>4</nestedLevel>
</record>
<record>
  <date>2019-08-19T19:58:31</date>
  <millis>1566224911786</millis>
  <sequence>73</sequence>
  <level>START</level>
  <class>com.kms.katalon.core.logging.XmlKeywordLogger</class>
  <method>startKeyword</method>
  <thread>1</thread>
  <message>Start action : js.executeScript(\&amp;quot;arguments[0].style.border=&amp;apos;3px solid red&amp;apos;\&amp;quot;, driver.findElement(By.xpath(\&amp;quot;//*[@id=&amp;apos;tab-1&amp;apos;]/table/tbody/tr[\&amp;quot; + i + 1 + \&amp;quot;]/td[6]\&amp;quot;)))</message>
  <nestedLevel>4</nestedLevel>
  <property name="startLine">104</property>
  <property name="stepIndex">11</property>
</record>
<record>
  <date>2019-08-19T19:58:31</date>
  <millis>1566224911820</millis>
  <sequence>74</sequence>
  <level>END</level>
  <class>com.kms.katalon.core.logging.XmlKeywordLogger</class>
  <method>endKeyword</method>
  <thread>1</thread>
  <message>End action : js.executeScript(\&amp;quot;arguments[0].style.border=&amp;apos;3px solid red&amp;apos;\&amp;quot;, driver.findElement(By.xpath(\&amp;quot;//*[@id=&amp;apos;tab-1&amp;apos;]/table/tbody/tr[\&amp;quot; + i + 1 + \&amp;quot;]/td[6]\&amp;quot;)))</message>
  <nestedLevel>4</nestedLevel>
</record>
<record>
  <date>2019-08-19T19:58:31</date>
  <millis>1566224911820</millis>
  <sequence>75</sequence>
  <level>START</level>
  <class>com.kms.katalon.core.logging.XmlKeywordLogger</class>
  <method>startKeyword</method>
  <thread>1</thread>
  <message>Start action : paymentStatus = driver.findElement(By.xpath(\&amp;quot;//*[@id=&amp;apos;tab-1&amp;apos;]/table/tbody/tr[\&amp;quot; + i + 1 + \&amp;quot;]/td[6]\&amp;quot;))</message>
  <nestedLevel>4</nestedLevel>
  <property name="startLine">107</property>
  <property name="stepIndex">12</property>
</record>
<record>
  <date>2019-08-19T19:58:31</date>
  <millis>1566224911842</millis>
  <sequence>76</sequence>
  <level>END</level>
  <class>com.kms.katalon.core.logging.XmlKeywordLogger</class>
  <method>endKeyword</method>
  <thread>1</thread>
  <message>End action : paymentStatus = driver.findElement(By.xpath(\&amp;quot;//*[@id=&amp;apos;tab-1&amp;apos;]/table/tbody/tr[\&amp;quot; + i + 1 + \&amp;quot;]/td[6]\&amp;quot;))</message>
  <nestedLevel>4</nestedLevel>
</record>
<record>
  <date>2019-08-19T19:58:31</date>
  <millis>1566224911843</millis>
  <sequence>77</sequence>
  <level>START</level>
  <class>com.kms.katalon.core.logging.XmlKeywordLogger</class>
  <method>startKeyword</method>
  <thread>1</thread>
  <message>Start action : js.executeScript(\&amp;quot;arguments[0].style.border=&amp;apos;3px solid red&amp;apos;\&amp;quot;, driver.findElement(By.xpath(\&amp;quot;//*[@id=&amp;apos;tab-1&amp;apos;]/table/tbody/tr[\&amp;quot; + i + 1 + \&amp;quot;]/td[7]\&amp;quot;)))</message>
  <nestedLevel>4</nestedLevel>
  <property name="startLine">109</property>
  <property name="stepIndex">13</property>
</record>
<record>
  <date>2019-08-19T19:58:31</date>
  <millis>1566224911876</millis>
  <sequence>78</sequence>
  <level>END</level>
  <class>com.kms.katalon.core.logging.XmlKeywordLogger</class>
  <method>endKeyword</method>
  <thread>1</thread>
  <message>End action : js.executeScript(\&amp;quot;arguments[0].style.border=&amp;apos;3px solid red&amp;apos;\&amp;quot;, driver.findElement(By.xpath(\&amp;quot;//*[@id=&amp;apos;tab-1&amp;apos;]/table/tbody/tr[\&amp;quot; + i + 1 + \&amp;quot;]/td[7]\&amp;quot;)))</message>
  <nestedLevel>4</nestedLevel>
</record>
<record>
  <date>2019-08-19T19:58:31</date>
  <millis>1566224911877</millis>
  <sequence>79</sequence>
  <level>START</level>
  <class>com.kms.katalon.core.logging.XmlKeywordLogger</class>
  <method>startKeyword</method>
  <thread>1</thread>
  <message>Start action : Assert.assertNotEquals(orderValue, null, \&amp;quot;Order number is null\&amp;quot;)</message>
  <nestedLevel>4</nestedLevel>
  <property name="startLine">112</property>
  <property name="stepIndex">14</property>
</record>
<record>
  <date>2019-08-19T19:58:31</date>
  <millis>1566224911894</millis>
  <sequence>80</sequence>
  <level>END</level>
  <class>com.kms.katalon.core.logging.XmlKeywordLogger</class>
  <method>endKeyword</method>
  <thread>1</thread>
  <message>End action : Assert.assertNotEquals(orderValue, null, \&amp;quot;Order number is null\&amp;quot;)</message>
  <nestedLevel>4</nestedLevel>
</record>
<record>
  <date>2019-08-19T19:58:31</date>
  <millis>1566224911895</millis>
  <sequence>81</sequence>
  <level>START</level>
  <class>com.kms.katalon.core.logging.XmlKeywordLogger</class>
  <method>startKeyword</method>
  <thread>1</thread>
  <message>Start action : Assert.assertNotEquals(addressValue, null, \&amp;quot;Address is null\&amp;quot;)</message>
  <nestedLevel>4</nestedLevel>
  <property name="startLine">114</property>
  <property name="stepIndex">15</property>
</record>
<record>
  <date>2019-08-19T19:58:31</date>
  <millis>1566224911896</millis>
  <sequence>82</sequence>
  <level>END</level>
  <class>com.kms.katalon.core.logging.XmlKeywordLogger</class>
  <method>endKeyword</method>
  <thread>1</thread>
  <message>End action : Assert.assertNotEquals(addressValue, null, \&amp;quot;Address is null\&amp;quot;)</message>
  <nestedLevel>4</nestedLevel>
</record>
<record>
  <date>2019-08-19T19:58:31</date>
  <millis>1566224911896</millis>
  <sequence>83</sequence>
  <level>START</level>
  <class>com.kms.katalon.core.logging.XmlKeywordLogger</class>
  <method>startKeyword</method>
  <thread>1</thread>
  <message>Start action : Assert.assertNotEquals(listingValue, null, \&amp;quot;Listing is null\&amp;quot;)</message>
  <nestedLevel>4</nestedLevel>
  <property name="startLine">116</property>
  <property name="stepIndex">16</property>
</record>
<record>
  <date>2019-08-19T19:58:31</date>
  <millis>1566224911897</millis>
  <sequence>84</sequence>
  <level>END</level>
  <class>com.kms.katalon.core.logging.XmlKeywordLogger</class>
  <method>endKeyword</method>
  <thread>1</thread>
  <message>End action : Assert.assertNotEquals(listingValue, null, \&amp;quot;Listing is null\&amp;quot;)</message>
  <nestedLevel>4</nestedLevel>
</record>
<record>
  <date>2019-08-19T19:58:31</date>
  <millis>1566224911898</millis>
  <sequence>85</sequence>
  <level>START</level>
  <class>com.kms.katalon.core.logging.XmlKeywordLogger</class>
  <method>startKeyword</method>
  <thread>1</thread>
  <message>Start action : Assert.assertNotEquals(bookingDate, null, \&amp;quot;Booking date is null\&amp;quot;)</message>
  <nestedLevel>4</nestedLevel>
  <property name="startLine">118</property>
  <property name="stepIndex">17</property>
</record>
<record>
  <date>2019-08-19T19:58:31</date>
  <millis>1566224911899</millis>
  <sequence>86</sequence>
  <level>END</level>
  <class>com.kms.katalon.core.logging.XmlKeywordLogger</class>
  <method>endKeyword</method>
  <thread>1</thread>
  <message>End action : Assert.assertNotEquals(bookingDate, null, \&amp;quot;Booking date is null\&amp;quot;)</message>
  <nestedLevel>4</nestedLevel>
</record>
<record>
  <date>2019-08-19T19:58:31</date>
  <millis>1566224911900</millis>
  <sequence>87</sequence>
  <level>START</level>
  <class>com.kms.katalon.core.logging.XmlKeywordLogger</class>
  <method>startKeyword</method>
  <thread>1</thread>
  <message>Start action : Assert.assertNotEquals(statusValue, null, \&amp;quot;Status is null\&amp;quot;)</message>
  <nestedLevel>4</nestedLevel>
  <property name="startLine">120</property>
  <property name="stepIndex">18</property>
</record>
<record>
  <date>2019-08-19T19:58:31</date>
  <millis>1566224911901</millis>
  <sequence>88</sequence>
  <level>END</level>
  <class>com.kms.katalon.core.logging.XmlKeywordLogger</class>
  <method>endKeyword</method>
  <thread>1</thread>
  <message>End action : Assert.assertNotEquals(statusValue, null, \&amp;quot;Status is null\&amp;quot;)</message>
  <nestedLevel>4</nestedLevel>
</record>
<record>
  <date>2019-08-19T19:58:31</date>
  <millis>1566224911902</millis>
  <sequence>89</sequence>
  <level>START</level>
  <class>com.kms.katalon.core.logging.XmlKeywordLogger</class>
  <method>startKeyword</method>
  <thread>1</thread>
  <message>Start action : Assert.assertNotEquals(paymentStatus, null, \&amp;quot;Payment status is null\&amp;quot;)</message>
  <nestedLevel>4</nestedLevel>
  <property name="startLine">122</property>
  <property name="stepIndex">19</property>
</record>
<record>
  <date>2019-08-19T19:58:31</date>
  <millis>1566224911910</millis>
  <sequence>90</sequence>
  <level>END</level>
  <class>com.kms.katalon.core.logging.XmlKeywordLogger</class>
  <method>endKeyword</method>
  <thread>1</thread>
  <message>End action : Assert.assertNotEquals(paymentStatus, null, \&amp;quot;Payment status is null\&amp;quot;)</message>
  <nestedLevel>4</nestedLevel>
</record>
<record>
  <date>2019-08-19T19:58:31</date>
  <millis>1566224911911</millis>
  <sequence>91</sequence>
  <level>END</level>
  <class>com.kms.katalon.core.logging.XmlKeywordLogger</class>
  <method>endKeyword</method>
  <thread>1</thread>
  <message>End action : for ([i = 0, i &amp;lt; 1, (i++)])</message>
  <nestedLevel>3</nestedLevel>
</record>
<record>
  <date>2019-08-19T19:58:31</date>
  <millis>1566224911912</millis>
  <sequence>92</sequence>
  <level>START</level>
  <class>com.kms.katalon.core.logging.XmlKeywordLogger</class>
  <method>startKeyword</method>
  <thread>1</thread>
  <message>Start action : xpath(\&amp;quot;/html/body/header/div/span[3]\&amp;quot;)).click()</message>
  <nestedLevel>3</nestedLevel>
  <property name="startLine">125</property>
  <property name="stepIndex">5</property>
</record>
<record>
  <date>2019-08-19T19:58:32</date>
  <millis>1566224912090</millis>
  <sequence>93</sequence>
  <level>END</level>
  <class>com.kms.katalon.core.logging.XmlKeywordLogger</class>
  <method>endKeyword</method>
  <thread>1</thread>
  <message>End action : xpath(\&amp;quot;/html/body/header/div/span[3]\&amp;quot;)).click()</message>
  <nestedLevel>3</nestedLevel>
</record>
<record>
  <date>2019-08-19T19:58:32</date>
  <millis>1566224912090</millis>
  <sequence>94</sequence>
  <level>START</level>
  <class>com.kms.katalon.core.logging.XmlKeywordLogger</class>
  <method>startKeyword</method>
  <thread>1</thread>
  <message>Start action : Thread.sleep(2000)</message>
  <nestedLevel>3</nestedLevel>
  <property name="startLine">131</property>
  <property name="stepIndex">6</property>
</record>
<record>
  <date>2019-08-19T19:58:34</date>
  <millis>1566224914091</millis>
  <sequence>95</sequence>
  <level>END</level>
  <class>com.kms.katalon.core.logging.XmlKeywordLogger</class>
  <method>endKeyword</method>
  <thread>1</thread>
  <message>End action : Thread.sleep(2000)</message>
  <nestedLevel>3</nestedLevel>
</record>
<record>
  <date>2019-08-19T19:58:34</date>
  <millis>1566224914092</millis>
  <sequence>96</sequence>
  <level>START</level>
  <class>com.kms.katalon.core.logging.XmlKeywordLogger</class>
  <method>startKeyword</method>
  <thread>1</thread>
  <message>Start action : linkText(\&amp;quot;Sign Out\&amp;quot;)).click()</message>
  <nestedLevel>3</nestedLevel>
  <property name="startLine">133</property>
  <property name="stepIndex">7</property>
</record>
<record>
  <date>2019-08-19T19:58:43</date>
  <millis>1566224923984</millis>
  <sequence>97</sequence>
  <level>END</level>
  <class>com.kms.katalon.core.logging.XmlKeywordLogger</class>
  <method>endKeyword</method>
  <thread>1</thread>
  <message>End action : linkText(\&amp;quot;Sign Out\&amp;quot;)).click()</message>
  <nestedLevel>3</nestedLevel>
</record>
<record>
  <date>2019-08-19T19:58:43</date>
  <millis>1566224923985</millis>
  <sequence>98</sequence>
  <level>START</level>
  <class>com.kms.katalon.core.logging.XmlKeywordLogger</class>
  <method>startKeyword</method>
  <thread>1</thread>
  <message>Start action : Thread.sleep(1000)</message>
  <nestedLevel>3</nestedLevel>
  <property name="startLine">135</property>
  <property name="stepIndex">8</property>
</record>
<record>
  <date>2019-08-19T19:58:44</date>
  <millis>1566224924986</millis>
  <sequence>99</sequence>
  <level>END</level>
  <class>com.kms.katalon.core.logging.XmlKeywordLogger</class>
  <method>endKeyword</method>
  <thread>1</thread>
  <message>End action : Thread.sleep(1000)</message>
  <nestedLevel>3</nestedLevel>
</record>
<record>
  <date>2019-08-19T19:58:44</date>
  <millis>1566224924987</millis>
  <sequence>100</sequence>
  <level>START</level>
  <class>com.kms.katalon.core.logging.XmlKeywordLogger</class>
  <method>startKeyword</method>
  <thread>1</thread>
  <message>Start action : action = new org.openqa.selenium.interactions.Actions(driver)</message>
  <nestedLevel>3</nestedLevel>
  <property name="startLine">137</property>
  <property name="stepIndex">9</property>
</record>
<record>
  <date>2019-08-19T19:58:45</date>
  <millis>1566224925000</millis>
  <sequence>101</sequence>
  <level>END</level>
  <class>com.kms.katalon.core.logging.XmlKeywordLogger</class>
  <method>endKeyword</method>
  <thread>1</thread>
  <message>End action : action = new org.openqa.selenium.interactions.Actions(driver)</message>
  <nestedLevel>3</nestedLevel>
</record>
<record>
  <date>2019-08-19T19:58:45</date>
  <millis>1566224925000</millis>
  <sequence>102</sequence>
  <level>START</level>
  <class>com.kms.katalon.core.logging.XmlKeywordLogger</class>
  <method>startKeyword</method>
  <thread>1</thread>
  <message>Start action : build().perform()</message>
  <nestedLevel>3</nestedLevel>
  <property name="startLine">139</property>
  <property name="stepIndex">10</property>
</record>
<record>
  <date>2019-08-19T19:58:45</date>
  <millis>1566224925058</millis>
  <sequence>103</sequence>
  <level>END</level>
  <class>com.kms.katalon.core.logging.XmlKeywordLogger</class>
  <method>endKeyword</method>
  <thread>1</thread>
  <message>End action : build().perform()</message>
  <nestedLevel>3</nestedLevel>
</record>
<record>
  <date>2019-08-19T19:58:45</date>
  <millis>1566224925059</millis>
  <sequence>104</sequence>
  <level>START</level>
  <class>com.kms.katalon.core.logging.XmlKeywordLogger</class>
  <method>startKeyword</method>
  <thread>1</thread>
  <message>Start action : Thread.sleep(2000)</message>
  <nestedLevel>3</nestedLevel>
  <property name="startLine">141</property>
  <property name="stepIndex">11</property>
</record>
<record>
  <date>2019-08-19T19:58:47</date>
  <millis>1566224927060</millis>
  <sequence>105</sequence>
  <level>END</level>
  <class>com.kms.katalon.core.logging.XmlKeywordLogger</class>
  <method>endKeyword</method>
  <thread>1</thread>
  <message>End action : Thread.sleep(2000)</message>
  <nestedLevel>3</nestedLevel>
</record>
<record>
  <date>2019-08-19T19:58:47</date>
  <millis>1566224927060</millis>
  <sequence>106</sequence>
  <level>START</level>
  <class>com.kms.katalon.core.logging.XmlKeywordLogger</class>
  <method>startKeyword</method>
  <thread>1</thread>
  <message>Start action : driver.quit()</message>
  <nestedLevel>3</nestedLevel>
  <property name="startLine">143</property>
  <property name="stepIndex">12</property>
</record>
<record>
  <date>2019-08-19T19:58:47</date>
  <millis>1566224927775</millis>
  <sequence>107</sequence>
  <level>END</level>
  <class>com.kms.katalon.core.logging.XmlKeywordLogger</class>
  <method>endKeyword</method>
  <thread>1</thread>
  <message>End action : driver.quit()</message>
  <nestedLevel>3</nestedLevel>
</record>
<record>
  <date>2019-08-19T19:58:47</date>
  <millis>1566224927777</millis>
  <sequence>108</sequence>
  <level>END</level>
  <class>com.kms.katalon.core.logging.XmlKeywordLogger</class>
  <method>endKeyword</method>
  <thread>1</thread>
  <message>End action : else</message>
  <nestedLevel>2</nestedLevel>
</record>
<record>
  <date>2019-08-19T19:58:47</date>
  <millis>1566224927777</millis>
  <sequence>109</sequence>
  <level>END</level>
  <class>com.kms.katalon.core.logging.XmlKeywordLogger</class>
  <method>endKeyword</method>
  <thread>1</thread>
  <message>End action : try</message>
  <nestedLevel>1</nestedLevel>
</record>
<record>
  <date>2019-08-19T19:58:47</date>
  <millis>1566224927778</millis>
  <sequence>110</sequence>
  <level>PASSED</level>
  <class>com.kms.katalon.core.logging.XmlKeywordLogger</class>
  <method>logMessage</method>
  <thread>1</thread>
  <message>Test Cases/Workilo/Bookings/ServiceProvider/New Booking Order</message>
  <nestedLevel>1</nestedLevel>
</record>
<record>
  <date>2019-08-19T19:58:47</date>
  <millis>1566224927778</millis>
  <sequence>111</sequence>
  <level>END</level>
  <class>com.kms.katalon.core.logging.XmlKeywordLogger</class>
  <method>endTest</method>
  <thread>1</thread>
  <message>End Test Case : Test Cases/Workilo/Bookings/ServiceProvider/New Booking Order</message>
  <nestedLevel>0</nestedLevel>
</record>
<record>
  <date>2019-08-19T19:58:47</date>
  <millis>1566224927778</millis>
  <sequence>112</sequence>
  <level>START</level>
  <class>com.kms.katalon.core.logging.XmlKeywordLogger</class>
  <method>startKeyword</method>
  <thread>1</thread>
  <message>Start listener action : exportKatalonReports</message>
  <nestedLevel>0</nestedLevel>
</record>
<record>
  <date>2019-08-19T19:58:48</date>
  <millis>1566224928149</millis>
  <sequence>336</sequence>
  <level>INFO</level>
  <class>com.kms.katalon.core.logging.XmlKeywordLogger</class>
  <method>logMessage</method>
  <thread>1</thread>
  <message>Start generating HTML report folder at: C:\\Users\\DAPL-Asset-180\\Desktop\\project folder\\Workilo\\WorkiloAutomation(14.8.19)\\Reports\\Bookings\\20190819_195741...</message>
  <nestedLevel>0</nestedLevel>
</record>
<record>
  <date>2019-08-19T19:58:48</date>
  <millis>1566224928638</millis>
  <sequence>337</sequence>
  <level>INFO</level>
  <class>com.kms.katalon.core.logging.XmlKeywordLogger</class>
  <method>logMessage</method>
  <thread>1</thread>
  <message>HTML report generated</message>
  <nestedLevel>0</nestedLevel>
</record>
<record>
  <date>2019-08-19T19:58:48</date>
  <millis>1566224928639</millis>
  <sequence>338</sequence>
  <level>INFO</level>
  <class>com.kms.katalon.core.logging.XmlKeywordLogger</class>
  <method>logMessage</method>
  <thread>1</thread>
  <message>Start generating CSV report folder at: C:\\Users\\DAPL-Asset-180\\Desktop\\project folder\\Workilo\\WorkiloAutomation(14.8.19)\\Reports\\Bookings\\20190819_195741...</message>
  <nestedLevel>0</nestedLevel>
</record>
<record>
  <date>2019-08-19T19:58:48</date>
  <millis>1566224928681</millis>
  <sequence>339</sequence>
  <level>INFO</level>
  <class>com.kms.katalon.core.logging.XmlKeywordLogger</class>
  <method>logMessage</method>
  <thread>1</thread>
  <message>CSV report generated</message>
  <nestedLevel>0</nestedLevel>
</record>
<record>
  <date>2019-08-19T19:58:48</date>
  <millis>1566224928682</millis>
  <sequence>340</sequence>
  <level>INFO</level>
  <class>com.kms.katalon.core.logging.XmlKeywordLogger</class>
  <method>logMessage</method>
  <thread>1</thread>
  <message>Start generating JUnit report folder at: C:\\Users\\DAPL-Asset-180\\Desktop\\project folder\\Workilo\\WorkiloAutomation(14.8.19)\\Reports\\Bookings\\20190819_195741...</message>
  <nestedLevel>0</nestedLevel>
</record>
<record>
  <date>2019-08-19T19:58:48</date>
  <millis>1566224928970</millis>
  <sequence>341</sequence>
  <level>INFO</level>
  <class>com.kms.katalon.core.logging.XmlKeywordLogger</class>
  <method>logMessage</method>
  <thread>1</thread>
  <message>JUnit report generated</message>
  <nestedLevel>0</nestedLevel>
</record>
<record>
  <date>2019-08-19T19:58:48</date>
  <millis>1566224928972</millis>
  <sequence>342</sequence>
  <level>INFO</level>
  <class>com.kms.katalon.core.logging.XmlKeywordLogger</class>
  <method>logMessage</method>
  <thread>1</thread>
  <message>Start generating PDF report folder at: C:\\Users\\DAPL-Asset-180\\Desktop\\project folder\\Workilo\\WorkiloAutomation(14.8.19)\\Reports\\Bookings\\20190819_195741...</message>
  <nestedLevel>0</nestedLevel>
</record>
<record>
  <date>2019-08-19T19:58:56</date>
  <millis>1566224936617</millis>
  <sequence>343</sequence>
  <level>INFO</level>
  <class>com.kms.katalon.core.logging.XmlKeywordLogger</class>
  <method>logMessage</method>
  <thread>1</thread>
  <message>PDF report generated</message>
  <nestedLevel>0</nestedLevel>
</record>
<record>
  <date>2019-08-19T19:58:56</date>
  <millis>1566224936618</millis>
  <sequence>345</sequence>
  <level>END</level>
  <class>com.kms.katalon.core.logging.XmlKeywordLogger</class>
  <method>endKeyword</method>
  <thread>1</thread>
  <message>End listener action : exportKatalonReports</message>
  <nestedLevel>0</nestedLevel>
</record>
<record>
  <date>2019-08-19T19:58:56</date>
  <millis>1566224936682</millis>
  <sequence>346</sequence>
  <level>END</level>
  <class>com.kms.katalon.core.logging.XmlKeywordLogger</class>
  <method>endSuite</method>
  <thread>1</thread>
  <message>End Test Suite : Test Suites/Bookings</message>
  <nestedLevel>0</nestedLevel>
</record>
</log>