<?xml version="1.0" encoding="UTF-8" standalone="no"?>
<!DOCTYPE log SYSTEM "logger.dtd">
<log>
<record>
  <date>2019-08-17T21:29:52</date>
  <millis>1566057592449</millis>
  <sequence>0</sequence>
  <level>START</level>
  <class>com.kms.katalon.core.logging.XmlKeywordLogger</class>
  <method>startSuite</method>
  <thread>1</thread>
  <message>Start Test Suite : Test Suites/Listing</message>
  <nestedLevel>0</nestedLevel>
  <property name="name">Listing</property>
  <property name="description"></property>
  <property name="id">Test Suites/Listing</property>
</record>
<record>
  <date>2019-08-17T21:29:52</date>
  <millis>1566057592478</millis>
  <sequence>1</sequence>
  <level>RUN_DATA</level>
  <class>com.kms.katalon.core.logging.XmlKeywordLogger</class>
  <method>logMessage</method>
  <thread>1</thread>
  <message>hostName = DAPL-Asset-180 - DAPL-Asset-180</message>
  <nestedLevel>0</nestedLevel>
  <property name="hostName">DAPL-Asset-180 - DAPL-Asset-180</property>
</record>
<record>
  <date>2019-08-17T21:29:52</date>
  <millis>1566057592486</millis>
  <sequence>2</sequence>
  <level>RUN_DATA</level>
  <class>com.kms.katalon.core.logging.XmlKeywordLogger</class>
  <method>logMessage</method>
  <thread>1</thread>
  <message>os = Windows 8.1 64bit</message>
  <nestedLevel>0</nestedLevel>
  <property name="os">Windows 8.1 64bit</property>
</record>
<record>
  <date>2019-08-17T21:29:52</date>
  <millis>1566057592488</millis>
  <sequence>3</sequence>
  <level>RUN_DATA</level>
  <class>com.kms.katalon.core.logging.XmlKeywordLogger</class>
  <method>logMessage</method>
  <thread>1</thread>
  <message>hostAddress = 192.168.43.246</message>
  <nestedLevel>0</nestedLevel>
  <property name="hostAddress">192.168.43.246</property>
</record>
<record>
  <date>2019-08-17T21:29:52</date>
  <millis>1566057592491</millis>
  <sequence>4</sequence>
  <level>RUN_DATA</level>
  <class>com.kms.katalon.core.logging.XmlKeywordLogger</class>
  <method>logMessage</method>
  <thread>1</thread>
  <message>katalonVersion = 6.2.1.2</message>
  <nestedLevel>0</nestedLevel>
  <property name="katalonVersion">6.2.1.2</property>
</record>
<record>
  <date>2019-08-17T21:29:52</date>
  <millis>1566057592980</millis>
  <sequence>5</sequence>
  <level>START</level>
  <class>com.kms.katalon.core.logging.XmlKeywordLogger</class>
  <method>startTest</method>
  <thread>1</thread>
  <message>Start Test Case : Test Cases/Workilo/Listing/Add Listing/AddListing</message>
  <nestedLevel>1</nestedLevel>
  <property name="name">Test Cases/Workilo/Listing/Add Listing/AddListing</property>
  <property name="description"></property>
  <property name="id">Test Cases/Workilo/Listing/Add Listing/AddListing</property>
  <property name="source">C:\\Users\\DAPL-Asset-180\\Desktop\\project folder\\Workilo\\WorkiloAutomation(14.8.19)\\Test Cases\\Workilo\\Listing\\Add Listing\\AddListing.tc</property>
  <property name="tag"></property>
  <property name="isOptional">false</property>
</record>
<record>
  <date>2019-08-17T21:29:53</date>
  <millis>1566057593334</millis>
  <sequence>7</sequence>
  <level>INFO</level>
  <class>com.kms.katalon.core.logging.XmlKeywordLogger</class>
  <method>logMessage</method>
  <thread>1</thread>
  <message>(Default) chromePath = C:\\\\Users\\\\DAPL-Asset-180\\\\Desktop\\lib\\\\webdriver\\\\chromedriver_win321\\\\chromedriver.exe</message>
  <nestedLevel>1</nestedLevel>
</record>
<record>
  <date>2019-08-17T21:29:53</date>
  <millis>1566057593922</millis>
  <sequence>8</sequence>
  <level>START</level>
  <class>com.kms.katalon.core.logging.XmlKeywordLogger</class>
  <method>startKeyword</method>
  <thread>1</thread>
  <message>Start action : System.setProperty(\&amp;quot;webdriver.chrome.driver\&amp;quot;, chromePath)</message>
  <nestedLevel>1</nestedLevel>
  <property name="startLine">10</property>
  <property name="stepIndex">1</property>
</record>
<record>
  <date>2019-08-17T21:29:53</date>
  <millis>1566057593928</millis>
  <sequence>9</sequence>
  <level>END</level>
  <class>com.kms.katalon.core.logging.XmlKeywordLogger</class>
  <method>endKeyword</method>
  <thread>1</thread>
  <message>End action : System.setProperty(\&amp;quot;webdriver.chrome.driver\&amp;quot;, chromePath)</message>
  <nestedLevel>1</nestedLevel>
</record>
<record>
  <date>2019-08-17T21:29:53</date>
  <millis>1566057593929</millis>
  <sequence>10</sequence>
  <level>START</level>
  <class>com.kms.katalon.core.logging.XmlKeywordLogger</class>
  <method>startKeyword</method>
  <thread>1</thread>
  <message>Start action : driver = new org.openqa.selenium.chrome.ChromeDriver()</message>
  <nestedLevel>1</nestedLevel>
  <property name="startLine">12</property>
  <property name="stepIndex">2</property>
</record>
<record>
  <date>2019-08-17T21:29:57</date>
  <millis>1566057597989</millis>
  <sequence>12</sequence>
  <level>END</level>
  <class>com.kms.katalon.core.logging.XmlKeywordLogger</class>
  <method>endKeyword</method>
  <thread>1</thread>
  <message>End action : driver = new org.openqa.selenium.chrome.ChromeDriver()</message>
  <nestedLevel>1</nestedLevel>
</record>
<record>
  <date>2019-08-17T21:29:57</date>
  <millis>1566057597989</millis>
  <sequence>13</sequence>
  <level>START</level>
  <class>com.kms.katalon.core.logging.XmlKeywordLogger</class>
  <method>startKeyword</method>
  <thread>1</thread>
  <message>Start action : window().maximize()</message>
  <nestedLevel>1</nestedLevel>
  <property name="startLine">14</property>
  <property name="stepIndex">3</property>
</record>
<record>
  <date>2019-08-17T21:29:59</date>
  <millis>1566057599153</millis>
  <sequence>14</sequence>
  <level>END</level>
  <class>com.kms.katalon.core.logging.XmlKeywordLogger</class>
  <method>endKeyword</method>
  <thread>1</thread>
  <message>End action : window().maximize()</message>
  <nestedLevel>1</nestedLevel>
</record>
<record>
  <date>2019-08-17T21:29:59</date>
  <millis>1566057599154</millis>
  <sequence>15</sequence>
  <level>START</level>
  <class>com.kms.katalon.core.logging.XmlKeywordLogger</class>
  <method>startKeyword</method>
  <thread>1</thread>
  <message>Start action : driver.get(\&amp;quot;http://workilo.com\&amp;quot;)</message>
  <nestedLevel>1</nestedLevel>
  <property name="startLine">16</property>
  <property name="stepIndex">4</property>
</record>
<record>
  <date>2019-08-17T21:30:09</date>
  <millis>1566057609463</millis>
  <sequence>16</sequence>
  <level>END</level>
  <class>com.kms.katalon.core.logging.XmlKeywordLogger</class>
  <method>endKeyword</method>
  <thread>1</thread>
  <message>End action : driver.get(\&amp;quot;http://workilo.com\&amp;quot;)</message>
  <nestedLevel>1</nestedLevel>
</record>
<record>
  <date>2019-08-17T21:30:09</date>
  <millis>1566057609463</millis>
  <sequence>17</sequence>
  <level>START</level>
  <class>com.kms.katalon.core.logging.XmlKeywordLogger</class>
  <method>startKeyword</method>
  <thread>1</thread>
  <message>Start action : timeouts().implicitlyWait(30, SECONDS)</message>
  <nestedLevel>1</nestedLevel>
  <property name="startLine">18</property>
  <property name="stepIndex">5</property>
</record>
<record>
  <date>2019-08-17T21:30:09</date>
  <millis>1566057609490</millis>
  <sequence>18</sequence>
  <level>END</level>
  <class>com.kms.katalon.core.logging.XmlKeywordLogger</class>
  <method>endKeyword</method>
  <thread>1</thread>
  <message>End action : timeouts().implicitlyWait(30, SECONDS)</message>
  <nestedLevel>1</nestedLevel>
</record>
<record>
  <date>2019-08-17T21:30:09</date>
  <millis>1566057609490</millis>
  <sequence>19</sequence>
  <level>START</level>
  <class>com.kms.katalon.core.logging.XmlKeywordLogger</class>
  <method>startKeyword</method>
  <thread>1</thread>
  <message>Start action : linkText(\&amp;quot;Log In\&amp;quot;)).click()</message>
  <nestedLevel>1</nestedLevel>
  <property name="startLine">20</property>
  <property name="stepIndex">6</property>
</record>
<record>
  <date>2019-08-17T21:30:09</date>
  <millis>1566057609667</millis>
  <sequence>20</sequence>
  <level>END</level>
  <class>com.kms.katalon.core.logging.XmlKeywordLogger</class>
  <method>endKeyword</method>
  <thread>1</thread>
  <message>End action : linkText(\&amp;quot;Log In\&amp;quot;)).click()</message>
  <nestedLevel>1</nestedLevel>
</record>
<record>
  <date>2019-08-17T21:30:09</date>
  <millis>1566057609668</millis>
  <sequence>21</sequence>
  <level>START</level>
  <class>com.kms.katalon.core.logging.XmlKeywordLogger</class>
  <method>startKeyword</method>
  <thread>1</thread>
  <message>Start action : Thread.sleep(2000)</message>
  <nestedLevel>1</nestedLevel>
  <property name="startLine">22</property>
  <property name="stepIndex">7</property>
</record>
<record>
  <date>2019-08-17T21:30:11</date>
  <millis>1566057611681</millis>
  <sequence>22</sequence>
  <level>END</level>
  <class>com.kms.katalon.core.logging.XmlKeywordLogger</class>
  <method>endKeyword</method>
  <thread>1</thread>
  <message>End action : Thread.sleep(2000)</message>
  <nestedLevel>1</nestedLevel>
</record>
<record>
  <date>2019-08-17T21:30:11</date>
  <millis>1566057611682</millis>
  <sequence>23</sequence>
  <level>START</level>
  <class>com.kms.katalon.core.logging.XmlKeywordLogger</class>
  <method>startKeyword</method>
  <thread>1</thread>
  <message>Start action : id(\&amp;quot;email_login\&amp;quot;)).sendKeys(\&amp;quot;testworkilo@gmail.com\&amp;quot;)</message>
  <nestedLevel>1</nestedLevel>
  <property name="startLine">24</property>
  <property name="stepIndex">8</property>
</record>
<record>
  <date>2019-08-17T21:30:11</date>
  <millis>1566057611906</millis>
  <sequence>24</sequence>
  <level>END</level>
  <class>com.kms.katalon.core.logging.XmlKeywordLogger</class>
  <method>endKeyword</method>
  <thread>1</thread>
  <message>End action : id(\&amp;quot;email_login\&amp;quot;)).sendKeys(\&amp;quot;testworkilo@gmail.com\&amp;quot;)</message>
  <nestedLevel>1</nestedLevel>
</record>
<record>
  <date>2019-08-17T21:30:11</date>
  <millis>1566057611907</millis>
  <sequence>25</sequence>
  <level>START</level>
  <class>com.kms.katalon.core.logging.XmlKeywordLogger</class>
  <method>startKeyword</method>
  <thread>1</thread>
  <message>Start action : id(\&amp;quot;password_login\&amp;quot;)).sendKeys(\&amp;quot;admin#123\&amp;quot;)</message>
  <nestedLevel>1</nestedLevel>
  <property name="startLine">26</property>
  <property name="stepIndex">9</property>
</record>
<record>
  <date>2019-08-17T21:30:12</date>
  <millis>1566057612109</millis>
  <sequence>26</sequence>
  <level>END</level>
  <class>com.kms.katalon.core.logging.XmlKeywordLogger</class>
  <method>endKeyword</method>
  <thread>1</thread>
  <message>End action : id(\&amp;quot;password_login\&amp;quot;)).sendKeys(\&amp;quot;admin#123\&amp;quot;)</message>
  <nestedLevel>1</nestedLevel>
</record>
<record>
  <date>2019-08-17T21:30:12</date>
  <millis>1566057612110</millis>
  <sequence>27</sequence>
  <level>START</level>
  <class>com.kms.katalon.core.logging.XmlKeywordLogger</class>
  <method>startKeyword</method>
  <thread>1</thread>
  <message>Start action : //*[@value=&amp;apos;Log in&amp;apos;]\&amp;quot;)).click()</message>
  <nestedLevel>1</nestedLevel>
  <property name="startLine">28</property>
  <property name="stepIndex">10</property>
</record>
<record>
  <date>2019-08-17T21:30:12</date>
  <millis>1566057612245</millis>
  <sequence>28</sequence>
  <level>END</level>
  <class>com.kms.katalon.core.logging.XmlKeywordLogger</class>
  <method>endKeyword</method>
  <thread>1</thread>
  <message>End action : //*[@value=&amp;apos;Log in&amp;apos;]\&amp;quot;)).click()</message>
  <nestedLevel>1</nestedLevel>
</record>
<record>
  <date>2019-08-17T21:30:12</date>
  <millis>1566057612246</millis>
  <sequence>29</sequence>
  <level>START</level>
  <class>com.kms.katalon.core.logging.XmlKeywordLogger</class>
  <method>startKeyword</method>
  <thread>1</thread>
  <message>Start action : Thread.sleep(3000)</message>
  <nestedLevel>1</nestedLevel>
  <property name="startLine">30</property>
  <property name="stepIndex">11</property>
</record>
<record>
  <date>2019-08-17T21:30:15</date>
  <millis>1566057615249</millis>
  <sequence>30</sequence>
  <level>END</level>
  <class>com.kms.katalon.core.logging.XmlKeywordLogger</class>
  <method>endKeyword</method>
  <thread>1</thread>
  <message>End action : Thread.sleep(3000)</message>
  <nestedLevel>1</nestedLevel>
</record>
<record>
  <date>2019-08-17T21:30:15</date>
  <millis>1566057615250</millis>
  <sequence>31</sequence>
  <level>START</level>
  <class>com.kms.katalon.core.logging.XmlKeywordLogger</class>
  <method>startKeyword</method>
  <thread>1</thread>
  <message>Start action : xpath(\&amp;quot;/html/body/header/div/span[1]\&amp;quot;)).click()</message>
  <nestedLevel>1</nestedLevel>
  <property name="startLine">32</property>
  <property name="stepIndex">12</property>
</record>
<record>
  <date>2019-08-17T21:30:15</date>
  <millis>1566057615370</millis>
  <sequence>32</sequence>
  <level>END</level>
  <class>com.kms.katalon.core.logging.XmlKeywordLogger</class>
  <method>endKeyword</method>
  <thread>1</thread>
  <message>End action : xpath(\&amp;quot;/html/body/header/div/span[1]\&amp;quot;)).click()</message>
  <nestedLevel>1</nestedLevel>
</record>
<record>
  <date>2019-08-17T21:30:15</date>
  <millis>1566057615371</millis>
  <sequence>33</sequence>
  <level>START</level>
  <class>com.kms.katalon.core.logging.XmlKeywordLogger</class>
  <method>startKeyword</method>
  <thread>1</thread>
  <message>Start action : Thread.sleep(2000)</message>
  <nestedLevel>1</nestedLevel>
  <property name="startLine">38</property>
  <property name="stepIndex">13</property>
</record>
<record>
  <date>2019-08-17T21:30:17</date>
  <millis>1566057617371</millis>
  <sequence>34</sequence>
  <level>END</level>
  <class>com.kms.katalon.core.logging.XmlKeywordLogger</class>
  <method>endKeyword</method>
  <thread>1</thread>
  <message>End action : Thread.sleep(2000)</message>
  <nestedLevel>1</nestedLevel>
</record>
<record>
  <date>2019-08-17T21:30:17</date>
  <millis>1566057617372</millis>
  <sequence>35</sequence>
  <level>START</level>
  <class>com.kms.katalon.core.logging.XmlKeywordLogger</class>
  <method>startKeyword</method>
  <thread>1</thread>
  <message>Start action : xpath(\&amp;quot;/html/body/div[4]/div/div[1]/ul/li[4]/a\&amp;quot;)).click()</message>
  <nestedLevel>1</nestedLevel>
  <property name="startLine">40</property>
  <property name="stepIndex">14</property>
</record>
<record>
  <date>2019-08-17T21:30:18</date>
  <millis>1566057618893</millis>
  <sequence>36</sequence>
  <level>END</level>
  <class>com.kms.katalon.core.logging.XmlKeywordLogger</class>
  <method>endKeyword</method>
  <thread>1</thread>
  <message>End action : xpath(\&amp;quot;/html/body/div[4]/div/div[1]/ul/li[4]/a\&amp;quot;)).click()</message>
  <nestedLevel>1</nestedLevel>
</record>
<record>
  <date>2019-08-17T21:30:18</date>
  <millis>1566057618894</millis>
  <sequence>37</sequence>
  <level>START</level>
  <class>com.kms.katalon.core.logging.XmlKeywordLogger</class>
  <method>startKeyword</method>
  <thread>1</thread>
  <message>Start action : name(\&amp;quot;title\&amp;quot;)).sendKeys(\&amp;quot;Home Appliances\&amp;quot;)</message>
  <nestedLevel>1</nestedLevel>
  <property name="startLine">42</property>
  <property name="stepIndex">15</property>
</record>
<record>
  <date>2019-08-17T21:30:19</date>
  <millis>1566057619084</millis>
  <sequence>38</sequence>
  <level>END</level>
  <class>com.kms.katalon.core.logging.XmlKeywordLogger</class>
  <method>endKeyword</method>
  <thread>1</thread>
  <message>End action : name(\&amp;quot;title\&amp;quot;)).sendKeys(\&amp;quot;Home Appliances\&amp;quot;)</message>
  <nestedLevel>1</nestedLevel>
</record>
<record>
  <date>2019-08-17T21:30:19</date>
  <millis>1566057619085</millis>
  <sequence>39</sequence>
  <level>START</level>
  <class>com.kms.katalon.core.logging.XmlKeywordLogger</class>
  <method>startKeyword</method>
  <thread>1</thread>
  <message>Start action : category = new org.openqa.selenium.support.ui.Select(driver.findElement(org.openqa.selenium.By.id(category)))</message>
  <nestedLevel>1</nestedLevel>
  <property name="startLine">44</property>
  <property name="stepIndex">16</property>
</record>
<record>
  <date>2019-08-17T21:30:19</date>
  <millis>1566057619153</millis>
  <sequence>40</sequence>
  <level>END</level>
  <class>com.kms.katalon.core.logging.XmlKeywordLogger</class>
  <method>endKeyword</method>
  <thread>1</thread>
  <message>End action : category = new org.openqa.selenium.support.ui.Select(driver.findElement(org.openqa.selenium.By.id(category)))</message>
  <nestedLevel>1</nestedLevel>
</record>
<record>
  <date>2019-08-17T21:30:19</date>
  <millis>1566057619153</millis>
  <sequence>41</sequence>
  <level>START</level>
  <class>com.kms.katalon.core.logging.XmlKeywordLogger</class>
  <method>startKeyword</method>
  <thread>1</thread>
  <message>Start action : category.selectByValue(\&amp;quot;80\&amp;quot;)</message>
  <nestedLevel>1</nestedLevel>
  <property name="startLine">46</property>
  <property name="stepIndex">17</property>
</record>
<record>
  <date>2019-08-17T21:30:19</date>
  <millis>1566057619259</millis>
  <sequence>42</sequence>
  <level>END</level>
  <class>com.kms.katalon.core.logging.XmlKeywordLogger</class>
  <method>endKeyword</method>
  <thread>1</thread>
  <message>End action : category.selectByValue(\&amp;quot;80\&amp;quot;)</message>
  <nestedLevel>1</nestedLevel>
</record>
<record>
  <date>2019-08-17T21:30:19</date>
  <millis>1566057619260</millis>
  <sequence>43</sequence>
  <level>START</level>
  <class>com.kms.katalon.core.logging.XmlKeywordLogger</class>
  <method>startKeyword</method>
  <thread>1</thread>
  <message>Start action : xpath(\&amp;quot;//*[@id=&amp;apos;tags&amp;apos;]/input[1]\&amp;quot;)).sendKeys(\&amp;quot;Repairing\&amp;quot;)</message>
  <nestedLevel>1</nestedLevel>
  <property name="startLine">48</property>
  <property name="stepIndex">18</property>
</record>
<record>
  <date>2019-08-17T21:30:19</date>
  <millis>1566057619402</millis>
  <sequence>44</sequence>
  <level>END</level>
  <class>com.kms.katalon.core.logging.XmlKeywordLogger</class>
  <method>endKeyword</method>
  <thread>1</thread>
  <message>End action : xpath(\&amp;quot;//*[@id=&amp;apos;tags&amp;apos;]/input[1]\&amp;quot;)).sendKeys(\&amp;quot;Repairing\&amp;quot;)</message>
  <nestedLevel>1</nestedLevel>
</record>
<record>
  <date>2019-08-17T21:30:19</date>
  <millis>1566057619402</millis>
  <sequence>45</sequence>
  <level>START</level>
  <class>com.kms.katalon.core.logging.XmlKeywordLogger</class>
  <method>startKeyword</method>
  <thread>1</thread>
  <message>Start action : action = new org.openqa.selenium.interactions.Actions(driver)</message>
  <nestedLevel>1</nestedLevel>
  <property name="startLine">50</property>
  <property name="stepIndex">19</property>
</record>
<record>
  <date>2019-08-17T21:30:19</date>
  <millis>1566057619416</millis>
  <sequence>46</sequence>
  <level>END</level>
  <class>com.kms.katalon.core.logging.XmlKeywordLogger</class>
  <method>endKeyword</method>
  <thread>1</thread>
  <message>End action : action = new org.openqa.selenium.interactions.Actions(driver)</message>
  <nestedLevel>1</nestedLevel>
</record>
<record>
  <date>2019-08-17T21:30:19</date>
  <millis>1566057619416</millis>
  <sequence>47</sequence>
  <level>START</level>
  <class>com.kms.katalon.core.logging.XmlKeywordLogger</class>
  <method>startKeyword</method>
  <thread>1</thread>
  <message>Start action : build().perform()</message>
  <nestedLevel>1</nestedLevel>
  <property name="startLine">52</property>
  <property name="stepIndex">20</property>
</record>
<record>
  <date>2019-08-17T21:30:19</date>
  <millis>1566057619460</millis>
  <sequence>48</sequence>
  <level>END</level>
  <class>com.kms.katalon.core.logging.XmlKeywordLogger</class>
  <method>endKeyword</method>
  <thread>1</thread>
  <message>End action : build().perform()</message>
  <nestedLevel>1</nestedLevel>
</record>
<record>
  <date>2019-08-17T21:30:19</date>
  <millis>1566057619461</millis>
  <sequence>49</sequence>
  <level>START</level>
  <class>com.kms.katalon.core.logging.XmlKeywordLogger</class>
  <method>startKeyword</method>
  <thread>1</thread>
  <message>Start action : xpath(\&amp;quot;//*[@id=&amp;apos;tags&amp;apos;]/input[1]\&amp;quot;)).sendKeys(\&amp;quot;Installing\&amp;quot;)</message>
  <nestedLevel>1</nestedLevel>
  <property name="startLine">54</property>
  <property name="stepIndex">21</property>
</record>
<record>
  <date>2019-08-17T21:30:19</date>
  <millis>1566057619590</millis>
  <sequence>50</sequence>
  <level>END</level>
  <class>com.kms.katalon.core.logging.XmlKeywordLogger</class>
  <method>endKeyword</method>
  <thread>1</thread>
  <message>End action : xpath(\&amp;quot;//*[@id=&amp;apos;tags&amp;apos;]/input[1]\&amp;quot;)).sendKeys(\&amp;quot;Installing\&amp;quot;)</message>
  <nestedLevel>1</nestedLevel>
</record>
<record>
  <date>2019-08-17T21:30:19</date>
  <millis>1566057619590</millis>
  <sequence>51</sequence>
  <level>START</level>
  <class>com.kms.katalon.core.logging.XmlKeywordLogger</class>
  <method>startKeyword</method>
  <thread>1</thread>
  <message>Start action : build().perform()</message>
  <nestedLevel>1</nestedLevel>
  <property name="startLine">56</property>
  <property name="stepIndex">22</property>
</record>
<record>
  <date>2019-08-17T21:30:19</date>
  <millis>1566057619606</millis>
  <sequence>52</sequence>
  <level>END</level>
  <class>com.kms.katalon.core.logging.XmlKeywordLogger</class>
  <method>endKeyword</method>
  <thread>1</thread>
  <message>End action : build().perform()</message>
  <nestedLevel>1</nestedLevel>
</record>
<record>
  <date>2019-08-17T21:30:19</date>
  <millis>1566057619606</millis>
  <sequence>53</sequence>
  <level>START</level>
  <class>com.kms.katalon.core.logging.XmlKeywordLogger</class>
  <method>startKeyword</method>
  <thread>1</thread>
  <message>Start action : description = \&amp;quot;We delivered our service at very low cost. We provide home renovation repairing and installing new things.\&amp;quot;</message>
  <nestedLevel>1</nestedLevel>
  <property name="startLine">58</property>
  <property name="stepIndex">23</property>
</record>
<record>
  <date>2019-08-17T21:30:19</date>
  <millis>1566057619607</millis>
  <sequence>54</sequence>
  <level>END</level>
  <class>com.kms.katalon.core.logging.XmlKeywordLogger</class>
  <method>endKeyword</method>
  <thread>1</thread>
  <message>End action : description = \&amp;quot;We delivered our service at very low cost. We provide home renovation repairing and installing new things.\&amp;quot;</message>
  <nestedLevel>1</nestedLevel>
</record>
<record>
  <date>2019-08-17T21:30:19</date>
  <millis>1566057619608</millis>
  <sequence>55</sequence>
  <level>START</level>
  <class>com.kms.katalon.core.logging.XmlKeywordLogger</class>
  <method>startKeyword</method>
  <thread>1</thread>
  <message>Start action : id(\&amp;quot;description\&amp;quot;)).sendKeys(description)</message>
  <nestedLevel>1</nestedLevel>
  <property name="startLine">60</property>
  <property name="stepIndex">24</property>
</record>
<record>
  <date>2019-08-17T21:30:20</date>
  <millis>1566057620116</millis>
  <sequence>56</sequence>
  <level>END</level>
  <class>com.kms.katalon.core.logging.XmlKeywordLogger</class>
  <method>endKeyword</method>
  <thread>1</thread>
  <message>End action : id(\&amp;quot;description\&amp;quot;)).sendKeys(description)</message>
  <nestedLevel>1</nestedLevel>
</record>
<record>
  <date>2019-08-17T21:30:20</date>
  <millis>1566057620117</millis>
  <sequence>57</sequence>
  <level>START</level>
  <class>com.kms.katalon.core.logging.XmlKeywordLogger</class>
  <method>startKeyword</method>
  <thread>1</thread>
  <message>Start action : id(\&amp;quot;total_price\&amp;quot;)).sendKeys(\&amp;quot;1\&amp;quot;)</message>
  <nestedLevel>1</nestedLevel>
  <property name="startLine">62</property>
  <property name="stepIndex">25</property>
</record>
<record>
  <date>2019-08-17T21:30:20</date>
  <millis>1566057620255</millis>
  <sequence>58</sequence>
  <level>END</level>
  <class>com.kms.katalon.core.logging.XmlKeywordLogger</class>
  <method>endKeyword</method>
  <thread>1</thread>
  <message>End action : id(\&amp;quot;total_price\&amp;quot;)).sendKeys(\&amp;quot;1\&amp;quot;)</message>
  <nestedLevel>1</nestedLevel>
</record>
<record>
  <date>2019-08-17T21:30:20</date>
  <millis>1566057620256</millis>
  <sequence>59</sequence>
  <level>START</level>
  <class>com.kms.katalon.core.logging.XmlKeywordLogger</class>
  <method>startKeyword</method>
  <thread>1</thread>
  <message>Start action : id(\&amp;quot;editor2\&amp;quot;)).sendKeys(\&amp;quot;We provide all the materials which is needed at the time of installation or repairing.\&amp;quot;)</message>
  <nestedLevel>1</nestedLevel>
  <property name="startLine">64</property>
  <property name="stepIndex">26</property>
</record>
<record>
  <date>2019-08-17T21:30:20</date>
  <millis>1566057620705</millis>
  <sequence>60</sequence>
  <level>END</level>
  <class>com.kms.katalon.core.logging.XmlKeywordLogger</class>
  <method>endKeyword</method>
  <thread>1</thread>
  <message>End action : id(\&amp;quot;editor2\&amp;quot;)).sendKeys(\&amp;quot;We provide all the materials which is needed at the time of installation or repairing.\&amp;quot;)</message>
  <nestedLevel>1</nestedLevel>
</record>
<record>
  <date>2019-08-17T21:30:20</date>
  <millis>1566057620705</millis>
  <sequence>61</sequence>
  <level>START</level>
  <class>com.kms.katalon.core.logging.XmlKeywordLogger</class>
  <method>startKeyword</method>
  <thread>1</thread>
  <message>Start action : travel = new org.openqa.selenium.support.ui.Select(driver.findElement(org.openqa.selenium.By.id(miles_travel)))</message>
  <nestedLevel>1</nestedLevel>
  <property name="startLine">66</property>
  <property name="stepIndex">27</property>
</record>
<record>
  <date>2019-08-17T21:30:20</date>
  <millis>1566057620754</millis>
  <sequence>62</sequence>
  <level>END</level>
  <class>com.kms.katalon.core.logging.XmlKeywordLogger</class>
  <method>endKeyword</method>
  <thread>1</thread>
  <message>End action : travel = new org.openqa.selenium.support.ui.Select(driver.findElement(org.openqa.selenium.By.id(miles_travel)))</message>
  <nestedLevel>1</nestedLevel>
</record>
<record>
  <date>2019-08-17T21:30:20</date>
  <millis>1566057620754</millis>
  <sequence>63</sequence>
  <level>START</level>
  <class>com.kms.katalon.core.logging.XmlKeywordLogger</class>
  <method>startKeyword</method>
  <thread>1</thread>
  <message>Start action : travel.selectByValue(\&amp;quot;5\&amp;quot;)</message>
  <nestedLevel>1</nestedLevel>
  <property name="startLine">68</property>
  <property name="stepIndex">28</property>
</record>
<record>
  <date>2019-08-17T21:30:20</date>
  <millis>1566057620843</millis>
  <sequence>64</sequence>
  <level>END</level>
  <class>com.kms.katalon.core.logging.XmlKeywordLogger</class>
  <method>endKeyword</method>
  <thread>1</thread>
  <message>End action : travel.selectByValue(\&amp;quot;5\&amp;quot;)</message>
  <nestedLevel>1</nestedLevel>
</record>
<record>
  <date>2019-08-17T21:30:20</date>
  <millis>1566057620844</millis>
  <sequence>65</sequence>
  <level>START</level>
  <class>com.kms.katalon.core.logging.XmlKeywordLogger</class>
  <method>startKeyword</method>
  <thread>1</thread>
  <message>Start action : id(\&amp;quot;where_located\&amp;quot;)).sendKeys(\&amp;quot;New York City\&amp;quot;)</message>
  <nestedLevel>1</nestedLevel>
  <property name="startLine">70</property>
  <property name="stepIndex">29</property>
</record>
<record>
  <date>2019-08-17T21:30:21</date>
  <millis>1566057621039</millis>
  <sequence>66</sequence>
  <level>END</level>
  <class>com.kms.katalon.core.logging.XmlKeywordLogger</class>
  <method>endKeyword</method>
  <thread>1</thread>
  <message>End action : id(\&amp;quot;where_located\&amp;quot;)).sendKeys(\&amp;quot;New York City\&amp;quot;)</message>
  <nestedLevel>1</nestedLevel>
</record>
<record>
  <date>2019-08-17T21:30:21</date>
  <millis>1566057621039</millis>
  <sequence>67</sequence>
  <level>START</level>
  <class>com.kms.katalon.core.logging.XmlKeywordLogger</class>
  <method>startKeyword</method>
  <thread>1</thread>
  <message>Start action : id(\&amp;quot;manyhours\&amp;quot;)).sendKeys(\&amp;quot;8\&amp;quot;)</message>
  <nestedLevel>1</nestedLevel>
  <property name="startLine">72</property>
  <property name="stepIndex">30</property>
</record>
<record>
  <date>2019-08-17T21:30:21</date>
  <millis>1566057621142</millis>
  <sequence>68</sequence>
  <level>END</level>
  <class>com.kms.katalon.core.logging.XmlKeywordLogger</class>
  <method>endKeyword</method>
  <thread>1</thread>
  <message>End action : id(\&amp;quot;manyhours\&amp;quot;)).sendKeys(\&amp;quot;8\&amp;quot;)</message>
  <nestedLevel>1</nestedLevel>
</record>
<record>
  <date>2019-08-17T21:30:21</date>
  <millis>1566057621142</millis>
  <sequence>69</sequence>
  <level>START</level>
  <class>com.kms.katalon.core.logging.XmlKeywordLogger</class>
  <method>startKeyword</method>
  <thread>1</thread>
  <message>Start action : name(\&amp;quot;about_listing\&amp;quot;)).sendKeys(\&amp;quot;test@gmail.com\&amp;quot;)</message>
  <nestedLevel>1</nestedLevel>
  <property name="startLine">74</property>
  <property name="stepIndex">31</property>
</record>
<record>
  <date>2019-08-17T21:30:21</date>
  <millis>1566057621317</millis>
  <sequence>70</sequence>
  <level>END</level>
  <class>com.kms.katalon.core.logging.XmlKeywordLogger</class>
  <method>endKeyword</method>
  <thread>1</thread>
  <message>End action : name(\&amp;quot;about_listing\&amp;quot;)).sendKeys(\&amp;quot;test@gmail.com\&amp;quot;)</message>
  <nestedLevel>1</nestedLevel>
</record>
<record>
  <date>2019-08-17T21:30:21</date>
  <millis>1566057621317</millis>
  <sequence>71</sequence>
  <level>START</level>
  <class>com.kms.katalon.core.logging.XmlKeywordLogger</class>
  <method>startKeyword</method>
  <thread>1</thread>
  <message>Start action : id(\&amp;quot;img_up_1\&amp;quot;)).sendKeys(\&amp;quot;C:\\Users\\DAPL-Asset-70\\Desktop\\Openpay Logo\\subcategory1_34.jpg\&amp;quot;)</message>
  <nestedLevel>1</nestedLevel>
  <property name="startLine">76</property>
  <property name="stepIndex">32</property>
</record>
<record>
  <date>2019-08-17T21:30:21</date>
  <millis>1566057621473</millis>
  <sequence>72</sequence>
  <level>END</level>
  <class>com.kms.katalon.core.logging.XmlKeywordLogger</class>
  <method>endKeyword</method>
  <thread>1</thread>
  <message>End action : id(\&amp;quot;img_up_1\&amp;quot;)).sendKeys(\&amp;quot;C:\\Users\\DAPL-Asset-70\\Desktop\\Openpay Logo\\subcategory1_34.jpg\&amp;quot;)</message>
  <nestedLevel>1</nestedLevel>
</record>
<record>
  <date>2019-08-17T21:30:21</date>
  <millis>1566057621487</millis>
  <sequence>74</sequence>
  <level>ERROR</level>
  <class>com.kms.katalon.core.logging.XmlKeywordLogger</class>
  <method>logMessage</method>
  <thread>1</thread>
  <message>Test Cases/Workilo/Listing/Add Listing/AddListing FAILED.\nReason:\norg.openqa.selenium.InvalidArgumentException: invalid argument: File not found : C:\\Users\\DAPL-Asset-70\\Desktop\\Openpay Logo\\subcategory1_34.jpg\n  (Session info: chrome=76.0.3809.100)\nBuild info: version: &amp;apos;3.141.59&amp;apos;, revision: &amp;apos;e82be7d358&amp;apos;, time: &amp;apos;2018-11-14T08:25:53&amp;apos;\nSystem info: host: &amp;apos;DAPL-ASSET-180&amp;apos;, ip: &amp;apos;192.168.43.246&amp;apos;, os.name: &amp;apos;Windows 8.1&amp;apos;, os.arch: &amp;apos;amd64&amp;apos;, os.version: &amp;apos;6.3&amp;apos;, java.version: &amp;apos;1.8.0_181&amp;apos;\nDriver info: org.openqa.selenium.chrome.ChromeDriver\nCapabilities {acceptInsecureCerts: false, browserName: chrome, browserVersion: 76.0.3809.100, chrome: {chromedriverVersion: 76.0.3809.25 (a0c95f440512e..., userDataDir: C:\\Users\\DAPL-A~1\\AppData\\L...}, goog:chromeOptions: {debuggerAddress: localhost:64371}, javascriptEnabled: true, networkConnectionEnabled: false, pageLoadStrategy: normal, platform: XP, platformName: XP, proxy: Proxy(), setWindowRect: true, strictFileInteractability: false, timeouts: {implicit: 0, pageLoad: 300000, script: 30000}, unhandledPromptBehavior: dismiss and notify}\nSession ID: 621d2167f455c459c8c9fe8d6f8eabac\r\n\tat org.openqa.selenium.remote.http.W3CHttpResponseCodec.createException(W3CHttpResponseCodec.java:187)\r\n\tat org.openqa.selenium.remote.http.W3CHttpResponseCodec.decode(W3CHttpResponseCodec.java:122)\r\n\tat org.openqa.selenium.remote.http.W3CHttpResponseCodec.decode(W3CHttpResponseCodec.java:49)\r\n\tat org.openqa.selenium.remote.HttpCommandExecutor.execute(HttpCommandExecutor.java:158)\r\n\tat org.openqa.selenium.remote.service.DriverCommandExecutor.execute(DriverCommandExecutor.java:83)\r\n\tat org.openqa.selenium.remote.RemoteWebDriver.execute(RemoteWebDriver.java:552)\r\n\tat org.openqa.selenium.remote.RemoteWebElement.execute(RemoteWebElement.java:285)\r\n\tat org.openqa.selenium.remote.RemoteWebElement.sendKeys(RemoteWebElement.java:106)\r\n\tat AddListing.run(AddListing:76)\r\n\tat com.kms.katalon.core.main.ScriptEngine.run(ScriptEngine.java:194)\r\n\tat com.kms.katalon.core.main.ScriptEngine.runScriptAsRawText(ScriptEngine.java:119)\r\n\tat com.kms.katalon.core.main.TestCaseExecutor.runScript(TestCaseExecutor.java:337)\r\n\tat com.kms.katalon.core.main.TestCaseExecutor.doExecute(TestCaseExecutor.java:328)\r\n\tat com.kms.katalon.core.main.TestCaseExecutor.processExecutionPhase(TestCaseExecutor.java:307)\r\n\tat com.kms.katalon.core.main.TestCaseExecutor.accessMainPhase(TestCaseExecutor.java:299)\r\n\tat com.kms.katalon.core.main.TestCaseExecutor.execute(TestCaseExecutor.java:233)\r\n\tat com.kms.katalon.core.main.TestSuiteExecutor.accessTestCaseMainPhase(TestSuiteExecutor.java:133)\r\n\tat com.kms.katalon.core.main.TestSuiteExecutor.accessTestSuiteMainPhase(TestSuiteExecutor.java:116)\r\n\tat com.kms.katalon.core.main.TestSuiteExecutor.execute(TestSuiteExecutor.java:83)\r\n\tat com.kms.katalon.core.main.TestCaseMain.startTestSuite(TestCaseMain.java:157)\r\n\tat com.kms.katalon.core.main.TestCaseMain$startTestSuite$0.call(Unknown Source)\r\n\tat TempTestSuite1566057588268.run(TempTestSuite1566057588268.groovy:35)\r\n</message>
  <exception>
    <message>org.openqa.selenium.InvalidArgumentException: invalid argument: File not found : C:\Users\DAPL-Asset-70\Desktop\Openpay Logo\subcategory1_34.jpg
  (Session info: chrome=76.0.3809.100)
Build info: version: '3.141.59', revision: 'e82be7d358', time: '2018-11-14T08:25:53'
System info: host: 'DAPL-ASSET-180', ip: '192.168.43.246', os.name: 'Windows 8.1', os.arch: 'amd64', os.version: '6.3', java.version: '1.8.0_181'
Driver info: org.openqa.selenium.chrome.ChromeDriver
Capabilities {acceptInsecureCerts: false, browserName: chrome, browserVersion: 76.0.3809.100, chrome: {chromedriverVersion: 76.0.3809.25 (a0c95f440512e..., userDataDir: C:\Users\DAPL-A~1\AppData\L...}, goog:chromeOptions: {debuggerAddress: localhost:64371}, javascriptEnabled: true, networkConnectionEnabled: false, pageLoadStrategy: normal, platform: XP, platformName: XP, proxy: Proxy(), setWindowRect: true, strictFileInteractability: false, timeouts: {implicit: 0, pageLoad: 300000, script: 30000}, unhandledPromptBehavior: dismiss and notify}
Session ID: 621d2167f455c459c8c9fe8d6f8eabac</message>
    <frame>
      <class>org.openqa.selenium.remote.http.W3CHttpResponseCodec</class>
      <method>createException</method>
      <line>187</line>
    </frame>
    <frame>
      <class>org.openqa.selenium.remote.http.W3CHttpResponseCodec</class>
      <method>decode</method>
      <line>122</line>
    </frame>
    <frame>
      <class>org.openqa.selenium.remote.http.W3CHttpResponseCodec</class>
      <method>decode</method>
      <line>49</line>
    </frame>
    <frame>
      <class>org.openqa.selenium.remote.HttpCommandExecutor</class>
      <method>execute</method>
      <line>158</line>
    </frame>
    <frame>
      <class>org.openqa.selenium.remote.service.DriverCommandExecutor</class>
      <method>execute</method>
      <line>83</line>
    </frame>
    <frame>
      <class>org.openqa.selenium.remote.RemoteWebDriver</class>
      <method>execute</method>
      <line>552</line>
    </frame>
    <frame>
      <class>org.openqa.selenium.remote.RemoteWebElement</class>
      <method>execute</method>
      <line>285</line>
    </frame>
    <frame>
      <class>org.openqa.selenium.remote.RemoteWebElement</class>
      <method>sendKeys</method>
      <line>106</line>
    </frame>
    <frame>
      <class>AddListing</class>
      <method>run</method>
      <line>76</line>
    </frame>
    <frame>
      <class>com.kms.katalon.core.main.ScriptEngine</class>
      <method>run</method>
      <line>194</line>
    </frame>
    <frame>
      <class>com.kms.katalon.core.main.ScriptEngine</class>
      <method>runScriptAsRawText</method>
      <line>119</line>
    </frame>
    <frame>
      <class>com.kms.katalon.core.main.TestCaseExecutor</class>
      <method>runScript</method>
      <line>337</line>
    </frame>
    <frame>
      <class>com.kms.katalon.core.main.TestCaseExecutor</class>
      <method>doExecute</method>
      <line>328</line>
    </frame>
    <frame>
      <class>com.kms.katalon.core.main.TestCaseExecutor</class>
      <method>processExecutionPhase</method>
      <line>307</line>
    </frame>
    <frame>
      <class>com.kms.katalon.core.main.TestCaseExecutor</class>
      <method>accessMainPhase</method>
      <line>299</line>
    </frame>
    <frame>
      <class>com.kms.katalon.core.main.TestCaseExecutor</class>
      <method>execute</method>
      <line>233</line>
    </frame>
    <frame>
      <class>com.kms.katalon.core.main.TestSuiteExecutor</class>
      <method>accessTestCaseMainPhase</method>
      <line>133</line>
    </frame>
    <frame>
      <class>com.kms.katalon.core.main.TestSuiteExecutor</class>
      <method>accessTestSuiteMainPhase</method>
      <line>116</line>
    </frame>
    <frame>
      <class>com.kms.katalon.core.main.TestSuiteExecutor</class>
      <method>execute</method>
      <line>83</line>
    </frame>
    <frame>
      <class>com.kms.katalon.core.main.TestCaseMain</class>
      <method>startTestSuite</method>
      <line>157</line>
    </frame>
    <frame>
      <class>com.kms.katalon.core.main.TestCaseMain$startTestSuite$0</class>
      <method>call</method>
    </frame>
    <frame>
      <class>TempTestSuite1566057588268</class>
      <method>run</method>
      <line>35</line>
    </frame>
  </exception>
  <nestedLevel>0</nestedLevel>
  <property name="failed.exception.stacktrace">org.openqa.selenium.InvalidArgumentException: invalid argument: File not found : C:\\Users\\DAPL-Asset-70\\Desktop\\Openpay Logo\\subcategory1_34.jpg\n  (Session info: chrome=76.0.3809.100)\nBuild info: version: &apos;3.141.59&apos;, revision: &apos;e82be7d358&apos;, time: &apos;2018-11-14T08:25:53&apos;\nSystem info: host: &apos;DAPL-ASSET-180&apos;, ip: &apos;192.168.43.246&apos;, os.name: &apos;Windows 8.1&apos;, os.arch: &apos;amd64&apos;, os.version: &apos;6.3&apos;, java.version: &apos;1.8.0_181&apos;\nDriver info: org.openqa.selenium.chrome.ChromeDriver\nCapabilities {acceptInsecureCerts: false, browserName: chrome, browserVersion: 76.0.3809.100, chrome: {chromedriverVersion: 76.0.3809.25 (a0c95f440512e..., userDataDir: C:\\Users\\DAPL-A~1\\AppData\\L...}, goog:chromeOptions: {debuggerAddress: localhost:64371}, javascriptEnabled: true, networkConnectionEnabled: false, pageLoadStrategy: normal, platform: XP, platformName: XP, proxy: Proxy(), setWindowRect: true, strictFileInteractability: false, timeouts: {implicit: 0, pageLoad: 300000, script: 30000}, unhandledPromptBehavior: dismiss and notify}\nSession ID: 621d2167f455c459c8c9fe8d6f8eabac\r\n\tat org.openqa.selenium.remote.http.W3CHttpResponseCodec.createException(W3CHttpResponseCodec.java:187)\r\n\tat org.openqa.selenium.remote.http.W3CHttpResponseCodec.decode(W3CHttpResponseCodec.java:122)\r\n\tat org.openqa.selenium.remote.http.W3CHttpResponseCodec.decode(W3CHttpResponseCodec.java:49)\r\n\tat org.openqa.selenium.remote.HttpCommandExecutor.execute(HttpCommandExecutor.java:158)\r\n\tat org.openqa.selenium.remote.service.DriverCommandExecutor.execute(DriverCommandExecutor.java:83)\r\n\tat org.openqa.selenium.remote.RemoteWebDriver.execute(RemoteWebDriver.java:552)\r\n\tat org.openqa.selenium.remote.RemoteWebElement.execute(RemoteWebElement.java:285)\r\n\tat org.openqa.selenium.remote.RemoteWebElement.sendKeys(RemoteWebElement.java:106)\r\n\tat AddListing.run(AddListing:76)\r\n\tat com.kms.katalon.core.main.ScriptEngine.run(ScriptEngine.java:194)\r\n\tat com.kms.katalon.core.main.ScriptEngine.runScriptAsRawText(ScriptEngine.java:119)\r\n\tat com.kms.katalon.core.main.TestCaseExecutor.runScript(TestCaseExecutor.java:337)\r\n\tat com.kms.katalon.core.main.TestCaseExecutor.doExecute(TestCaseExecutor.java:328)\r\n\tat com.kms.katalon.core.main.TestCaseExecutor.processExecutionPhase(TestCaseExecutor.java:307)\r\n\tat com.kms.katalon.core.main.TestCaseExecutor.accessMainPhase(TestCaseExecutor.java:299)\r\n\tat com.kms.katalon.core.main.TestCaseExecutor.execute(TestCaseExecutor.java:233)\r\n\tat com.kms.katalon.core.main.TestSuiteExecutor.accessTestCaseMainPhase(TestSuiteExecutor.java:133)\r\n\tat com.kms.katalon.core.main.TestSuiteExecutor.accessTestSuiteMainPhase(TestSuiteExecutor.java:116)\r\n\tat com.kms.katalon.core.main.TestSuiteExecutor.execute(TestSuiteExecutor.java:83)\r\n\tat com.kms.katalon.core.main.TestCaseMain.startTestSuite(TestCaseMain.java:157)\r\n\tat com.kms.katalon.core.main.TestCaseMain$startTestSuite$0.call(Unknown Source)\r\n\tat TempTestSuite1566057588268.run(TempTestSuite1566057588268.groovy:35)\r\n</property>
  <property name="failed.exception.class">org.openqa.selenium.InvalidArgumentException</property>
  <property name="failed.exception.message">invalid argument: File not found : C:\\Users\\DAPL-Asset-70\\Desktop\\Openpay Logo\\subcategory1_34.jpg\n  (Session info: chrome=76.0.3809.100)\nBuild info: version: &apos;3.141.59&apos;, revision: &apos;e82be7d358&apos;, time: &apos;2018-11-14T08:25:53&apos;\nSystem info: host: &apos;DAPL-ASSET-180&apos;, ip: &apos;192.168.43.246&apos;, os.name: &apos;Windows 8.1&apos;, os.arch: &apos;amd64&apos;, os.version: &apos;6.3&apos;, java.version: &apos;1.8.0_181&apos;\nDriver info: org.openqa.selenium.chrome.ChromeDriver\nCapabilities {acceptInsecureCerts: false, browserName: chrome, browserVersion: 76.0.3809.100, chrome: {chromedriverVersion: 76.0.3809.25 (a0c95f440512e..., userDataDir: C:\\Users\\DAPL-A~1\\AppData\\L...}, goog:chromeOptions: {debuggerAddress: localhost:64371}, javascriptEnabled: true, networkConnectionEnabled: false, pageLoadStrategy: normal, platform: XP, platformName: XP, proxy: Proxy(), setWindowRect: true, strictFileInteractability: false, timeouts: {implicit: 0, pageLoad: 300000, script: 30000}, unhandledPromptBehavior: dismiss and notify}\nSession ID: 621d2167f455c459c8c9fe8d6f8eabac</property>
</record>
<record>
  <date>2019-08-17T21:30:21</date>
  <millis>1566057621501</millis>
  <sequence>76</sequence>
  <level>END</level>
  <class>com.kms.katalon.core.logging.XmlKeywordLogger</class>
  <method>endTest</method>
  <thread>1</thread>
  <message>End Test Case : Test Cases/Workilo/Listing/Add Listing/AddListing</message>
  <nestedLevel>0</nestedLevel>
</record>
<record>
  <date>2019-08-17T21:30:21</date>
  <millis>1566057621506</millis>
  <sequence>77</sequence>
  <level>START</level>
  <class>com.kms.katalon.core.logging.XmlKeywordLogger</class>
  <method>startKeyword</method>
  <thread>1</thread>
  <message>Start listener action : exportKatalonReports</message>
  <nestedLevel>0</nestedLevel>
</record>
<record>
  <date>2019-08-17T21:30:21</date>
  <millis>1566057621853</millis>
  <sequence>227</sequence>
  <level>INFO</level>
  <class>com.kms.katalon.core.logging.XmlKeywordLogger</class>
  <method>logMessage</method>
  <thread>1</thread>
  <message>Start generating HTML report folder at: C:\\Users\\DAPL-Asset-180\\Desktop\\project folder\\Workilo\\WorkiloAutomation(14.8.19)\\Reports\\Listing\\20190817_212948...</message>
  <nestedLevel>0</nestedLevel>
</record>
<record>
  <date>2019-08-17T21:30:22</date>
  <millis>1566057622337</millis>
  <sequence>228</sequence>
  <level>INFO</level>
  <class>com.kms.katalon.core.logging.XmlKeywordLogger</class>
  <method>logMessage</method>
  <thread>1</thread>
  <message>HTML report generated</message>
  <nestedLevel>0</nestedLevel>
</record>
<record>
  <date>2019-08-17T21:30:22</date>
  <millis>1566057622338</millis>
  <sequence>229</sequence>
  <level>INFO</level>
  <class>com.kms.katalon.core.logging.XmlKeywordLogger</class>
  <method>logMessage</method>
  <thread>1</thread>
  <message>Start generating CSV report folder at: C:\\Users\\DAPL-Asset-180\\Desktop\\project folder\\Workilo\\WorkiloAutomation(14.8.19)\\Reports\\Listing\\20190817_212948...</message>
  <nestedLevel>0</nestedLevel>
</record>
<record>
  <date>2019-08-17T21:30:22</date>
  <millis>1566057622417</millis>
  <sequence>230</sequence>
  <level>INFO</level>
  <class>com.kms.katalon.core.logging.XmlKeywordLogger</class>
  <method>logMessage</method>
  <thread>1</thread>
  <message>CSV report generated</message>
  <nestedLevel>0</nestedLevel>
</record>
<record>
  <date>2019-08-17T21:30:22</date>
  <millis>1566057622418</millis>
  <sequence>231</sequence>
  <level>INFO</level>
  <class>com.kms.katalon.core.logging.XmlKeywordLogger</class>
  <method>logMessage</method>
  <thread>1</thread>
  <message>Start generating JUnit report folder at: C:\\Users\\DAPL-Asset-180\\Desktop\\project folder\\Workilo\\WorkiloAutomation(14.8.19)\\Reports\\Listing\\20190817_212948...</message>
  <nestedLevel>0</nestedLevel>
</record>
<record>
  <date>2019-08-17T21:30:22</date>
  <millis>1566057622681</millis>
  <sequence>232</sequence>
  <level>INFO</level>
  <class>com.kms.katalon.core.logging.XmlKeywordLogger</class>
  <method>logMessage</method>
  <thread>1</thread>
  <message>JUnit report generated</message>
  <nestedLevel>0</nestedLevel>
</record>
<record>
  <date>2019-08-17T21:30:22</date>
  <millis>1566057622682</millis>
  <sequence>233</sequence>
  <level>INFO</level>
  <class>com.kms.katalon.core.logging.XmlKeywordLogger</class>
  <method>logMessage</method>
  <thread>1</thread>
  <message>Start generating PDF report folder at: C:\\Users\\DAPL-Asset-180\\Desktop\\project folder\\Workilo\\WorkiloAutomation(14.8.19)\\Reports\\Listing\\20190817_212948...</message>
  <nestedLevel>0</nestedLevel>
</record>
<record>
  <date>2019-08-17T21:30:31</date>
  <millis>1566057631266</millis>
  <sequence>234</sequence>
  <level>INFO</level>
  <class>com.kms.katalon.core.logging.XmlKeywordLogger</class>
  <method>logMessage</method>
  <thread>1</thread>
  <message>PDF report generated</message>
  <nestedLevel>0</nestedLevel>
</record>
<record>
  <date>2019-08-17T21:30:31</date>
  <millis>1566057631267</millis>
  <sequence>236</sequence>
  <level>END</level>
  <class>com.kms.katalon.core.logging.XmlKeywordLogger</class>
  <method>endKeyword</method>
  <thread>1</thread>
  <message>End listener action : exportKatalonReports</message>
  <nestedLevel>0</nestedLevel>
</record>
<record>
  <date>2019-08-17T21:30:31</date>
  <millis>1566057631355</millis>
  <sequence>237</sequence>
  <level>END</level>
  <class>com.kms.katalon.core.logging.XmlKeywordLogger</class>
  <method>endSuite</method>
  <thread>1</thread>
  <message>End Test Suite : Test Suites/Listing</message>
  <nestedLevel>0</nestedLevel>
</record>
</log>