<?xml version="1.0" encoding="UTF-8" standalone="no"?>
<!DOCTYPE log SYSTEM "logger.dtd">
<log>
<record>
  <date>2019-08-20T15:03:15</date>
  <millis>1566293595973</millis>
  <sequence>0</sequence>
  <level>START</level>
  <class>com.kms.katalon.core.logging.XmlKeywordLogger</class>
  <method>startSuite</method>
  <thread>1</thread>
  <message>Start Test Suite : Test Suites/AcceptChangeRequestByCustomer</message>
  <nestedLevel>0</nestedLevel>
  <property name="name">AcceptChangeRequestByCustomer</property>
  <property name="description"></property>
  <property name="id">Test Suites/AcceptChangeRequestByCustomer</property>
</record>
<record>
  <date>2019-08-20T15:03:16</date>
  <millis>1566293596004</millis>
  <sequence>1</sequence>
  <level>RUN_DATA</level>
  <class>com.kms.katalon.core.logging.XmlKeywordLogger</class>
  <method>logMessage</method>
  <thread>1</thread>
  <message>hostName = DAPL-Asset-180 - DAPL-Asset-180</message>
  <nestedLevel>0</nestedLevel>
  <property name="hostName">DAPL-Asset-180 - DAPL-Asset-180</property>
</record>
<record>
  <date>2019-08-20T15:03:16</date>
  <millis>1566293596006</millis>
  <sequence>2</sequence>
  <level>RUN_DATA</level>
  <class>com.kms.katalon.core.logging.XmlKeywordLogger</class>
  <method>logMessage</method>
  <thread>1</thread>
  <message>os = Windows 8.1 64bit</message>
  <nestedLevel>0</nestedLevel>
  <property name="os">Windows 8.1 64bit</property>
</record>
<record>
  <date>2019-08-20T15:03:16</date>
  <millis>1566293596008</millis>
  <sequence>3</sequence>
  <level>RUN_DATA</level>
  <class>com.kms.katalon.core.logging.XmlKeywordLogger</class>
  <method>logMessage</method>
  <thread>1</thread>
  <message>hostAddress = 192.168.1.188</message>
  <nestedLevel>0</nestedLevel>
  <property name="hostAddress">192.168.1.188</property>
</record>
<record>
  <date>2019-08-20T15:03:16</date>
  <millis>1566293596009</millis>
  <sequence>4</sequence>
  <level>RUN_DATA</level>
  <class>com.kms.katalon.core.logging.XmlKeywordLogger</class>
  <method>logMessage</method>
  <thread>1</thread>
  <message>katalonVersion = 6.2.1.2</message>
  <nestedLevel>0</nestedLevel>
  <property name="katalonVersion">6.2.1.2</property>
</record>
<record>
  <date>2019-08-20T15:03:16</date>
  <millis>1566293596497</millis>
  <sequence>5</sequence>
  <level>START</level>
  <class>com.kms.katalon.core.logging.XmlKeywordLogger</class>
  <method>startTest</method>
  <thread>1</thread>
  <message>Start Test Case : Test Cases/Workilo/Bookings/Customer/PlaceOrderBySearchTestMode</message>
  <nestedLevel>1</nestedLevel>
  <property name="name">Test Cases/Workilo/Bookings/Customer/PlaceOrderBySearchTestMode</property>
  <property name="description"></property>
  <property name="id">Test Cases/Workilo/Bookings/Customer/PlaceOrderBySearchTestMode</property>
  <property name="source">C:\\Users\\DAPL-Asset-180\\Desktop\\project folder\\Workilo\\WorkiloAutomation(14.8.19)\\Test Cases\\Workilo\\Bookings\\Customer\\PlaceOrderBySearchTestMode.tc</property>
  <property name="tag"></property>
  <property name="isOptional">false</property>
</record>
<record>
  <date>2019-08-20T15:03:16</date>
  <millis>1566293596818</millis>
  <sequence>7</sequence>
  <level>INFO</level>
  <class>com.kms.katalon.core.logging.XmlKeywordLogger</class>
  <method>logMessage</method>
  <thread>1</thread>
  <message>(Default) chromePath = C:\\\\Users\\\\DAPL-Asset-180\\\\Desktop\\lib\\\\webdriver\\\\chromedriver_win321\\\\chromedriver.exe</message>
  <nestedLevel>1</nestedLevel>
</record>
<record>
  <date>2019-08-20T15:03:16</date>
  <millis>1566293596841</millis>
  <sequence>8</sequence>
  <level>INFO</level>
  <class>com.kms.katalon.core.logging.XmlKeywordLogger</class>
  <method>logMessage</method>
  <thread>1</thread>
  <message>(Default) screenshots = C:\\Users\\DAPL-Asset-180\\Desktop\\screenshots\\SignUp\\</message>
  <nestedLevel>1</nestedLevel>
</record>
<record>
  <date>2019-08-20T15:03:16</date>
  <millis>1566293596861</millis>
  <sequence>9</sequence>
  <level>INFO</level>
  <class>com.kms.katalon.core.logging.XmlKeywordLogger</class>
  <method>logMessage</method>
  <thread>1</thread>
  <message>(Default) orderId = </message>
  <nestedLevel>1</nestedLevel>
</record>
<record>
  <date>2019-08-20T15:03:17</date>
  <millis>1566293597581</millis>
  <sequence>10</sequence>
  <level>START</level>
  <class>com.kms.katalon.core.logging.XmlKeywordLogger</class>
  <method>startKeyword</method>
  <thread>1</thread>
  <message>Start action : System.setProperty(\&amp;quot;webdriver.chrome.driver\&amp;quot;, chromePath)</message>
  <nestedLevel>1</nestedLevel>
  <property name="startLine">16</property>
  <property name="stepIndex">1</property>
</record>
<record>
  <date>2019-08-20T15:03:17</date>
  <millis>1566293597589</millis>
  <sequence>11</sequence>
  <level>END</level>
  <class>com.kms.katalon.core.logging.XmlKeywordLogger</class>
  <method>endKeyword</method>
  <thread>1</thread>
  <message>End action : System.setProperty(\&amp;quot;webdriver.chrome.driver\&amp;quot;, chromePath)</message>
  <nestedLevel>1</nestedLevel>
</record>
<record>
  <date>2019-08-20T15:03:17</date>
  <millis>1566293597590</millis>
  <sequence>12</sequence>
  <level>START</level>
  <class>com.kms.katalon.core.logging.XmlKeywordLogger</class>
  <method>startKeyword</method>
  <thread>1</thread>
  <message>Start action : driver = new org.openqa.selenium.chrome.ChromeDriver()</message>
  <nestedLevel>1</nestedLevel>
  <property name="startLine">18</property>
  <property name="stepIndex">2</property>
</record>
<record>
  <date>2019-08-20T15:03:21</date>
  <millis>1566293601216</millis>
  <sequence>14</sequence>
  <level>END</level>
  <class>com.kms.katalon.core.logging.XmlKeywordLogger</class>
  <method>endKeyword</method>
  <thread>1</thread>
  <message>End action : driver = new org.openqa.selenium.chrome.ChromeDriver()</message>
  <nestedLevel>1</nestedLevel>
</record>
<record>
  <date>2019-08-20T15:03:21</date>
  <millis>1566293601217</millis>
  <sequence>15</sequence>
  <level>START</level>
  <class>com.kms.katalon.core.logging.XmlKeywordLogger</class>
  <method>startKeyword</method>
  <thread>1</thread>
  <message>Start action : window().maximize()</message>
  <nestedLevel>1</nestedLevel>
  <property name="startLine">20</property>
  <property name="stepIndex">3</property>
</record>
<record>
  <date>2019-08-20T15:03:22</date>
  <millis>1566293602373</millis>
  <sequence>16</sequence>
  <level>END</level>
  <class>com.kms.katalon.core.logging.XmlKeywordLogger</class>
  <method>endKeyword</method>
  <thread>1</thread>
  <message>End action : window().maximize()</message>
  <nestedLevel>1</nestedLevel>
</record>
<record>
  <date>2019-08-20T15:03:22</date>
  <millis>1566293602374</millis>
  <sequence>17</sequence>
  <level>START</level>
  <class>com.kms.katalon.core.logging.XmlKeywordLogger</class>
  <method>startKeyword</method>
  <thread>1</thread>
  <message>Start action : driver.get(\&amp;quot;http://workilo.com\&amp;quot;)</message>
  <nestedLevel>1</nestedLevel>
  <property name="startLine">22</property>
  <property name="stepIndex">4</property>
</record>
</log>