<?xml version="1.0" encoding="UTF-8" standalone="no"?>
<!DOCTYPE log SYSTEM "logger.dtd">
<log>
<record>
  <date>2019-08-19T14:39:34</date>
  <millis>1566205774704</millis>
  <sequence>0</sequence>
  <level>START</level>
  <class>com.kms.katalon.core.logging.XmlKeywordLogger</class>
  <method>startSuite</method>
  <thread>1</thread>
  <message>Start Test Suite : Test Suites/Bookings</message>
  <nestedLevel>0</nestedLevel>
  <property name="name">Bookings</property>
  <property name="description"></property>
  <property name="id">Test Suites/Bookings</property>
</record>
<record>
  <date>2019-08-19T14:39:34</date>
  <millis>1566205774728</millis>
  <sequence>1</sequence>
  <level>RUN_DATA</level>
  <class>com.kms.katalon.core.logging.XmlKeywordLogger</class>
  <method>logMessage</method>
  <thread>1</thread>
  <message>hostName = DAPL-Asset-180 - DAPL-Asset-180</message>
  <nestedLevel>0</nestedLevel>
  <property name="hostName">DAPL-Asset-180 - DAPL-Asset-180</property>
</record>
<record>
  <date>2019-08-19T14:39:34</date>
  <millis>1566205774730</millis>
  <sequence>2</sequence>
  <level>RUN_DATA</level>
  <class>com.kms.katalon.core.logging.XmlKeywordLogger</class>
  <method>logMessage</method>
  <thread>1</thread>
  <message>os = Windows 8.1 64bit</message>
  <nestedLevel>0</nestedLevel>
  <property name="os">Windows 8.1 64bit</property>
</record>
<record>
  <date>2019-08-19T14:39:34</date>
  <millis>1566205774731</millis>
  <sequence>3</sequence>
  <level>RUN_DATA</level>
  <class>com.kms.katalon.core.logging.XmlKeywordLogger</class>
  <method>logMessage</method>
  <thread>1</thread>
  <message>hostAddress = 192.168.1.188</message>
  <nestedLevel>0</nestedLevel>
  <property name="hostAddress">192.168.1.188</property>
</record>
<record>
  <date>2019-08-19T14:39:34</date>
  <millis>1566205774732</millis>
  <sequence>4</sequence>
  <level>RUN_DATA</level>
  <class>com.kms.katalon.core.logging.XmlKeywordLogger</class>
  <method>logMessage</method>
  <thread>1</thread>
  <message>katalonVersion = 6.2.1.2</message>
  <nestedLevel>0</nestedLevel>
  <property name="katalonVersion">6.2.1.2</property>
</record>
<record>
  <date>2019-08-19T14:39:35</date>
  <millis>1566205775120</millis>
  <sequence>5</sequence>
  <level>START</level>
  <class>com.kms.katalon.core.logging.XmlKeywordLogger</class>
  <method>startTest</method>
  <thread>1</thread>
  <message>Start Test Case : Test Cases/Workilo/Bookings/ServiceProvider/NewBookingOrder</message>
  <nestedLevel>1</nestedLevel>
  <property name="name">Test Cases/Workilo/Bookings/ServiceProvider/NewBookingOrder</property>
  <property name="description"></property>
  <property name="id">Test Cases/Workilo/Bookings/ServiceProvider/NewBookingOrder</property>
  <property name="source">C:\\Users\\DAPL-Asset-180\\Desktop\\project folder\\Workilo\\WorkiloAutomation(14.8.19)\\Test Cases\\Workilo\\Bookings\\ServiceProvider\\NewBookingOrder.tc</property>
  <property name="tag"></property>
  <property name="isOptional">false</property>
</record>
<record>
  <date>2019-08-19T14:39:35</date>
  <millis>1566205775469</millis>
  <sequence>7</sequence>
  <level>INFO</level>
  <class>com.kms.katalon.core.logging.XmlKeywordLogger</class>
  <method>logMessage</method>
  <thread>1</thread>
  <message>(Default) chromePath = C:\\\\Users\\\\DAPL-Asset-180\\\\Desktop\\lib\\\\webdriver\\\\chromedriver_win321\\\\chromedriver.exe</message>
  <nestedLevel>1</nestedLevel>
</record>
<record>
  <date>2019-08-19T14:39:35</date>
  <millis>1566205775487</millis>
  <sequence>8</sequence>
  <level>INFO</level>
  <class>com.kms.katalon.core.logging.XmlKeywordLogger</class>
  <method>logMessage</method>
  <thread>1</thread>
  <message>(Default) screenshots = C:\\Users\\DAPL-Asset-180\\Desktop\\screenshots\\SignUp\\</message>
  <nestedLevel>1</nestedLevel>
</record>
<record>
  <date>2019-08-19T14:39:36</date>
  <millis>1566205776387</millis>
  <sequence>9</sequence>
  <level>START</level>
  <class>com.kms.katalon.core.logging.XmlKeywordLogger</class>
  <method>startKeyword</method>
  <thread>1</thread>
  <message>Start action : System.setProperty(\&amp;quot;webdriver.chrome.driver\&amp;quot;, chromePath)</message>
  <nestedLevel>1</nestedLevel>
  <property name="startLine">15</property>
  <property name="stepIndex">1</property>
</record>
<record>
  <date>2019-08-19T14:39:36</date>
  <millis>1566205776393</millis>
  <sequence>10</sequence>
  <level>END</level>
  <class>com.kms.katalon.core.logging.XmlKeywordLogger</class>
  <method>endKeyword</method>
  <thread>1</thread>
  <message>End action : System.setProperty(\&amp;quot;webdriver.chrome.driver\&amp;quot;, chromePath)</message>
  <nestedLevel>1</nestedLevel>
</record>
<record>
  <date>2019-08-19T14:39:36</date>
  <millis>1566205776394</millis>
  <sequence>11</sequence>
  <level>START</level>
  <class>com.kms.katalon.core.logging.XmlKeywordLogger</class>
  <method>startKeyword</method>
  <thread>1</thread>
  <message>Start action : driver = new org.openqa.selenium.chrome.ChromeDriver()</message>
  <nestedLevel>1</nestedLevel>
  <property name="startLine">17</property>
  <property name="stepIndex">2</property>
</record>
<record>
  <date>2019-08-19T14:39:39</date>
  <millis>1566205779904</millis>
  <sequence>13</sequence>
  <level>END</level>
  <class>com.kms.katalon.core.logging.XmlKeywordLogger</class>
  <method>endKeyword</method>
  <thread>1</thread>
  <message>End action : driver = new org.openqa.selenium.chrome.ChromeDriver()</message>
  <nestedLevel>1</nestedLevel>
</record>
<record>
  <date>2019-08-19T14:39:39</date>
  <millis>1566205779905</millis>
  <sequence>14</sequence>
  <level>START</level>
  <class>com.kms.katalon.core.logging.XmlKeywordLogger</class>
  <method>startKeyword</method>
  <thread>1</thread>
  <message>Start action : window().maximize()</message>
  <nestedLevel>1</nestedLevel>
  <property name="startLine">19</property>
  <property name="stepIndex">3</property>
</record>
<record>
  <date>2019-08-19T14:39:41</date>
  <millis>1566205781076</millis>
  <sequence>15</sequence>
  <level>END</level>
  <class>com.kms.katalon.core.logging.XmlKeywordLogger</class>
  <method>endKeyword</method>
  <thread>1</thread>
  <message>End action : window().maximize()</message>
  <nestedLevel>1</nestedLevel>
</record>
<record>
  <date>2019-08-19T14:39:41</date>
  <millis>1566205781077</millis>
  <sequence>16</sequence>
  <level>START</level>
  <class>com.kms.katalon.core.logging.XmlKeywordLogger</class>
  <method>startKeyword</method>
  <thread>1</thread>
  <message>Start action : try</message>
  <nestedLevel>1</nestedLevel>
  <property name="startLine">20</property>
  <property name="stepIndex">4</property>
</record>
<record>
  <date>2019-08-19T14:39:41</date>
  <millis>1566205781078</millis>
  <sequence>17</sequence>
  <level>START</level>
  <class>com.kms.katalon.core.logging.XmlKeywordLogger</class>
  <method>startKeyword</method>
  <thread>1</thread>
  <message>Start action : driver.get(\&amp;quot;http://workilo.com\&amp;quot;)</message>
  <nestedLevel>2</nestedLevel>
  <property name="startLine">21</property>
  <property name="stepIndex">1</property>
</record>
<record>
  <date>2019-08-19T14:39:52</date>
  <millis>1566205792922</millis>
  <sequence>18</sequence>
  <level>END</level>
  <class>com.kms.katalon.core.logging.XmlKeywordLogger</class>
  <method>endKeyword</method>
  <thread>1</thread>
  <message>End action : driver.get(\&amp;quot;http://workilo.com\&amp;quot;)</message>
  <nestedLevel>2</nestedLevel>
</record>
<record>
  <date>2019-08-19T14:39:52</date>
  <millis>1566205792924</millis>
  <sequence>19</sequence>
  <level>START</level>
  <class>com.kms.katalon.core.logging.XmlKeywordLogger</class>
  <method>startKeyword</method>
  <thread>1</thread>
  <message>Start action : timeouts().implicitlyWait(30, SECONDS)</message>
  <nestedLevel>2</nestedLevel>
  <property name="startLine">23</property>
  <property name="stepIndex">2</property>
</record>
<record>
  <date>2019-08-19T14:39:52</date>
  <millis>1566205792959</millis>
  <sequence>20</sequence>
  <level>END</level>
  <class>com.kms.katalon.core.logging.XmlKeywordLogger</class>
  <method>endKeyword</method>
  <thread>1</thread>
  <message>End action : timeouts().implicitlyWait(30, SECONDS)</message>
  <nestedLevel>2</nestedLevel>
</record>
<record>
  <date>2019-08-19T14:39:52</date>
  <millis>1566205792960</millis>
  <sequence>21</sequence>
  <level>START</level>
  <class>com.kms.katalon.core.logging.XmlKeywordLogger</class>
  <method>startKeyword</method>
  <thread>1</thread>
  <message>Start action : linkText(\&amp;quot;Log In\&amp;quot;)).click()</message>
  <nestedLevel>2</nestedLevel>
  <property name="startLine">25</property>
  <property name="stepIndex">3</property>
</record>
<record>
  <date>2019-08-19T14:39:53</date>
  <millis>1566205793134</millis>
  <sequence>22</sequence>
  <level>END</level>
  <class>com.kms.katalon.core.logging.XmlKeywordLogger</class>
  <method>endKeyword</method>
  <thread>1</thread>
  <message>End action : linkText(\&amp;quot;Log In\&amp;quot;)).click()</message>
  <nestedLevel>2</nestedLevel>
</record>
<record>
  <date>2019-08-19T14:39:53</date>
  <millis>1566205793135</millis>
  <sequence>23</sequence>
  <level>START</level>
  <class>com.kms.katalon.core.logging.XmlKeywordLogger</class>
  <method>startKeyword</method>
  <thread>1</thread>
  <message>Start action : Thread.sleep(2000)</message>
  <nestedLevel>2</nestedLevel>
  <property name="startLine">27</property>
  <property name="stepIndex">4</property>
</record>
<record>
  <date>2019-08-19T14:39:55</date>
  <millis>1566205795145</millis>
  <sequence>24</sequence>
  <level>END</level>
  <class>com.kms.katalon.core.logging.XmlKeywordLogger</class>
  <method>endKeyword</method>
  <thread>1</thread>
  <message>End action : Thread.sleep(2000)</message>
  <nestedLevel>2</nestedLevel>
</record>
<record>
  <date>2019-08-19T14:39:55</date>
  <millis>1566205795146</millis>
  <sequence>25</sequence>
  <level>START</level>
  <class>com.kms.katalon.core.logging.XmlKeywordLogger</class>
  <method>startKeyword</method>
  <thread>1</thread>
  <message>Start action : id(\&amp;quot;email_login\&amp;quot;)).sendKeys(\&amp;quot;testworkilo@gmail.com\&amp;quot;)</message>
  <nestedLevel>2</nestedLevel>
  <property name="startLine">29</property>
  <property name="stepIndex">5</property>
</record>
<record>
  <date>2019-08-19T14:39:55</date>
  <millis>1566205795368</millis>
  <sequence>26</sequence>
  <level>END</level>
  <class>com.kms.katalon.core.logging.XmlKeywordLogger</class>
  <method>endKeyword</method>
  <thread>1</thread>
  <message>End action : id(\&amp;quot;email_login\&amp;quot;)).sendKeys(\&amp;quot;testworkilo@gmail.com\&amp;quot;)</message>
  <nestedLevel>2</nestedLevel>
</record>
<record>
  <date>2019-08-19T14:39:55</date>
  <millis>1566205795369</millis>
  <sequence>27</sequence>
  <level>START</level>
  <class>com.kms.katalon.core.logging.XmlKeywordLogger</class>
  <method>startKeyword</method>
  <thread>1</thread>
  <message>Start action : id(\&amp;quot;password_login\&amp;quot;)).sendKeys(\&amp;quot;admin#123\&amp;quot;)</message>
  <nestedLevel>2</nestedLevel>
  <property name="startLine">31</property>
  <property name="stepIndex">6</property>
</record>
<record>
  <date>2019-08-19T14:39:55</date>
  <millis>1566205795491</millis>
  <sequence>28</sequence>
  <level>END</level>
  <class>com.kms.katalon.core.logging.XmlKeywordLogger</class>
  <method>endKeyword</method>
  <thread>1</thread>
  <message>End action : id(\&amp;quot;password_login\&amp;quot;)).sendKeys(\&amp;quot;admin#123\&amp;quot;)</message>
  <nestedLevel>2</nestedLevel>
</record>
<record>
  <date>2019-08-19T14:39:55</date>
  <millis>1566205795492</millis>
  <sequence>29</sequence>
  <level>START</level>
  <class>com.kms.katalon.core.logging.XmlKeywordLogger</class>
  <method>startKeyword</method>
  <thread>1</thread>
  <message>Start action : //*[@value=&amp;apos;Log in&amp;apos;]\&amp;quot;)).click()</message>
  <nestedLevel>2</nestedLevel>
  <property name="startLine">33</property>
  <property name="stepIndex">7</property>
</record>
<record>
  <date>2019-08-19T14:39:55</date>
  <millis>1566205795621</millis>
  <sequence>30</sequence>
  <level>END</level>
  <class>com.kms.katalon.core.logging.XmlKeywordLogger</class>
  <method>endKeyword</method>
  <thread>1</thread>
  <message>End action : //*[@value=&amp;apos;Log in&amp;apos;]\&amp;quot;)).click()</message>
  <nestedLevel>2</nestedLevel>
</record>
<record>
  <date>2019-08-19T14:39:55</date>
  <millis>1566205795622</millis>
  <sequence>31</sequence>
  <level>START</level>
  <class>com.kms.katalon.core.logging.XmlKeywordLogger</class>
  <method>startKeyword</method>
  <thread>1</thread>
  <message>Start action : Thread.sleep(3000)</message>
  <nestedLevel>2</nestedLevel>
  <property name="startLine">35</property>
  <property name="stepIndex">8</property>
</record>
<record>
  <date>2019-08-19T14:39:58</date>
  <millis>1566205798623</millis>
  <sequence>32</sequence>
  <level>END</level>
  <class>com.kms.katalon.core.logging.XmlKeywordLogger</class>
  <method>endKeyword</method>
  <thread>1</thread>
  <message>End action : Thread.sleep(3000)</message>
  <nestedLevel>2</nestedLevel>
</record>
<record>
  <date>2019-08-19T14:39:58</date>
  <millis>1566205798624</millis>
  <sequence>33</sequence>
  <level>START</level>
  <class>com.kms.katalon.core.logging.XmlKeywordLogger</class>
  <method>startKeyword</method>
  <thread>1</thread>
  <message>Start action : xpath(\&amp;quot;/html/body/header/div/span[1]\&amp;quot;)).click()</message>
  <nestedLevel>2</nestedLevel>
  <property name="startLine">37</property>
  <property name="stepIndex">9</property>
</record>
<record>
  <date>2019-08-19T14:40:04</date>
  <millis>1566205804688</millis>
  <sequence>34</sequence>
  <level>END</level>
  <class>com.kms.katalon.core.logging.XmlKeywordLogger</class>
  <method>endKeyword</method>
  <thread>1</thread>
  <message>End action : xpath(\&amp;quot;/html/body/header/div/span[1]\&amp;quot;)).click()</message>
  <nestedLevel>2</nestedLevel>
</record>
<record>
  <date>2019-08-19T14:40:04</date>
  <millis>1566205804689</millis>
  <sequence>35</sequence>
  <level>START</level>
  <class>com.kms.katalon.core.logging.XmlKeywordLogger</class>
  <method>startKeyword</method>
  <thread>1</thread>
  <message>Start action : Thread.sleep(1000)</message>
  <nestedLevel>2</nestedLevel>
  <property name="startLine">43</property>
  <property name="stepIndex">10</property>
</record>
<record>
  <date>2019-08-19T14:40:05</date>
  <millis>1566205805690</millis>
  <sequence>36</sequence>
  <level>END</level>
  <class>com.kms.katalon.core.logging.XmlKeywordLogger</class>
  <method>endKeyword</method>
  <thread>1</thread>
  <message>End action : Thread.sleep(1000)</message>
  <nestedLevel>2</nestedLevel>
</record>
<record>
  <date>2019-08-19T14:40:05</date>
  <millis>1566205805691</millis>
  <sequence>37</sequence>
  <level>START</level>
  <class>com.kms.katalon.core.logging.XmlKeywordLogger</class>
  <method>startKeyword</method>
  <thread>1</thread>
  <message>Start action : xpath(\&amp;quot;/html/body/div[4]/div/div[1]/ul/li[2]/a\&amp;quot;)).click()</message>
  <nestedLevel>2</nestedLevel>
  <property name="startLine">45</property>
  <property name="stepIndex">11</property>
</record>
<record>
  <date>2019-08-19T14:40:08</date>
  <millis>1566205808910</millis>
  <sequence>38</sequence>
  <level>END</level>
  <class>com.kms.katalon.core.logging.XmlKeywordLogger</class>
  <method>endKeyword</method>
  <thread>1</thread>
  <message>End action : xpath(\&amp;quot;/html/body/div[4]/div/div[1]/ul/li[2]/a\&amp;quot;)).click()</message>
  <nestedLevel>2</nestedLevel>
</record>
<record>
  <date>2019-08-19T14:40:08</date>
  <millis>1566205808911</millis>
  <sequence>39</sequence>
  <level>START</level>
  <class>com.kms.katalon.core.logging.XmlKeywordLogger</class>
  <method>startKeyword</method>
  <thread>1</thread>
  <message>Start action : Thread.sleep(1000)</message>
  <nestedLevel>2</nestedLevel>
  <property name="startLine">47</property>
  <property name="stepIndex">12</property>
</record>
<record>
  <date>2019-08-19T14:40:09</date>
  <millis>1566205809916</millis>
  <sequence>40</sequence>
  <level>END</level>
  <class>com.kms.katalon.core.logging.XmlKeywordLogger</class>
  <method>endKeyword</method>
  <thread>1</thread>
  <message>End action : Thread.sleep(1000)</message>
  <nestedLevel>2</nestedLevel>
</record>
<record>
  <date>2019-08-19T14:40:09</date>
  <millis>1566205809917</millis>
  <sequence>41</sequence>
  <level>START</level>
  <class>com.kms.katalon.core.logging.XmlKeywordLogger</class>
  <method>startKeyword</method>
  <thread>1</thread>
  <message>Start action : message = xpath(\&amp;quot;/html/body/div[6]/div/div[1]/div[1]/div/div/ul/li[1]/a\&amp;quot;)).getText()</message>
  <nestedLevel>2</nestedLevel>
  <property name="startLine">49</property>
  <property name="stepIndex">13</property>
</record>
<record>
  <date>2019-08-19T14:40:10</date>
  <millis>1566205810043</millis>
  <sequence>42</sequence>
  <level>END</level>
  <class>com.kms.katalon.core.logging.XmlKeywordLogger</class>
  <method>endKeyword</method>
  <thread>1</thread>
  <message>End action : message = xpath(\&amp;quot;/html/body/div[6]/div/div[1]/div[1]/div/div/ul/li[1]/a\&amp;quot;)).getText()</message>
  <nestedLevel>2</nestedLevel>
</record>
<record>
  <date>2019-08-19T14:40:10</date>
  <millis>1566205810045</millis>
  <sequence>43</sequence>
  <level>START</level>
  <class>com.kms.katalon.core.logging.XmlKeywordLogger</class>
  <method>startKeyword</method>
  <thread>1</thread>
  <message>Start action : if (message.contains(\&amp;quot;(0)\&amp;quot;))</message>
  <nestedLevel>2</nestedLevel>
  <property name="startLine">51</property>
  <property name="stepIndex">14</property>
</record>
<record>
  <date>2019-08-19T14:40:10</date>
  <millis>1566205810046</millis>
  <sequence>44</sequence>
  <level>END</level>
  <class>com.kms.katalon.core.logging.XmlKeywordLogger</class>
  <method>endKeyword</method>
  <thread>1</thread>
  <message>End action : if (message.contains(\&amp;quot;(0)\&amp;quot;))</message>
  <nestedLevel>2</nestedLevel>
</record>
<record>
  <date>2019-08-19T14:40:10</date>
  <millis>1566205810046</millis>
  <sequence>45</sequence>
  <level>START</level>
  <class>com.kms.katalon.core.logging.XmlKeywordLogger</class>
  <method>startKeyword</method>
  <thread>1</thread>
  <message>Start action : else</message>
  <nestedLevel>2</nestedLevel>
  <property name="startLine">71</property>
  <property name="stepIndex">15</property>
</record>
<record>
  <date>2019-08-19T14:40:10</date>
  <millis>1566205810046</millis>
  <sequence>46</sequence>
  <level>START</level>
  <class>com.kms.katalon.core.logging.XmlKeywordLogger</class>
  <method>startKeyword</method>
  <thread>1</thread>
  <message>Start action : js = driver</message>
  <nestedLevel>3</nestedLevel>
  <property name="startLine">72</property>
  <property name="stepIndex">1</property>
</record>
<record>
  <date>2019-08-19T14:40:10</date>
  <millis>1566205810046</millis>
  <sequence>47</sequence>
  <level>END</level>
  <class>com.kms.katalon.core.logging.XmlKeywordLogger</class>
  <method>endKeyword</method>
  <thread>1</thread>
  <message>End action : js = driver</message>
  <nestedLevel>3</nestedLevel>
</record>
<record>
  <date>2019-08-19T14:40:10</date>
  <millis>1566205810050</millis>
  <sequence>48</sequence>
  <level>START</level>
  <class>com.kms.katalon.core.logging.XmlKeywordLogger</class>
  <method>startKeyword</method>
  <thread>1</thread>
  <message>Start action : itemList = driver.findElements(By.xpath(\&amp;quot;//*[@id=&amp;apos;tab-1&amp;apos;]/table/tbody/tr\&amp;quot;))</message>
  <nestedLevel>3</nestedLevel>
  <property name="startLine">74</property>
  <property name="stepIndex">2</property>
</record>
<record>
  <date>2019-08-19T14:40:10</date>
  <millis>1566205810099</millis>
  <sequence>49</sequence>
  <level>END</level>
  <class>com.kms.katalon.core.logging.XmlKeywordLogger</class>
  <method>endKeyword</method>
  <thread>1</thread>
  <message>End action : itemList = driver.findElements(By.xpath(\&amp;quot;//*[@id=&amp;apos;tab-1&amp;apos;]/table/tbody/tr\&amp;quot;))</message>
  <nestedLevel>3</nestedLevel>
</record>
<record>
  <date>2019-08-19T14:40:10</date>
  <millis>1566205810099</millis>
  <sequence>50</sequence>
  <level>START</level>
  <class>com.kms.katalon.core.logging.XmlKeywordLogger</class>
  <method>startKeyword</method>
  <thread>1</thread>
  <message>Start action : out.println(\&amp;quot;ItemList == \&amp;quot; + itemList.size())</message>
  <nestedLevel>3</nestedLevel>
  <property name="startLine">76</property>
  <property name="stepIndex">3</property>
</record>
<record>
  <date>2019-08-19T14:40:10</date>
  <millis>1566205810121</millis>
  <sequence>51</sequence>
  <level>END</level>
  <class>com.kms.katalon.core.logging.XmlKeywordLogger</class>
  <method>endKeyword</method>
  <thread>1</thread>
  <message>End action : out.println(\&amp;quot;ItemList == \&amp;quot; + itemList.size())</message>
  <nestedLevel>3</nestedLevel>
</record>
<record>
  <date>2019-08-19T14:40:10</date>
  <millis>1566205810121</millis>
  <sequence>52</sequence>
  <level>START</level>
  <class>com.kms.katalon.core.logging.XmlKeywordLogger</class>
  <method>startKeyword</method>
  <thread>1</thread>
  <message>Start action : for ([i = 0, i &amp;lt; itemList.size(), (i++)])</message>
  <nestedLevel>3</nestedLevel>
  <property name="startLine">78</property>
  <property name="stepIndex">4</property>
</record>
<record>
  <date>2019-08-19T14:40:10</date>
  <millis>1566205810121</millis>
  <sequence>53</sequence>
  <level>START</level>
  <class>com.kms.katalon.core.logging.XmlKeywordLogger</class>
  <method>startKeyword</method>
  <thread>1</thread>
  <message>Start action : js.executeScript(\&amp;quot;arguments[0].style.border=&amp;apos;3px solid red&amp;apos;\&amp;quot;, driver.findElement(By.xpath(\&amp;quot;//*[@id=&amp;apos;tab-1&amp;apos;]/table/tbody/tr[\&amp;quot; + i + 1 + \&amp;quot;]/td[1]\&amp;quot;)))</message>
  <nestedLevel>4</nestedLevel>
  <property name="startLine">79</property>
  <property name="stepIndex">1</property>
</record>
<record>
  <date>2019-08-19T14:40:10</date>
  <millis>1566205810204</millis>
  <sequence>54</sequence>
  <level>END</level>
  <class>com.kms.katalon.core.logging.XmlKeywordLogger</class>
  <method>endKeyword</method>
  <thread>1</thread>
  <message>End action : js.executeScript(\&amp;quot;arguments[0].style.border=&amp;apos;3px solid red&amp;apos;\&amp;quot;, driver.findElement(By.xpath(\&amp;quot;//*[@id=&amp;apos;tab-1&amp;apos;]/table/tbody/tr[\&amp;quot; + i + 1 + \&amp;quot;]/td[1]\&amp;quot;)))</message>
  <nestedLevel>4</nestedLevel>
</record>
<record>
  <date>2019-08-19T14:40:10</date>
  <millis>1566205810205</millis>
  <sequence>55</sequence>
  <level>START</level>
  <class>com.kms.katalon.core.logging.XmlKeywordLogger</class>
  <method>startKeyword</method>
  <thread>1</thread>
  <message>Start action : orderValue = driver.findElement(By.xpath(\&amp;quot;//*[@id=&amp;apos;tab-1&amp;apos;]/table/tbody/tr[\&amp;quot; + i + 1 + \&amp;quot;]/td[1]\&amp;quot;))</message>
  <nestedLevel>4</nestedLevel>
  <property name="startLine">81</property>
  <property name="stepIndex">2</property>
</record>
<record>
  <date>2019-08-19T14:40:10</date>
  <millis>1566205810242</millis>
  <sequence>56</sequence>
  <level>END</level>
  <class>com.kms.katalon.core.logging.XmlKeywordLogger</class>
  <method>endKeyword</method>
  <thread>1</thread>
  <message>End action : orderValue = driver.findElement(By.xpath(\&amp;quot;//*[@id=&amp;apos;tab-1&amp;apos;]/table/tbody/tr[\&amp;quot; + i + 1 + \&amp;quot;]/td[1]\&amp;quot;))</message>
  <nestedLevel>4</nestedLevel>
</record>
<record>
  <date>2019-08-19T14:40:10</date>
  <millis>1566205810242</millis>
  <sequence>57</sequence>
  <level>START</level>
  <class>com.kms.katalon.core.logging.XmlKeywordLogger</class>
  <method>startKeyword</method>
  <thread>1</thread>
  <message>Start action : js.executeScript(\&amp;quot;arguments[0].style.border=&amp;apos;3px solid red&amp;apos;\&amp;quot;, driver.findElement(By.xpath(\&amp;quot;//*[@id=&amp;apos;tab-1&amp;apos;]/table/tbody/tr[\&amp;quot; + i + 1 + \&amp;quot;]/td[2]\&amp;quot;)))</message>
  <nestedLevel>4</nestedLevel>
  <property name="startLine">83</property>
  <property name="stepIndex">3</property>
</record>
<record>
  <date>2019-08-19T14:40:10</date>
  <millis>1566205810304</millis>
  <sequence>58</sequence>
  <level>END</level>
  <class>com.kms.katalon.core.logging.XmlKeywordLogger</class>
  <method>endKeyword</method>
  <thread>1</thread>
  <message>End action : js.executeScript(\&amp;quot;arguments[0].style.border=&amp;apos;3px solid red&amp;apos;\&amp;quot;, driver.findElement(By.xpath(\&amp;quot;//*[@id=&amp;apos;tab-1&amp;apos;]/table/tbody/tr[\&amp;quot; + i + 1 + \&amp;quot;]/td[2]\&amp;quot;)))</message>
  <nestedLevel>4</nestedLevel>
</record>
<record>
  <date>2019-08-19T14:40:10</date>
  <millis>1566205810305</millis>
  <sequence>59</sequence>
  <level>START</level>
  <class>com.kms.katalon.core.logging.XmlKeywordLogger</class>
  <method>startKeyword</method>
  <thread>1</thread>
  <message>Start action : addressValue = driver.findElement(By.xpath(\&amp;quot;//*[@id=&amp;apos;tab-1&amp;apos;]/table/tbody/tr[\&amp;quot; + i + 1 + \&amp;quot;]/td[2]\&amp;quot;))</message>
  <nestedLevel>4</nestedLevel>
  <property name="startLine">86</property>
  <property name="stepIndex">4</property>
</record>
<record>
  <date>2019-08-19T14:40:10</date>
  <millis>1566205810333</millis>
  <sequence>60</sequence>
  <level>END</level>
  <class>com.kms.katalon.core.logging.XmlKeywordLogger</class>
  <method>endKeyword</method>
  <thread>1</thread>
  <message>End action : addressValue = driver.findElement(By.xpath(\&amp;quot;//*[@id=&amp;apos;tab-1&amp;apos;]/table/tbody/tr[\&amp;quot; + i + 1 + \&amp;quot;]/td[2]\&amp;quot;))</message>
  <nestedLevel>4</nestedLevel>
</record>
<record>
  <date>2019-08-19T14:40:10</date>
  <millis>1566205810333</millis>
  <sequence>61</sequence>
  <level>START</level>
  <class>com.kms.katalon.core.logging.XmlKeywordLogger</class>
  <method>startKeyword</method>
  <thread>1</thread>
  <message>Start action : js.executeScript(\&amp;quot;arguments[0].style.border=&amp;apos;3px solid red&amp;apos;\&amp;quot;, driver.findElement(By.xpath(\&amp;quot;//*[@id=&amp;apos;tab-1&amp;apos;]/table/tbody/tr[\&amp;quot; + i + 1 + \&amp;quot;]/td[3]\&amp;quot;)))</message>
  <nestedLevel>4</nestedLevel>
  <property name="startLine">88</property>
  <property name="stepIndex">5</property>
</record>
<record>
  <date>2019-08-19T14:40:10</date>
  <millis>1566205810390</millis>
  <sequence>62</sequence>
  <level>END</level>
  <class>com.kms.katalon.core.logging.XmlKeywordLogger</class>
  <method>endKeyword</method>
  <thread>1</thread>
  <message>End action : js.executeScript(\&amp;quot;arguments[0].style.border=&amp;apos;3px solid red&amp;apos;\&amp;quot;, driver.findElement(By.xpath(\&amp;quot;//*[@id=&amp;apos;tab-1&amp;apos;]/table/tbody/tr[\&amp;quot; + i + 1 + \&amp;quot;]/td[3]\&amp;quot;)))</message>
  <nestedLevel>4</nestedLevel>
</record>
<record>
  <date>2019-08-19T14:40:10</date>
  <millis>1566205810390</millis>
  <sequence>63</sequence>
  <level>START</level>
  <class>com.kms.katalon.core.logging.XmlKeywordLogger</class>
  <method>startKeyword</method>
  <thread>1</thread>
  <message>Start action : listingValue = driver.findElement(By.xpath(\&amp;quot;//*[@id=&amp;apos;tab-1&amp;apos;]/table/tbody/tr[\&amp;quot; + i + 1 + \&amp;quot;]/td[3]\&amp;quot;))</message>
  <nestedLevel>4</nestedLevel>
  <property name="startLine">91</property>
  <property name="stepIndex">6</property>
</record>
<record>
  <date>2019-08-19T14:40:10</date>
  <millis>1566205810421</millis>
  <sequence>64</sequence>
  <level>END</level>
  <class>com.kms.katalon.core.logging.XmlKeywordLogger</class>
  <method>endKeyword</method>
  <thread>1</thread>
  <message>End action : listingValue = driver.findElement(By.xpath(\&amp;quot;//*[@id=&amp;apos;tab-1&amp;apos;]/table/tbody/tr[\&amp;quot; + i + 1 + \&amp;quot;]/td[3]\&amp;quot;))</message>
  <nestedLevel>4</nestedLevel>
</record>
<record>
  <date>2019-08-19T14:40:10</date>
  <millis>1566205810421</millis>
  <sequence>65</sequence>
  <level>START</level>
  <class>com.kms.katalon.core.logging.XmlKeywordLogger</class>
  <method>startKeyword</method>
  <thread>1</thread>
  <message>Start action : js.executeScript(\&amp;quot;arguments[0].style.border=&amp;apos;3px solid red&amp;apos;\&amp;quot;, driver.findElement(By.xpath(\&amp;quot;//*[@id=&amp;apos;tab-1&amp;apos;]/table/tbody/tr[\&amp;quot; + i + 1 + \&amp;quot;]/td[4]\&amp;quot;)))</message>
  <nestedLevel>4</nestedLevel>
  <property name="startLine">93</property>
  <property name="stepIndex">7</property>
</record>
<record>
  <date>2019-08-19T14:40:10</date>
  <millis>1566205810486</millis>
  <sequence>66</sequence>
  <level>END</level>
  <class>com.kms.katalon.core.logging.XmlKeywordLogger</class>
  <method>endKeyword</method>
  <thread>1</thread>
  <message>End action : js.executeScript(\&amp;quot;arguments[0].style.border=&amp;apos;3px solid red&amp;apos;\&amp;quot;, driver.findElement(By.xpath(\&amp;quot;//*[@id=&amp;apos;tab-1&amp;apos;]/table/tbody/tr[\&amp;quot; + i + 1 + \&amp;quot;]/td[4]\&amp;quot;)))</message>
  <nestedLevel>4</nestedLevel>
</record>
<record>
  <date>2019-08-19T14:40:10</date>
  <millis>1566205810486</millis>
  <sequence>67</sequence>
  <level>START</level>
  <class>com.kms.katalon.core.logging.XmlKeywordLogger</class>
  <method>startKeyword</method>
  <thread>1</thread>
  <message>Start action : bookingDate = driver.findElement(By.xpath(\&amp;quot;//*[@id=&amp;apos;tab-1&amp;apos;]/table/tbody/tr[\&amp;quot; + i + 1 + \&amp;quot;]/td[4]\&amp;quot;))</message>
  <nestedLevel>4</nestedLevel>
  <property name="startLine">96</property>
  <property name="stepIndex">8</property>
</record>
<record>
  <date>2019-08-19T14:40:10</date>
  <millis>1566205810519</millis>
  <sequence>68</sequence>
  <level>END</level>
  <class>com.kms.katalon.core.logging.XmlKeywordLogger</class>
  <method>endKeyword</method>
  <thread>1</thread>
  <message>End action : bookingDate = driver.findElement(By.xpath(\&amp;quot;//*[@id=&amp;apos;tab-1&amp;apos;]/table/tbody/tr[\&amp;quot; + i + 1 + \&amp;quot;]/td[4]\&amp;quot;))</message>
  <nestedLevel>4</nestedLevel>
</record>
<record>
  <date>2019-08-19T14:40:10</date>
  <millis>1566205810519</millis>
  <sequence>69</sequence>
  <level>START</level>
  <class>com.kms.katalon.core.logging.XmlKeywordLogger</class>
  <method>startKeyword</method>
  <thread>1</thread>
  <message>Start action : js.executeScript(\&amp;quot;arguments[0].style.border=&amp;apos;3px solid red&amp;apos;\&amp;quot;, driver.findElement(By.xpath(\&amp;quot;//*[@id=&amp;apos;tab-1&amp;apos;]/table/tbody/tr[\&amp;quot; + i + 1 + \&amp;quot;]/td[5]\&amp;quot;)))</message>
  <nestedLevel>4</nestedLevel>
  <property name="startLine">98</property>
  <property name="stepIndex">9</property>
</record>
<record>
  <date>2019-08-19T14:40:10</date>
  <millis>1566205810599</millis>
  <sequence>70</sequence>
  <level>END</level>
  <class>com.kms.katalon.core.logging.XmlKeywordLogger</class>
  <method>endKeyword</method>
  <thread>1</thread>
  <message>End action : js.executeScript(\&amp;quot;arguments[0].style.border=&amp;apos;3px solid red&amp;apos;\&amp;quot;, driver.findElement(By.xpath(\&amp;quot;//*[@id=&amp;apos;tab-1&amp;apos;]/table/tbody/tr[\&amp;quot; + i + 1 + \&amp;quot;]/td[5]\&amp;quot;)))</message>
  <nestedLevel>4</nestedLevel>
</record>
<record>
  <date>2019-08-19T14:40:10</date>
  <millis>1566205810604</millis>
  <sequence>71</sequence>
  <level>START</level>
  <class>com.kms.katalon.core.logging.XmlKeywordLogger</class>
  <method>startKeyword</method>
  <thread>1</thread>
  <message>Start action : statusValue = driver.findElement(By.xpath(\&amp;quot;//*[@id=&amp;apos;tab-1&amp;apos;]/table/tbody/tr[\&amp;quot; + i + 1 + \&amp;quot;]/td[5]\&amp;quot;))</message>
  <nestedLevel>4</nestedLevel>
  <property name="startLine">101</property>
  <property name="stepIndex">10</property>
</record>
<record>
  <date>2019-08-19T14:40:10</date>
  <millis>1566205810647</millis>
  <sequence>72</sequence>
  <level>END</level>
  <class>com.kms.katalon.core.logging.XmlKeywordLogger</class>
  <method>endKeyword</method>
  <thread>1</thread>
  <message>End action : statusValue = driver.findElement(By.xpath(\&amp;quot;//*[@id=&amp;apos;tab-1&amp;apos;]/table/tbody/tr[\&amp;quot; + i + 1 + \&amp;quot;]/td[5]\&amp;quot;))</message>
  <nestedLevel>4</nestedLevel>
</record>
<record>
  <date>2019-08-19T14:40:10</date>
  <millis>1566205810647</millis>
  <sequence>73</sequence>
  <level>START</level>
  <class>com.kms.katalon.core.logging.XmlKeywordLogger</class>
  <method>startKeyword</method>
  <thread>1</thread>
  <message>Start action : js.executeScript(\&amp;quot;arguments[0].style.border=&amp;apos;3px solid red&amp;apos;\&amp;quot;, driver.findElement(By.xpath(\&amp;quot;//*[@id=&amp;apos;tab-1&amp;apos;]/table/tbody/tr[\&amp;quot; + i + 1 + \&amp;quot;]/td[6]\&amp;quot;)))</message>
  <nestedLevel>4</nestedLevel>
  <property name="startLine">103</property>
  <property name="stepIndex">11</property>
</record>
<record>
  <date>2019-08-19T14:40:10</date>
  <millis>1566205810726</millis>
  <sequence>74</sequence>
  <level>END</level>
  <class>com.kms.katalon.core.logging.XmlKeywordLogger</class>
  <method>endKeyword</method>
  <thread>1</thread>
  <message>End action : js.executeScript(\&amp;quot;arguments[0].style.border=&amp;apos;3px solid red&amp;apos;\&amp;quot;, driver.findElement(By.xpath(\&amp;quot;//*[@id=&amp;apos;tab-1&amp;apos;]/table/tbody/tr[\&amp;quot; + i + 1 + \&amp;quot;]/td[6]\&amp;quot;)))</message>
  <nestedLevel>4</nestedLevel>
</record>
<record>
  <date>2019-08-19T14:40:10</date>
  <millis>1566205810727</millis>
  <sequence>75</sequence>
  <level>START</level>
  <class>com.kms.katalon.core.logging.XmlKeywordLogger</class>
  <method>startKeyword</method>
  <thread>1</thread>
  <message>Start action : paymentStatus = driver.findElement(By.xpath(\&amp;quot;//*[@id=&amp;apos;tab-1&amp;apos;]/table/tbody/tr[\&amp;quot; + i + 1 + \&amp;quot;]/td[6]\&amp;quot;))</message>
  <nestedLevel>4</nestedLevel>
  <property name="startLine">106</property>
  <property name="stepIndex">12</property>
</record>
<record>
  <date>2019-08-19T14:40:10</date>
  <millis>1566205810762</millis>
  <sequence>76</sequence>
  <level>END</level>
  <class>com.kms.katalon.core.logging.XmlKeywordLogger</class>
  <method>endKeyword</method>
  <thread>1</thread>
  <message>End action : paymentStatus = driver.findElement(By.xpath(\&amp;quot;//*[@id=&amp;apos;tab-1&amp;apos;]/table/tbody/tr[\&amp;quot; + i + 1 + \&amp;quot;]/td[6]\&amp;quot;))</message>
  <nestedLevel>4</nestedLevel>
</record>
<record>
  <date>2019-08-19T14:40:10</date>
  <millis>1566205810762</millis>
  <sequence>77</sequence>
  <level>START</level>
  <class>com.kms.katalon.core.logging.XmlKeywordLogger</class>
  <method>startKeyword</method>
  <thread>1</thread>
  <message>Start action : js.executeScript(\&amp;quot;arguments[0].style.border=&amp;apos;3px solid red&amp;apos;\&amp;quot;, driver.findElement(By.xpath(\&amp;quot;//*[@id=&amp;apos;tab-1&amp;apos;]/table/tbody/tr[\&amp;quot; + i + 1 + \&amp;quot;]/td[7]\&amp;quot;)))</message>
  <nestedLevel>4</nestedLevel>
  <property name="startLine">108</property>
  <property name="stepIndex">13</property>
</record>
<record>
  <date>2019-08-19T14:40:10</date>
  <millis>1566205810830</millis>
  <sequence>78</sequence>
  <level>END</level>
  <class>com.kms.katalon.core.logging.XmlKeywordLogger</class>
  <method>endKeyword</method>
  <thread>1</thread>
  <message>End action : js.executeScript(\&amp;quot;arguments[0].style.border=&amp;apos;3px solid red&amp;apos;\&amp;quot;, driver.findElement(By.xpath(\&amp;quot;//*[@id=&amp;apos;tab-1&amp;apos;]/table/tbody/tr[\&amp;quot; + i + 1 + \&amp;quot;]/td[7]\&amp;quot;)))</message>
  <nestedLevel>4</nestedLevel>
</record>
<record>
  <date>2019-08-19T14:40:10</date>
  <millis>1566205810830</millis>
  <sequence>79</sequence>
  <level>START</level>
  <class>com.kms.katalon.core.logging.XmlKeywordLogger</class>
  <method>startKeyword</method>
  <thread>1</thread>
  <message>Start action : Assert.assertNotEquals(orderValue, null, \&amp;quot;Order number is null\&amp;quot;)</message>
  <nestedLevel>4</nestedLevel>
  <property name="startLine">111</property>
  <property name="stepIndex">14</property>
</record>
<record>
  <date>2019-08-19T14:40:10</date>
  <millis>1566205810846</millis>
  <sequence>80</sequence>
  <level>END</level>
  <class>com.kms.katalon.core.logging.XmlKeywordLogger</class>
  <method>endKeyword</method>
  <thread>1</thread>
  <message>End action : Assert.assertNotEquals(orderValue, null, \&amp;quot;Order number is null\&amp;quot;)</message>
  <nestedLevel>4</nestedLevel>
</record>
<record>
  <date>2019-08-19T14:40:10</date>
  <millis>1566205810846</millis>
  <sequence>81</sequence>
  <level>START</level>
  <class>com.kms.katalon.core.logging.XmlKeywordLogger</class>
  <method>startKeyword</method>
  <thread>1</thread>
  <message>Start action : Assert.assertNotEquals(addressValue, null, \&amp;quot;Address is null\&amp;quot;)</message>
  <nestedLevel>4</nestedLevel>
  <property name="startLine">113</property>
  <property name="stepIndex">15</property>
</record>
<record>
  <date>2019-08-19T14:40:10</date>
  <millis>1566205810849</millis>
  <sequence>82</sequence>
  <level>END</level>
  <class>com.kms.katalon.core.logging.XmlKeywordLogger</class>
  <method>endKeyword</method>
  <thread>1</thread>
  <message>End action : Assert.assertNotEquals(addressValue, null, \&amp;quot;Address is null\&amp;quot;)</message>
  <nestedLevel>4</nestedLevel>
</record>
<record>
  <date>2019-08-19T14:40:10</date>
  <millis>1566205810849</millis>
  <sequence>83</sequence>
  <level>START</level>
  <class>com.kms.katalon.core.logging.XmlKeywordLogger</class>
  <method>startKeyword</method>
  <thread>1</thread>
  <message>Start action : Assert.assertNotEquals(listingValue, null, \&amp;quot;Listing is null\&amp;quot;)</message>
  <nestedLevel>4</nestedLevel>
  <property name="startLine">115</property>
  <property name="stepIndex">16</property>
</record>
<record>
  <date>2019-08-19T14:40:10</date>
  <millis>1566205810850</millis>
  <sequence>84</sequence>
  <level>END</level>
  <class>com.kms.katalon.core.logging.XmlKeywordLogger</class>
  <method>endKeyword</method>
  <thread>1</thread>
  <message>End action : Assert.assertNotEquals(listingValue, null, \&amp;quot;Listing is null\&amp;quot;)</message>
  <nestedLevel>4</nestedLevel>
</record>
<record>
  <date>2019-08-19T14:40:10</date>
  <millis>1566205810851</millis>
  <sequence>85</sequence>
  <level>START</level>
  <class>com.kms.katalon.core.logging.XmlKeywordLogger</class>
  <method>startKeyword</method>
  <thread>1</thread>
  <message>Start action : Assert.assertNotEquals(bookingDate, null, \&amp;quot;Booking date is null\&amp;quot;)</message>
  <nestedLevel>4</nestedLevel>
  <property name="startLine">117</property>
  <property name="stepIndex">17</property>
</record>
<record>
  <date>2019-08-19T14:40:10</date>
  <millis>1566205810852</millis>
  <sequence>86</sequence>
  <level>END</level>
  <class>com.kms.katalon.core.logging.XmlKeywordLogger</class>
  <method>endKeyword</method>
  <thread>1</thread>
  <message>End action : Assert.assertNotEquals(bookingDate, null, \&amp;quot;Booking date is null\&amp;quot;)</message>
  <nestedLevel>4</nestedLevel>
</record>
<record>
  <date>2019-08-19T14:40:10</date>
  <millis>1566205810852</millis>
  <sequence>87</sequence>
  <level>START</level>
  <class>com.kms.katalon.core.logging.XmlKeywordLogger</class>
  <method>startKeyword</method>
  <thread>1</thread>
  <message>Start action : Assert.assertNotEquals(statusValue, null, \&amp;quot;Status is null\&amp;quot;)</message>
  <nestedLevel>4</nestedLevel>
  <property name="startLine">119</property>
  <property name="stepIndex">18</property>
</record>
<record>
  <date>2019-08-19T14:40:10</date>
  <millis>1566205810853</millis>
  <sequence>88</sequence>
  <level>END</level>
  <class>com.kms.katalon.core.logging.XmlKeywordLogger</class>
  <method>endKeyword</method>
  <thread>1</thread>
  <message>End action : Assert.assertNotEquals(statusValue, null, \&amp;quot;Status is null\&amp;quot;)</message>
  <nestedLevel>4</nestedLevel>
</record>
<record>
  <date>2019-08-19T14:40:10</date>
  <millis>1566205810854</millis>
  <sequence>89</sequence>
  <level>START</level>
  <class>com.kms.katalon.core.logging.XmlKeywordLogger</class>
  <method>startKeyword</method>
  <thread>1</thread>
  <message>Start action : Assert.assertNotEquals(paymentStatus, null, \&amp;quot;Payment status is null\&amp;quot;)</message>
  <nestedLevel>4</nestedLevel>
  <property name="startLine">121</property>
  <property name="stepIndex">19</property>
</record>
<record>
  <date>2019-08-19T14:40:10</date>
  <millis>1566205810911</millis>
  <sequence>90</sequence>
  <level>END</level>
  <class>com.kms.katalon.core.logging.XmlKeywordLogger</class>
  <method>endKeyword</method>
  <thread>1</thread>
  <message>End action : Assert.assertNotEquals(paymentStatus, null, \&amp;quot;Payment status is null\&amp;quot;)</message>
  <nestedLevel>4</nestedLevel>
</record>
<record>
  <date>2019-08-19T14:40:10</date>
  <millis>1566205810912</millis>
  <sequence>91</sequence>
  <level>START</level>
  <class>com.kms.katalon.core.logging.XmlKeywordLogger</class>
  <method>startKeyword</method>
  <thread>1</thread>
  <message>Start action : js.executeScript(\&amp;quot;arguments[0].style.border=&amp;apos;3px solid red&amp;apos;\&amp;quot;, driver.findElement(By.xpath(\&amp;quot;//*[@id=&amp;apos;tab-1&amp;apos;]/table/tbody/tr[\&amp;quot; + i + 1 + \&amp;quot;]/td[1]\&amp;quot;)))</message>
  <nestedLevel>4</nestedLevel>
  <property name="startLine">79</property>
  <property name="stepIndex">1</property>
</record>
<record>
  <date>2019-08-19T14:40:10</date>
  <millis>1566205810960</millis>
  <sequence>92</sequence>
  <level>END</level>
  <class>com.kms.katalon.core.logging.XmlKeywordLogger</class>
  <method>endKeyword</method>
  <thread>1</thread>
  <message>End action : js.executeScript(\&amp;quot;arguments[0].style.border=&amp;apos;3px solid red&amp;apos;\&amp;quot;, driver.findElement(By.xpath(\&amp;quot;//*[@id=&amp;apos;tab-1&amp;apos;]/table/tbody/tr[\&amp;quot; + i + 1 + \&amp;quot;]/td[1]\&amp;quot;)))</message>
  <nestedLevel>4</nestedLevel>
</record>
<record>
  <date>2019-08-19T14:40:10</date>
  <millis>1566205810961</millis>
  <sequence>93</sequence>
  <level>START</level>
  <class>com.kms.katalon.core.logging.XmlKeywordLogger</class>
  <method>startKeyword</method>
  <thread>1</thread>
  <message>Start action : orderValue = driver.findElement(By.xpath(\&amp;quot;//*[@id=&amp;apos;tab-1&amp;apos;]/table/tbody/tr[\&amp;quot; + i + 1 + \&amp;quot;]/td[1]\&amp;quot;))</message>
  <nestedLevel>4</nestedLevel>
  <property name="startLine">81</property>
  <property name="stepIndex">2</property>
</record>
<record>
  <date>2019-08-19T14:40:10</date>
  <millis>1566205810985</millis>
  <sequence>94</sequence>
  <level>END</level>
  <class>com.kms.katalon.core.logging.XmlKeywordLogger</class>
  <method>endKeyword</method>
  <thread>1</thread>
  <message>End action : orderValue = driver.findElement(By.xpath(\&amp;quot;//*[@id=&amp;apos;tab-1&amp;apos;]/table/tbody/tr[\&amp;quot; + i + 1 + \&amp;quot;]/td[1]\&amp;quot;))</message>
  <nestedLevel>4</nestedLevel>
</record>
<record>
  <date>2019-08-19T14:40:10</date>
  <millis>1566205810985</millis>
  <sequence>95</sequence>
  <level>START</level>
  <class>com.kms.katalon.core.logging.XmlKeywordLogger</class>
  <method>startKeyword</method>
  <thread>1</thread>
  <message>Start action : js.executeScript(\&amp;quot;arguments[0].style.border=&amp;apos;3px solid red&amp;apos;\&amp;quot;, driver.findElement(By.xpath(\&amp;quot;//*[@id=&amp;apos;tab-1&amp;apos;]/table/tbody/tr[\&amp;quot; + i + 1 + \&amp;quot;]/td[2]\&amp;quot;)))</message>
  <nestedLevel>4</nestedLevel>
  <property name="startLine">83</property>
  <property name="stepIndex">3</property>
</record>
<record>
  <date>2019-08-19T14:40:11</date>
  <millis>1566205811053</millis>
  <sequence>96</sequence>
  <level>END</level>
  <class>com.kms.katalon.core.logging.XmlKeywordLogger</class>
  <method>endKeyword</method>
  <thread>1</thread>
  <message>End action : js.executeScript(\&amp;quot;arguments[0].style.border=&amp;apos;3px solid red&amp;apos;\&amp;quot;, driver.findElement(By.xpath(\&amp;quot;//*[@id=&amp;apos;tab-1&amp;apos;]/table/tbody/tr[\&amp;quot; + i + 1 + \&amp;quot;]/td[2]\&amp;quot;)))</message>
  <nestedLevel>4</nestedLevel>
</record>
<record>
  <date>2019-08-19T14:40:11</date>
  <millis>1566205811053</millis>
  <sequence>97</sequence>
  <level>START</level>
  <class>com.kms.katalon.core.logging.XmlKeywordLogger</class>
  <method>startKeyword</method>
  <thread>1</thread>
  <message>Start action : addressValue = driver.findElement(By.xpath(\&amp;quot;//*[@id=&amp;apos;tab-1&amp;apos;]/table/tbody/tr[\&amp;quot; + i + 1 + \&amp;quot;]/td[2]\&amp;quot;))</message>
  <nestedLevel>4</nestedLevel>
  <property name="startLine">86</property>
  <property name="stepIndex">4</property>
</record>
<record>
  <date>2019-08-19T14:40:11</date>
  <millis>1566205811163</millis>
  <sequence>98</sequence>
  <level>END</level>
  <class>com.kms.katalon.core.logging.XmlKeywordLogger</class>
  <method>endKeyword</method>
  <thread>1</thread>
  <message>End action : addressValue = driver.findElement(By.xpath(\&amp;quot;//*[@id=&amp;apos;tab-1&amp;apos;]/table/tbody/tr[\&amp;quot; + i + 1 + \&amp;quot;]/td[2]\&amp;quot;))</message>
  <nestedLevel>4</nestedLevel>
</record>
<record>
  <date>2019-08-19T14:40:11</date>
  <millis>1566205811163</millis>
  <sequence>99</sequence>
  <level>START</level>
  <class>com.kms.katalon.core.logging.XmlKeywordLogger</class>
  <method>startKeyword</method>
  <thread>1</thread>
  <message>Start action : js.executeScript(\&amp;quot;arguments[0].style.border=&amp;apos;3px solid red&amp;apos;\&amp;quot;, driver.findElement(By.xpath(\&amp;quot;//*[@id=&amp;apos;tab-1&amp;apos;]/table/tbody/tr[\&amp;quot; + i + 1 + \&amp;quot;]/td[3]\&amp;quot;)))</message>
  <nestedLevel>4</nestedLevel>
  <property name="startLine">88</property>
  <property name="stepIndex">5</property>
</record>
<record>
  <date>2019-08-19T14:40:11</date>
  <millis>1566205811233</millis>
  <sequence>100</sequence>
  <level>END</level>
  <class>com.kms.katalon.core.logging.XmlKeywordLogger</class>
  <method>endKeyword</method>
  <thread>1</thread>
  <message>End action : js.executeScript(\&amp;quot;arguments[0].style.border=&amp;apos;3px solid red&amp;apos;\&amp;quot;, driver.findElement(By.xpath(\&amp;quot;//*[@id=&amp;apos;tab-1&amp;apos;]/table/tbody/tr[\&amp;quot; + i + 1 + \&amp;quot;]/td[3]\&amp;quot;)))</message>
  <nestedLevel>4</nestedLevel>
</record>
<record>
  <date>2019-08-19T14:40:11</date>
  <millis>1566205811234</millis>
  <sequence>101</sequence>
  <level>START</level>
  <class>com.kms.katalon.core.logging.XmlKeywordLogger</class>
  <method>startKeyword</method>
  <thread>1</thread>
  <message>Start action : listingValue = driver.findElement(By.xpath(\&amp;quot;//*[@id=&amp;apos;tab-1&amp;apos;]/table/tbody/tr[\&amp;quot; + i + 1 + \&amp;quot;]/td[3]\&amp;quot;))</message>
  <nestedLevel>4</nestedLevel>
  <property name="startLine">91</property>
  <property name="stepIndex">6</property>
</record>
<record>
  <date>2019-08-19T14:40:11</date>
  <millis>1566205811260</millis>
  <sequence>102</sequence>
  <level>END</level>
  <class>com.kms.katalon.core.logging.XmlKeywordLogger</class>
  <method>endKeyword</method>
  <thread>1</thread>
  <message>End action : listingValue = driver.findElement(By.xpath(\&amp;quot;//*[@id=&amp;apos;tab-1&amp;apos;]/table/tbody/tr[\&amp;quot; + i + 1 + \&amp;quot;]/td[3]\&amp;quot;))</message>
  <nestedLevel>4</nestedLevel>
</record>
<record>
  <date>2019-08-19T14:40:11</date>
  <millis>1566205811260</millis>
  <sequence>103</sequence>
  <level>START</level>
  <class>com.kms.katalon.core.logging.XmlKeywordLogger</class>
  <method>startKeyword</method>
  <thread>1</thread>
  <message>Start action : js.executeScript(\&amp;quot;arguments[0].style.border=&amp;apos;3px solid red&amp;apos;\&amp;quot;, driver.findElement(By.xpath(\&amp;quot;//*[@id=&amp;apos;tab-1&amp;apos;]/table/tbody/tr[\&amp;quot; + i + 1 + \&amp;quot;]/td[4]\&amp;quot;)))</message>
  <nestedLevel>4</nestedLevel>
  <property name="startLine">93</property>
  <property name="stepIndex">7</property>
</record>
<record>
  <date>2019-08-19T14:40:11</date>
  <millis>1566205811389</millis>
  <sequence>104</sequence>
  <level>END</level>
  <class>com.kms.katalon.core.logging.XmlKeywordLogger</class>
  <method>endKeyword</method>
  <thread>1</thread>
  <message>End action : js.executeScript(\&amp;quot;arguments[0].style.border=&amp;apos;3px solid red&amp;apos;\&amp;quot;, driver.findElement(By.xpath(\&amp;quot;//*[@id=&amp;apos;tab-1&amp;apos;]/table/tbody/tr[\&amp;quot; + i + 1 + \&amp;quot;]/td[4]\&amp;quot;)))</message>
  <nestedLevel>4</nestedLevel>
</record>
<record>
  <date>2019-08-19T14:40:11</date>
  <millis>1566205811390</millis>
  <sequence>105</sequence>
  <level>START</level>
  <class>com.kms.katalon.core.logging.XmlKeywordLogger</class>
  <method>startKeyword</method>
  <thread>1</thread>
  <message>Start action : bookingDate = driver.findElement(By.xpath(\&amp;quot;//*[@id=&amp;apos;tab-1&amp;apos;]/table/tbody/tr[\&amp;quot; + i + 1 + \&amp;quot;]/td[4]\&amp;quot;))</message>
  <nestedLevel>4</nestedLevel>
  <property name="startLine">96</property>
  <property name="stepIndex">8</property>
</record>
<record>
  <date>2019-08-19T14:40:11</date>
  <millis>1566205811415</millis>
  <sequence>106</sequence>
  <level>END</level>
  <class>com.kms.katalon.core.logging.XmlKeywordLogger</class>
  <method>endKeyword</method>
  <thread>1</thread>
  <message>End action : bookingDate = driver.findElement(By.xpath(\&amp;quot;//*[@id=&amp;apos;tab-1&amp;apos;]/table/tbody/tr[\&amp;quot; + i + 1 + \&amp;quot;]/td[4]\&amp;quot;))</message>
  <nestedLevel>4</nestedLevel>
</record>
<record>
  <date>2019-08-19T14:40:11</date>
  <millis>1566205811415</millis>
  <sequence>107</sequence>
  <level>START</level>
  <class>com.kms.katalon.core.logging.XmlKeywordLogger</class>
  <method>startKeyword</method>
  <thread>1</thread>
  <message>Start action : js.executeScript(\&amp;quot;arguments[0].style.border=&amp;apos;3px solid red&amp;apos;\&amp;quot;, driver.findElement(By.xpath(\&amp;quot;//*[@id=&amp;apos;tab-1&amp;apos;]/table/tbody/tr[\&amp;quot; + i + 1 + \&amp;quot;]/td[5]\&amp;quot;)))</message>
  <nestedLevel>4</nestedLevel>
  <property name="startLine">98</property>
  <property name="stepIndex">9</property>
</record>
<record>
  <date>2019-08-19T14:40:11</date>
  <millis>1566205811451</millis>
  <sequence>108</sequence>
  <level>END</level>
  <class>com.kms.katalon.core.logging.XmlKeywordLogger</class>
  <method>endKeyword</method>
  <thread>1</thread>
  <message>End action : js.executeScript(\&amp;quot;arguments[0].style.border=&amp;apos;3px solid red&amp;apos;\&amp;quot;, driver.findElement(By.xpath(\&amp;quot;//*[@id=&amp;apos;tab-1&amp;apos;]/table/tbody/tr[\&amp;quot; + i + 1 + \&amp;quot;]/td[5]\&amp;quot;)))</message>
  <nestedLevel>4</nestedLevel>
</record>
<record>
  <date>2019-08-19T14:40:11</date>
  <millis>1566205811451</millis>
  <sequence>109</sequence>
  <level>START</level>
  <class>com.kms.katalon.core.logging.XmlKeywordLogger</class>
  <method>startKeyword</method>
  <thread>1</thread>
  <message>Start action : statusValue = driver.findElement(By.xpath(\&amp;quot;//*[@id=&amp;apos;tab-1&amp;apos;]/table/tbody/tr[\&amp;quot; + i + 1 + \&amp;quot;]/td[5]\&amp;quot;))</message>
  <nestedLevel>4</nestedLevel>
  <property name="startLine">101</property>
  <property name="stepIndex">10</property>
</record>
<record>
  <date>2019-08-19T14:40:11</date>
  <millis>1566205811474</millis>
  <sequence>110</sequence>
  <level>END</level>
  <class>com.kms.katalon.core.logging.XmlKeywordLogger</class>
  <method>endKeyword</method>
  <thread>1</thread>
  <message>End action : statusValue = driver.findElement(By.xpath(\&amp;quot;//*[@id=&amp;apos;tab-1&amp;apos;]/table/tbody/tr[\&amp;quot; + i + 1 + \&amp;quot;]/td[5]\&amp;quot;))</message>
  <nestedLevel>4</nestedLevel>
</record>
<record>
  <date>2019-08-19T14:40:11</date>
  <millis>1566205811474</millis>
  <sequence>111</sequence>
  <level>START</level>
  <class>com.kms.katalon.core.logging.XmlKeywordLogger</class>
  <method>startKeyword</method>
  <thread>1</thread>
  <message>Start action : js.executeScript(\&amp;quot;arguments[0].style.border=&amp;apos;3px solid red&amp;apos;\&amp;quot;, driver.findElement(By.xpath(\&amp;quot;//*[@id=&amp;apos;tab-1&amp;apos;]/table/tbody/tr[\&amp;quot; + i + 1 + \&amp;quot;]/td[6]\&amp;quot;)))</message>
  <nestedLevel>4</nestedLevel>
  <property name="startLine">103</property>
  <property name="stepIndex">11</property>
</record>
<record>
  <date>2019-08-19T14:40:11</date>
  <millis>1566205811520</millis>
  <sequence>112</sequence>
  <level>END</level>
  <class>com.kms.katalon.core.logging.XmlKeywordLogger</class>
  <method>endKeyword</method>
  <thread>1</thread>
  <message>End action : js.executeScript(\&amp;quot;arguments[0].style.border=&amp;apos;3px solid red&amp;apos;\&amp;quot;, driver.findElement(By.xpath(\&amp;quot;//*[@id=&amp;apos;tab-1&amp;apos;]/table/tbody/tr[\&amp;quot; + i + 1 + \&amp;quot;]/td[6]\&amp;quot;)))</message>
  <nestedLevel>4</nestedLevel>
</record>
<record>
  <date>2019-08-19T14:40:11</date>
  <millis>1566205811520</millis>
  <sequence>113</sequence>
  <level>START</level>
  <class>com.kms.katalon.core.logging.XmlKeywordLogger</class>
  <method>startKeyword</method>
  <thread>1</thread>
  <message>Start action : paymentStatus = driver.findElement(By.xpath(\&amp;quot;//*[@id=&amp;apos;tab-1&amp;apos;]/table/tbody/tr[\&amp;quot; + i + 1 + \&amp;quot;]/td[6]\&amp;quot;))</message>
  <nestedLevel>4</nestedLevel>
  <property name="startLine">106</property>
  <property name="stepIndex">12</property>
</record>
<record>
  <date>2019-08-19T14:40:11</date>
  <millis>1566205811538</millis>
  <sequence>114</sequence>
  <level>END</level>
  <class>com.kms.katalon.core.logging.XmlKeywordLogger</class>
  <method>endKeyword</method>
  <thread>1</thread>
  <message>End action : paymentStatus = driver.findElement(By.xpath(\&amp;quot;//*[@id=&amp;apos;tab-1&amp;apos;]/table/tbody/tr[\&amp;quot; + i + 1 + \&amp;quot;]/td[6]\&amp;quot;))</message>
  <nestedLevel>4</nestedLevel>
</record>
<record>
  <date>2019-08-19T14:40:11</date>
  <millis>1566205811539</millis>
  <sequence>115</sequence>
  <level>START</level>
  <class>com.kms.katalon.core.logging.XmlKeywordLogger</class>
  <method>startKeyword</method>
  <thread>1</thread>
  <message>Start action : js.executeScript(\&amp;quot;arguments[0].style.border=&amp;apos;3px solid red&amp;apos;\&amp;quot;, driver.findElement(By.xpath(\&amp;quot;//*[@id=&amp;apos;tab-1&amp;apos;]/table/tbody/tr[\&amp;quot; + i + 1 + \&amp;quot;]/td[7]\&amp;quot;)))</message>
  <nestedLevel>4</nestedLevel>
  <property name="startLine">108</property>
  <property name="stepIndex">13</property>
</record>
<record>
  <date>2019-08-19T14:40:11</date>
  <millis>1566205811580</millis>
  <sequence>116</sequence>
  <level>END</level>
  <class>com.kms.katalon.core.logging.XmlKeywordLogger</class>
  <method>endKeyword</method>
  <thread>1</thread>
  <message>End action : js.executeScript(\&amp;quot;arguments[0].style.border=&amp;apos;3px solid red&amp;apos;\&amp;quot;, driver.findElement(By.xpath(\&amp;quot;//*[@id=&amp;apos;tab-1&amp;apos;]/table/tbody/tr[\&amp;quot; + i + 1 + \&amp;quot;]/td[7]\&amp;quot;)))</message>
  <nestedLevel>4</nestedLevel>
</record>
<record>
  <date>2019-08-19T14:40:11</date>
  <millis>1566205811580</millis>
  <sequence>117</sequence>
  <level>START</level>
  <class>com.kms.katalon.core.logging.XmlKeywordLogger</class>
  <method>startKeyword</method>
  <thread>1</thread>
  <message>Start action : Assert.assertNotEquals(orderValue, null, \&amp;quot;Order number is null\&amp;quot;)</message>
  <nestedLevel>4</nestedLevel>
  <property name="startLine">111</property>
  <property name="stepIndex">14</property>
</record>
<record>
  <date>2019-08-19T14:40:11</date>
  <millis>1566205811580</millis>
  <sequence>118</sequence>
  <level>END</level>
  <class>com.kms.katalon.core.logging.XmlKeywordLogger</class>
  <method>endKeyword</method>
  <thread>1</thread>
  <message>End action : Assert.assertNotEquals(orderValue, null, \&amp;quot;Order number is null\&amp;quot;)</message>
  <nestedLevel>4</nestedLevel>
</record>
<record>
  <date>2019-08-19T14:40:11</date>
  <millis>1566205811580</millis>
  <sequence>119</sequence>
  <level>START</level>
  <class>com.kms.katalon.core.logging.XmlKeywordLogger</class>
  <method>startKeyword</method>
  <thread>1</thread>
  <message>Start action : Assert.assertNotEquals(addressValue, null, \&amp;quot;Address is null\&amp;quot;)</message>
  <nestedLevel>4</nestedLevel>
  <property name="startLine">113</property>
  <property name="stepIndex">15</property>
</record>
<record>
  <date>2019-08-19T14:40:11</date>
  <millis>1566205811584</millis>
  <sequence>120</sequence>
  <level>END</level>
  <class>com.kms.katalon.core.logging.XmlKeywordLogger</class>
  <method>endKeyword</method>
  <thread>1</thread>
  <message>End action : Assert.assertNotEquals(addressValue, null, \&amp;quot;Address is null\&amp;quot;)</message>
  <nestedLevel>4</nestedLevel>
</record>
<record>
  <date>2019-08-19T14:40:11</date>
  <millis>1566205811584</millis>
  <sequence>121</sequence>
  <level>START</level>
  <class>com.kms.katalon.core.logging.XmlKeywordLogger</class>
  <method>startKeyword</method>
  <thread>1</thread>
  <message>Start action : Assert.assertNotEquals(listingValue, null, \&amp;quot;Listing is null\&amp;quot;)</message>
  <nestedLevel>4</nestedLevel>
  <property name="startLine">115</property>
  <property name="stepIndex">16</property>
</record>
<record>
  <date>2019-08-19T14:40:11</date>
  <millis>1566205811584</millis>
  <sequence>122</sequence>
  <level>END</level>
  <class>com.kms.katalon.core.logging.XmlKeywordLogger</class>
  <method>endKeyword</method>
  <thread>1</thread>
  <message>End action : Assert.assertNotEquals(listingValue, null, \&amp;quot;Listing is null\&amp;quot;)</message>
  <nestedLevel>4</nestedLevel>
</record>
<record>
  <date>2019-08-19T14:40:11</date>
  <millis>1566205811584</millis>
  <sequence>123</sequence>
  <level>START</level>
  <class>com.kms.katalon.core.logging.XmlKeywordLogger</class>
  <method>startKeyword</method>
  <thread>1</thread>
  <message>Start action : Assert.assertNotEquals(bookingDate, null, \&amp;quot;Booking date is null\&amp;quot;)</message>
  <nestedLevel>4</nestedLevel>
  <property name="startLine">117</property>
  <property name="stepIndex">17</property>
</record>
<record>
  <date>2019-08-19T14:40:11</date>
  <millis>1566205811584</millis>
  <sequence>124</sequence>
  <level>END</level>
  <class>com.kms.katalon.core.logging.XmlKeywordLogger</class>
  <method>endKeyword</method>
  <thread>1</thread>
  <message>End action : Assert.assertNotEquals(bookingDate, null, \&amp;quot;Booking date is null\&amp;quot;)</message>
  <nestedLevel>4</nestedLevel>
</record>
<record>
  <date>2019-08-19T14:40:11</date>
  <millis>1566205811584</millis>
  <sequence>125</sequence>
  <level>START</level>
  <class>com.kms.katalon.core.logging.XmlKeywordLogger</class>
  <method>startKeyword</method>
  <thread>1</thread>
  <message>Start action : Assert.assertNotEquals(statusValue, null, \&amp;quot;Status is null\&amp;quot;)</message>
  <nestedLevel>4</nestedLevel>
  <property name="startLine">119</property>
  <property name="stepIndex">18</property>
</record>
<record>
  <date>2019-08-19T14:40:11</date>
  <millis>1566205811584</millis>
  <sequence>126</sequence>
  <level>END</level>
  <class>com.kms.katalon.core.logging.XmlKeywordLogger</class>
  <method>endKeyword</method>
  <thread>1</thread>
  <message>End action : Assert.assertNotEquals(statusValue, null, \&amp;quot;Status is null\&amp;quot;)</message>
  <nestedLevel>4</nestedLevel>
</record>
<record>
  <date>2019-08-19T14:40:11</date>
  <millis>1566205811584</millis>
  <sequence>127</sequence>
  <level>START</level>
  <class>com.kms.katalon.core.logging.XmlKeywordLogger</class>
  <method>startKeyword</method>
  <thread>1</thread>
  <message>Start action : Assert.assertNotEquals(paymentStatus, null, \&amp;quot;Payment status is null\&amp;quot;)</message>
  <nestedLevel>4</nestedLevel>
  <property name="startLine">121</property>
  <property name="stepIndex">19</property>
</record>
<record>
  <date>2019-08-19T14:40:11</date>
  <millis>1566205811584</millis>
  <sequence>128</sequence>
  <level>END</level>
  <class>com.kms.katalon.core.logging.XmlKeywordLogger</class>
  <method>endKeyword</method>
  <thread>1</thread>
  <message>End action : Assert.assertNotEquals(paymentStatus, null, \&amp;quot;Payment status is null\&amp;quot;)</message>
  <nestedLevel>4</nestedLevel>
</record>
<record>
  <date>2019-08-19T14:40:11</date>
  <millis>1566205811588</millis>
  <sequence>129</sequence>
  <level>START</level>
  <class>com.kms.katalon.core.logging.XmlKeywordLogger</class>
  <method>startKeyword</method>
  <thread>1</thread>
  <message>Start action : js.executeScript(\&amp;quot;arguments[0].style.border=&amp;apos;3px solid red&amp;apos;\&amp;quot;, driver.findElement(By.xpath(\&amp;quot;//*[@id=&amp;apos;tab-1&amp;apos;]/table/tbody/tr[\&amp;quot; + i + 1 + \&amp;quot;]/td[1]\&amp;quot;)))</message>
  <nestedLevel>4</nestedLevel>
  <property name="startLine">79</property>
  <property name="stepIndex">1</property>
</record>
<record>
  <date>2019-08-19T14:40:11</date>
  <millis>1566205811627</millis>
  <sequence>130</sequence>
  <level>END</level>
  <class>com.kms.katalon.core.logging.XmlKeywordLogger</class>
  <method>endKeyword</method>
  <thread>1</thread>
  <message>End action : js.executeScript(\&amp;quot;arguments[0].style.border=&amp;apos;3px solid red&amp;apos;\&amp;quot;, driver.findElement(By.xpath(\&amp;quot;//*[@id=&amp;apos;tab-1&amp;apos;]/table/tbody/tr[\&amp;quot; + i + 1 + \&amp;quot;]/td[1]\&amp;quot;)))</message>
  <nestedLevel>4</nestedLevel>
</record>
<record>
  <date>2019-08-19T14:40:11</date>
  <millis>1566205811627</millis>
  <sequence>131</sequence>
  <level>START</level>
  <class>com.kms.katalon.core.logging.XmlKeywordLogger</class>
  <method>startKeyword</method>
  <thread>1</thread>
  <message>Start action : orderValue = driver.findElement(By.xpath(\&amp;quot;//*[@id=&amp;apos;tab-1&amp;apos;]/table/tbody/tr[\&amp;quot; + i + 1 + \&amp;quot;]/td[1]\&amp;quot;))</message>
  <nestedLevel>4</nestedLevel>
  <property name="startLine">81</property>
  <property name="stepIndex">2</property>
</record>
<record>
  <date>2019-08-19T14:40:11</date>
  <millis>1566205811648</millis>
  <sequence>132</sequence>
  <level>END</level>
  <class>com.kms.katalon.core.logging.XmlKeywordLogger</class>
  <method>endKeyword</method>
  <thread>1</thread>
  <message>End action : orderValue = driver.findElement(By.xpath(\&amp;quot;//*[@id=&amp;apos;tab-1&amp;apos;]/table/tbody/tr[\&amp;quot; + i + 1 + \&amp;quot;]/td[1]\&amp;quot;))</message>
  <nestedLevel>4</nestedLevel>
</record>
<record>
  <date>2019-08-19T14:40:11</date>
  <millis>1566205811648</millis>
  <sequence>133</sequence>
  <level>START</level>
  <class>com.kms.katalon.core.logging.XmlKeywordLogger</class>
  <method>startKeyword</method>
  <thread>1</thread>
  <message>Start action : js.executeScript(\&amp;quot;arguments[0].style.border=&amp;apos;3px solid red&amp;apos;\&amp;quot;, driver.findElement(By.xpath(\&amp;quot;//*[@id=&amp;apos;tab-1&amp;apos;]/table/tbody/tr[\&amp;quot; + i + 1 + \&amp;quot;]/td[2]\&amp;quot;)))</message>
  <nestedLevel>4</nestedLevel>
  <property name="startLine">83</property>
  <property name="stepIndex">3</property>
</record>
<record>
  <date>2019-08-19T14:40:11</date>
  <millis>1566205811688</millis>
  <sequence>134</sequence>
  <level>END</level>
  <class>com.kms.katalon.core.logging.XmlKeywordLogger</class>
  <method>endKeyword</method>
  <thread>1</thread>
  <message>End action : js.executeScript(\&amp;quot;arguments[0].style.border=&amp;apos;3px solid red&amp;apos;\&amp;quot;, driver.findElement(By.xpath(\&amp;quot;//*[@id=&amp;apos;tab-1&amp;apos;]/table/tbody/tr[\&amp;quot; + i + 1 + \&amp;quot;]/td[2]\&amp;quot;)))</message>
  <nestedLevel>4</nestedLevel>
</record>
<record>
  <date>2019-08-19T14:40:11</date>
  <millis>1566205811688</millis>
  <sequence>135</sequence>
  <level>START</level>
  <class>com.kms.katalon.core.logging.XmlKeywordLogger</class>
  <method>startKeyword</method>
  <thread>1</thread>
  <message>Start action : addressValue = driver.findElement(By.xpath(\&amp;quot;//*[@id=&amp;apos;tab-1&amp;apos;]/table/tbody/tr[\&amp;quot; + i + 1 + \&amp;quot;]/td[2]\&amp;quot;))</message>
  <nestedLevel>4</nestedLevel>
  <property name="startLine">86</property>
  <property name="stepIndex">4</property>
</record>
<record>
  <date>2019-08-19T14:40:11</date>
  <millis>1566205811707</millis>
  <sequence>136</sequence>
  <level>END</level>
  <class>com.kms.katalon.core.logging.XmlKeywordLogger</class>
  <method>endKeyword</method>
  <thread>1</thread>
  <message>End action : addressValue = driver.findElement(By.xpath(\&amp;quot;//*[@id=&amp;apos;tab-1&amp;apos;]/table/tbody/tr[\&amp;quot; + i + 1 + \&amp;quot;]/td[2]\&amp;quot;))</message>
  <nestedLevel>4</nestedLevel>
</record>
<record>
  <date>2019-08-19T14:40:11</date>
  <millis>1566205811707</millis>
  <sequence>137</sequence>
  <level>START</level>
  <class>com.kms.katalon.core.logging.XmlKeywordLogger</class>
  <method>startKeyword</method>
  <thread>1</thread>
  <message>Start action : js.executeScript(\&amp;quot;arguments[0].style.border=&amp;apos;3px solid red&amp;apos;\&amp;quot;, driver.findElement(By.xpath(\&amp;quot;//*[@id=&amp;apos;tab-1&amp;apos;]/table/tbody/tr[\&amp;quot; + i + 1 + \&amp;quot;]/td[3]\&amp;quot;)))</message>
  <nestedLevel>4</nestedLevel>
  <property name="startLine">88</property>
  <property name="stepIndex">5</property>
</record>
<record>
  <date>2019-08-19T14:40:11</date>
  <millis>1566205811744</millis>
  <sequence>138</sequence>
  <level>END</level>
  <class>com.kms.katalon.core.logging.XmlKeywordLogger</class>
  <method>endKeyword</method>
  <thread>1</thread>
  <message>End action : js.executeScript(\&amp;quot;arguments[0].style.border=&amp;apos;3px solid red&amp;apos;\&amp;quot;, driver.findElement(By.xpath(\&amp;quot;//*[@id=&amp;apos;tab-1&amp;apos;]/table/tbody/tr[\&amp;quot; + i + 1 + \&amp;quot;]/td[3]\&amp;quot;)))</message>
  <nestedLevel>4</nestedLevel>
</record>
<record>
  <date>2019-08-19T14:40:11</date>
  <millis>1566205811744</millis>
  <sequence>139</sequence>
  <level>START</level>
  <class>com.kms.katalon.core.logging.XmlKeywordLogger</class>
  <method>startKeyword</method>
  <thread>1</thread>
  <message>Start action : listingValue = driver.findElement(By.xpath(\&amp;quot;//*[@id=&amp;apos;tab-1&amp;apos;]/table/tbody/tr[\&amp;quot; + i + 1 + \&amp;quot;]/td[3]\&amp;quot;))</message>
  <nestedLevel>4</nestedLevel>
  <property name="startLine">91</property>
  <property name="stepIndex">6</property>
</record>
<record>
  <date>2019-08-19T14:40:11</date>
  <millis>1566205811763</millis>
  <sequence>140</sequence>
  <level>END</level>
  <class>com.kms.katalon.core.logging.XmlKeywordLogger</class>
  <method>endKeyword</method>
  <thread>1</thread>
  <message>End action : listingValue = driver.findElement(By.xpath(\&amp;quot;//*[@id=&amp;apos;tab-1&amp;apos;]/table/tbody/tr[\&amp;quot; + i + 1 + \&amp;quot;]/td[3]\&amp;quot;))</message>
  <nestedLevel>4</nestedLevel>
</record>
<record>
  <date>2019-08-19T14:40:11</date>
  <millis>1566205811763</millis>
  <sequence>141</sequence>
  <level>START</level>
  <class>com.kms.katalon.core.logging.XmlKeywordLogger</class>
  <method>startKeyword</method>
  <thread>1</thread>
  <message>Start action : js.executeScript(\&amp;quot;arguments[0].style.border=&amp;apos;3px solid red&amp;apos;\&amp;quot;, driver.findElement(By.xpath(\&amp;quot;//*[@id=&amp;apos;tab-1&amp;apos;]/table/tbody/tr[\&amp;quot; + i + 1 + \&amp;quot;]/td[4]\&amp;quot;)))</message>
  <nestedLevel>4</nestedLevel>
  <property name="startLine">93</property>
  <property name="stepIndex">7</property>
</record>
<record>
  <date>2019-08-19T14:40:11</date>
  <millis>1566205811809</millis>
  <sequence>142</sequence>
  <level>END</level>
  <class>com.kms.katalon.core.logging.XmlKeywordLogger</class>
  <method>endKeyword</method>
  <thread>1</thread>
  <message>End action : js.executeScript(\&amp;quot;arguments[0].style.border=&amp;apos;3px solid red&amp;apos;\&amp;quot;, driver.findElement(By.xpath(\&amp;quot;//*[@id=&amp;apos;tab-1&amp;apos;]/table/tbody/tr[\&amp;quot; + i + 1 + \&amp;quot;]/td[4]\&amp;quot;)))</message>
  <nestedLevel>4</nestedLevel>
</record>
<record>
  <date>2019-08-19T14:40:11</date>
  <millis>1566205811809</millis>
  <sequence>143</sequence>
  <level>START</level>
  <class>com.kms.katalon.core.logging.XmlKeywordLogger</class>
  <method>startKeyword</method>
  <thread>1</thread>
  <message>Start action : bookingDate = driver.findElement(By.xpath(\&amp;quot;//*[@id=&amp;apos;tab-1&amp;apos;]/table/tbody/tr[\&amp;quot; + i + 1 + \&amp;quot;]/td[4]\&amp;quot;))</message>
  <nestedLevel>4</nestedLevel>
  <property name="startLine">96</property>
  <property name="stepIndex">8</property>
</record>
<record>
  <date>2019-08-19T14:40:11</date>
  <millis>1566205811829</millis>
  <sequence>144</sequence>
  <level>END</level>
  <class>com.kms.katalon.core.logging.XmlKeywordLogger</class>
  <method>endKeyword</method>
  <thread>1</thread>
  <message>End action : bookingDate = driver.findElement(By.xpath(\&amp;quot;//*[@id=&amp;apos;tab-1&amp;apos;]/table/tbody/tr[\&amp;quot; + i + 1 + \&amp;quot;]/td[4]\&amp;quot;))</message>
  <nestedLevel>4</nestedLevel>
</record>
<record>
  <date>2019-08-19T14:40:11</date>
  <millis>1566205811829</millis>
  <sequence>145</sequence>
  <level>START</level>
  <class>com.kms.katalon.core.logging.XmlKeywordLogger</class>
  <method>startKeyword</method>
  <thread>1</thread>
  <message>Start action : js.executeScript(\&amp;quot;arguments[0].style.border=&amp;apos;3px solid red&amp;apos;\&amp;quot;, driver.findElement(By.xpath(\&amp;quot;//*[@id=&amp;apos;tab-1&amp;apos;]/table/tbody/tr[\&amp;quot; + i + 1 + \&amp;quot;]/td[5]\&amp;quot;)))</message>
  <nestedLevel>4</nestedLevel>
  <property name="startLine">98</property>
  <property name="stepIndex">9</property>
</record>
<record>
  <date>2019-08-19T14:40:11</date>
  <millis>1566205811876</millis>
  <sequence>146</sequence>
  <level>END</level>
  <class>com.kms.katalon.core.logging.XmlKeywordLogger</class>
  <method>endKeyword</method>
  <thread>1</thread>
  <message>End action : js.executeScript(\&amp;quot;arguments[0].style.border=&amp;apos;3px solid red&amp;apos;\&amp;quot;, driver.findElement(By.xpath(\&amp;quot;//*[@id=&amp;apos;tab-1&amp;apos;]/table/tbody/tr[\&amp;quot; + i + 1 + \&amp;quot;]/td[5]\&amp;quot;)))</message>
  <nestedLevel>4</nestedLevel>
</record>
<record>
  <date>2019-08-19T14:40:11</date>
  <millis>1566205811876</millis>
  <sequence>147</sequence>
  <level>START</level>
  <class>com.kms.katalon.core.logging.XmlKeywordLogger</class>
  <method>startKeyword</method>
  <thread>1</thread>
  <message>Start action : statusValue = driver.findElement(By.xpath(\&amp;quot;//*[@id=&amp;apos;tab-1&amp;apos;]/table/tbody/tr[\&amp;quot; + i + 1 + \&amp;quot;]/td[5]\&amp;quot;))</message>
  <nestedLevel>4</nestedLevel>
  <property name="startLine">101</property>
  <property name="stepIndex">10</property>
</record>
<record>
  <date>2019-08-19T14:40:11</date>
  <millis>1566205811898</millis>
  <sequence>148</sequence>
  <level>END</level>
  <class>com.kms.katalon.core.logging.XmlKeywordLogger</class>
  <method>endKeyword</method>
  <thread>1</thread>
  <message>End action : statusValue = driver.findElement(By.xpath(\&amp;quot;//*[@id=&amp;apos;tab-1&amp;apos;]/table/tbody/tr[\&amp;quot; + i + 1 + \&amp;quot;]/td[5]\&amp;quot;))</message>
  <nestedLevel>4</nestedLevel>
</record>
<record>
  <date>2019-08-19T14:40:11</date>
  <millis>1566205811898</millis>
  <sequence>149</sequence>
  <level>START</level>
  <class>com.kms.katalon.core.logging.XmlKeywordLogger</class>
  <method>startKeyword</method>
  <thread>1</thread>
  <message>Start action : js.executeScript(\&amp;quot;arguments[0].style.border=&amp;apos;3px solid red&amp;apos;\&amp;quot;, driver.findElement(By.xpath(\&amp;quot;//*[@id=&amp;apos;tab-1&amp;apos;]/table/tbody/tr[\&amp;quot; + i + 1 + \&amp;quot;]/td[6]\&amp;quot;)))</message>
  <nestedLevel>4</nestedLevel>
  <property name="startLine">103</property>
  <property name="stepIndex">11</property>
</record>
<record>
  <date>2019-08-19T14:40:11</date>
  <millis>1566205811941</millis>
  <sequence>150</sequence>
  <level>END</level>
  <class>com.kms.katalon.core.logging.XmlKeywordLogger</class>
  <method>endKeyword</method>
  <thread>1</thread>
  <message>End action : js.executeScript(\&amp;quot;arguments[0].style.border=&amp;apos;3px solid red&amp;apos;\&amp;quot;, driver.findElement(By.xpath(\&amp;quot;//*[@id=&amp;apos;tab-1&amp;apos;]/table/tbody/tr[\&amp;quot; + i + 1 + \&amp;quot;]/td[6]\&amp;quot;)))</message>
  <nestedLevel>4</nestedLevel>
</record>
<record>
  <date>2019-08-19T14:40:11</date>
  <millis>1566205811941</millis>
  <sequence>151</sequence>
  <level>START</level>
  <class>com.kms.katalon.core.logging.XmlKeywordLogger</class>
  <method>startKeyword</method>
  <thread>1</thread>
  <message>Start action : paymentStatus = driver.findElement(By.xpath(\&amp;quot;//*[@id=&amp;apos;tab-1&amp;apos;]/table/tbody/tr[\&amp;quot; + i + 1 + \&amp;quot;]/td[6]\&amp;quot;))</message>
  <nestedLevel>4</nestedLevel>
  <property name="startLine">106</property>
  <property name="stepIndex">12</property>
</record>
<record>
  <date>2019-08-19T14:40:11</date>
  <millis>1566205811965</millis>
  <sequence>152</sequence>
  <level>END</level>
  <class>com.kms.katalon.core.logging.XmlKeywordLogger</class>
  <method>endKeyword</method>
  <thread>1</thread>
  <message>End action : paymentStatus = driver.findElement(By.xpath(\&amp;quot;//*[@id=&amp;apos;tab-1&amp;apos;]/table/tbody/tr[\&amp;quot; + i + 1 + \&amp;quot;]/td[6]\&amp;quot;))</message>
  <nestedLevel>4</nestedLevel>
</record>
<record>
  <date>2019-08-19T14:40:11</date>
  <millis>1566205811970</millis>
  <sequence>153</sequence>
  <level>START</level>
  <class>com.kms.katalon.core.logging.XmlKeywordLogger</class>
  <method>startKeyword</method>
  <thread>1</thread>
  <message>Start action : js.executeScript(\&amp;quot;arguments[0].style.border=&amp;apos;3px solid red&amp;apos;\&amp;quot;, driver.findElement(By.xpath(\&amp;quot;//*[@id=&amp;apos;tab-1&amp;apos;]/table/tbody/tr[\&amp;quot; + i + 1 + \&amp;quot;]/td[7]\&amp;quot;)))</message>
  <nestedLevel>4</nestedLevel>
  <property name="startLine">108</property>
  <property name="stepIndex">13</property>
</record>
<record>
  <date>2019-08-19T14:40:12</date>
  <millis>1566205812012</millis>
  <sequence>154</sequence>
  <level>END</level>
  <class>com.kms.katalon.core.logging.XmlKeywordLogger</class>
  <method>endKeyword</method>
  <thread>1</thread>
  <message>End action : js.executeScript(\&amp;quot;arguments[0].style.border=&amp;apos;3px solid red&amp;apos;\&amp;quot;, driver.findElement(By.xpath(\&amp;quot;//*[@id=&amp;apos;tab-1&amp;apos;]/table/tbody/tr[\&amp;quot; + i + 1 + \&amp;quot;]/td[7]\&amp;quot;)))</message>
  <nestedLevel>4</nestedLevel>
</record>
<record>
  <date>2019-08-19T14:40:12</date>
  <millis>1566205812012</millis>
  <sequence>155</sequence>
  <level>START</level>
  <class>com.kms.katalon.core.logging.XmlKeywordLogger</class>
  <method>startKeyword</method>
  <thread>1</thread>
  <message>Start action : Assert.assertNotEquals(orderValue, null, \&amp;quot;Order number is null\&amp;quot;)</message>
  <nestedLevel>4</nestedLevel>
  <property name="startLine">111</property>
  <property name="stepIndex">14</property>
</record>
<record>
  <date>2019-08-19T14:40:12</date>
  <millis>1566205812014</millis>
  <sequence>156</sequence>
  <level>END</level>
  <class>com.kms.katalon.core.logging.XmlKeywordLogger</class>
  <method>endKeyword</method>
  <thread>1</thread>
  <message>End action : Assert.assertNotEquals(orderValue, null, \&amp;quot;Order number is null\&amp;quot;)</message>
  <nestedLevel>4</nestedLevel>
</record>
<record>
  <date>2019-08-19T14:40:12</date>
  <millis>1566205812014</millis>
  <sequence>157</sequence>
  <level>START</level>
  <class>com.kms.katalon.core.logging.XmlKeywordLogger</class>
  <method>startKeyword</method>
  <thread>1</thread>
  <message>Start action : Assert.assertNotEquals(addressValue, null, \&amp;quot;Address is null\&amp;quot;)</message>
  <nestedLevel>4</nestedLevel>
  <property name="startLine">113</property>
  <property name="stepIndex">15</property>
</record>
<record>
  <date>2019-08-19T14:40:12</date>
  <millis>1566205812014</millis>
  <sequence>158</sequence>
  <level>END</level>
  <class>com.kms.katalon.core.logging.XmlKeywordLogger</class>
  <method>endKeyword</method>
  <thread>1</thread>
  <message>End action : Assert.assertNotEquals(addressValue, null, \&amp;quot;Address is null\&amp;quot;)</message>
  <nestedLevel>4</nestedLevel>
</record>
<record>
  <date>2019-08-19T14:40:12</date>
  <millis>1566205812014</millis>
  <sequence>159</sequence>
  <level>START</level>
  <class>com.kms.katalon.core.logging.XmlKeywordLogger</class>
  <method>startKeyword</method>
  <thread>1</thread>
  <message>Start action : Assert.assertNotEquals(listingValue, null, \&amp;quot;Listing is null\&amp;quot;)</message>
  <nestedLevel>4</nestedLevel>
  <property name="startLine">115</property>
  <property name="stepIndex">16</property>
</record>
<record>
  <date>2019-08-19T14:40:12</date>
  <millis>1566205812014</millis>
  <sequence>160</sequence>
  <level>END</level>
  <class>com.kms.katalon.core.logging.XmlKeywordLogger</class>
  <method>endKeyword</method>
  <thread>1</thread>
  <message>End action : Assert.assertNotEquals(listingValue, null, \&amp;quot;Listing is null\&amp;quot;)</message>
  <nestedLevel>4</nestedLevel>
</record>
<record>
  <date>2019-08-19T14:40:12</date>
  <millis>1566205812014</millis>
  <sequence>161</sequence>
  <level>START</level>
  <class>com.kms.katalon.core.logging.XmlKeywordLogger</class>
  <method>startKeyword</method>
  <thread>1</thread>
  <message>Start action : Assert.assertNotEquals(bookingDate, null, \&amp;quot;Booking date is null\&amp;quot;)</message>
  <nestedLevel>4</nestedLevel>
  <property name="startLine">117</property>
  <property name="stepIndex">17</property>
</record>
<record>
  <date>2019-08-19T14:40:12</date>
  <millis>1566205812018</millis>
  <sequence>162</sequence>
  <level>END</level>
  <class>com.kms.katalon.core.logging.XmlKeywordLogger</class>
  <method>endKeyword</method>
  <thread>1</thread>
  <message>End action : Assert.assertNotEquals(bookingDate, null, \&amp;quot;Booking date is null\&amp;quot;)</message>
  <nestedLevel>4</nestedLevel>
</record>
<record>
  <date>2019-08-19T14:40:12</date>
  <millis>1566205812018</millis>
  <sequence>163</sequence>
  <level>START</level>
  <class>com.kms.katalon.core.logging.XmlKeywordLogger</class>
  <method>startKeyword</method>
  <thread>1</thread>
  <message>Start action : Assert.assertNotEquals(statusValue, null, \&amp;quot;Status is null\&amp;quot;)</message>
  <nestedLevel>4</nestedLevel>
  <property name="startLine">119</property>
  <property name="stepIndex">18</property>
</record>
<record>
  <date>2019-08-19T14:40:12</date>
  <millis>1566205812018</millis>
  <sequence>164</sequence>
  <level>END</level>
  <class>com.kms.katalon.core.logging.XmlKeywordLogger</class>
  <method>endKeyword</method>
  <thread>1</thread>
  <message>End action : Assert.assertNotEquals(statusValue, null, \&amp;quot;Status is null\&amp;quot;)</message>
  <nestedLevel>4</nestedLevel>
</record>
<record>
  <date>2019-08-19T14:40:12</date>
  <millis>1566205812018</millis>
  <sequence>165</sequence>
  <level>START</level>
  <class>com.kms.katalon.core.logging.XmlKeywordLogger</class>
  <method>startKeyword</method>
  <thread>1</thread>
  <message>Start action : Assert.assertNotEquals(paymentStatus, null, \&amp;quot;Payment status is null\&amp;quot;)</message>
  <nestedLevel>4</nestedLevel>
  <property name="startLine">121</property>
  <property name="stepIndex">19</property>
</record>
<record>
  <date>2019-08-19T14:40:12</date>
  <millis>1566205812018</millis>
  <sequence>166</sequence>
  <level>END</level>
  <class>com.kms.katalon.core.logging.XmlKeywordLogger</class>
  <method>endKeyword</method>
  <thread>1</thread>
  <message>End action : Assert.assertNotEquals(paymentStatus, null, \&amp;quot;Payment status is null\&amp;quot;)</message>
  <nestedLevel>4</nestedLevel>
</record>
<record>
  <date>2019-08-19T14:40:12</date>
  <millis>1566205812018</millis>
  <sequence>167</sequence>
  <level>END</level>
  <class>com.kms.katalon.core.logging.XmlKeywordLogger</class>
  <method>endKeyword</method>
  <thread>1</thread>
  <message>End action : for ([i = 0, i &amp;lt; itemList.size(), (i++)])</message>
  <nestedLevel>3</nestedLevel>
</record>
<record>
  <date>2019-08-19T14:40:12</date>
  <millis>1566205812018</millis>
  <sequence>168</sequence>
  <level>START</level>
  <class>com.kms.katalon.core.logging.XmlKeywordLogger</class>
  <method>startKeyword</method>
  <thread>1</thread>
  <message>Start action : xpath(\&amp;quot;/html/body/header/div/span[1]\&amp;quot;)).click()</message>
  <nestedLevel>3</nestedLevel>
  <property name="startLine">124</property>
  <property name="stepIndex">5</property>
</record>
<record>
  <date>2019-08-19T14:40:12</date>
  <millis>1566205812117</millis>
  <sequence>169</sequence>
  <level>END</level>
  <class>com.kms.katalon.core.logging.XmlKeywordLogger</class>
  <method>endKeyword</method>
  <thread>1</thread>
  <message>End action : xpath(\&amp;quot;/html/body/header/div/span[1]\&amp;quot;)).click()</message>
  <nestedLevel>3</nestedLevel>
</record>
<record>
  <date>2019-08-19T14:40:12</date>
  <millis>1566205812117</millis>
  <sequence>170</sequence>
  <level>START</level>
  <class>com.kms.katalon.core.logging.XmlKeywordLogger</class>
  <method>startKeyword</method>
  <thread>1</thread>
  <message>Start action : Thread.sleep(2000)</message>
  <nestedLevel>3</nestedLevel>
  <property name="startLine">130</property>
  <property name="stepIndex">6</property>
</record>
<record>
  <date>2019-08-19T14:40:14</date>
  <millis>1566205814118</millis>
  <sequence>171</sequence>
  <level>END</level>
  <class>com.kms.katalon.core.logging.XmlKeywordLogger</class>
  <method>endKeyword</method>
  <thread>1</thread>
  <message>End action : Thread.sleep(2000)</message>
  <nestedLevel>3</nestedLevel>
</record>
<record>
  <date>2019-08-19T14:40:14</date>
  <millis>1566205814119</millis>
  <sequence>172</sequence>
  <level>START</level>
  <class>com.kms.katalon.core.logging.XmlKeywordLogger</class>
  <method>startKeyword</method>
  <thread>1</thread>
  <message>Start action : linkText(\&amp;quot;Sign Out\&amp;quot;)).click()</message>
  <nestedLevel>3</nestedLevel>
  <property name="startLine">132</property>
  <property name="stepIndex">7</property>
</record>
<record>
  <date>2019-08-19T14:40:25</date>
  <millis>1566205825769</millis>
  <sequence>173</sequence>
  <level>END</level>
  <class>com.kms.katalon.core.logging.XmlKeywordLogger</class>
  <method>endKeyword</method>
  <thread>1</thread>
  <message>End action : linkText(\&amp;quot;Sign Out\&amp;quot;)).click()</message>
  <nestedLevel>3</nestedLevel>
</record>
<record>
  <date>2019-08-19T14:40:25</date>
  <millis>1566205825769</millis>
  <sequence>174</sequence>
  <level>START</level>
  <class>com.kms.katalon.core.logging.XmlKeywordLogger</class>
  <method>startKeyword</method>
  <thread>1</thread>
  <message>Start action : Thread.sleep(1000)</message>
  <nestedLevel>3</nestedLevel>
  <property name="startLine">134</property>
  <property name="stepIndex">8</property>
</record>
<record>
  <date>2019-08-19T14:40:26</date>
  <millis>1566205826773</millis>
  <sequence>175</sequence>
  <level>END</level>
  <class>com.kms.katalon.core.logging.XmlKeywordLogger</class>
  <method>endKeyword</method>
  <thread>1</thread>
  <message>End action : Thread.sleep(1000)</message>
  <nestedLevel>3</nestedLevel>
</record>
<record>
  <date>2019-08-19T14:40:26</date>
  <millis>1566205826774</millis>
  <sequence>176</sequence>
  <level>START</level>
  <class>com.kms.katalon.core.logging.XmlKeywordLogger</class>
  <method>startKeyword</method>
  <thread>1</thread>
  <message>Start action : action = new org.openqa.selenium.interactions.Actions(driver)</message>
  <nestedLevel>3</nestedLevel>
  <property name="startLine">136</property>
  <property name="stepIndex">9</property>
</record>
<record>
  <date>2019-08-19T14:40:26</date>
  <millis>1566205826780</millis>
  <sequence>177</sequence>
  <level>END</level>
  <class>com.kms.katalon.core.logging.XmlKeywordLogger</class>
  <method>endKeyword</method>
  <thread>1</thread>
  <message>End action : action = new org.openqa.selenium.interactions.Actions(driver)</message>
  <nestedLevel>3</nestedLevel>
</record>
<record>
  <date>2019-08-19T14:40:26</date>
  <millis>1566205826780</millis>
  <sequence>178</sequence>
  <level>START</level>
  <class>com.kms.katalon.core.logging.XmlKeywordLogger</class>
  <method>startKeyword</method>
  <thread>1</thread>
  <message>Start action : build().perform()</message>
  <nestedLevel>3</nestedLevel>
  <property name="startLine">138</property>
  <property name="stepIndex">10</property>
</record>
<record>
  <date>2019-08-19T14:40:26</date>
  <millis>1566205826857</millis>
  <sequence>179</sequence>
  <level>END</level>
  <class>com.kms.katalon.core.logging.XmlKeywordLogger</class>
  <method>endKeyword</method>
  <thread>1</thread>
  <message>End action : build().perform()</message>
  <nestedLevel>3</nestedLevel>
</record>
<record>
  <date>2019-08-19T14:40:26</date>
  <millis>1566205826858</millis>
  <sequence>180</sequence>
  <level>START</level>
  <class>com.kms.katalon.core.logging.XmlKeywordLogger</class>
  <method>startKeyword</method>
  <thread>1</thread>
  <message>Start action : Thread.sleep(2000)</message>
  <nestedLevel>3</nestedLevel>
  <property name="startLine">140</property>
  <property name="stepIndex">11</property>
</record>
<record>
  <date>2019-08-19T14:40:28</date>
  <millis>1566205828859</millis>
  <sequence>181</sequence>
  <level>END</level>
  <class>com.kms.katalon.core.logging.XmlKeywordLogger</class>
  <method>endKeyword</method>
  <thread>1</thread>
  <message>End action : Thread.sleep(2000)</message>
  <nestedLevel>3</nestedLevel>
</record>
<record>
  <date>2019-08-19T14:40:28</date>
  <millis>1566205828860</millis>
  <sequence>182</sequence>
  <level>START</level>
  <class>com.kms.katalon.core.logging.XmlKeywordLogger</class>
  <method>startKeyword</method>
  <thread>1</thread>
  <message>Start action : driver.quit()</message>
  <nestedLevel>3</nestedLevel>
  <property name="startLine">142</property>
  <property name="stepIndex">12</property>
</record>
<record>
  <date>2019-08-19T14:40:29</date>
  <millis>1566205829553</millis>
  <sequence>183</sequence>
  <level>END</level>
  <class>com.kms.katalon.core.logging.XmlKeywordLogger</class>
  <method>endKeyword</method>
  <thread>1</thread>
  <message>End action : driver.quit()</message>
  <nestedLevel>3</nestedLevel>
</record>
<record>
  <date>2019-08-19T14:40:29</date>
  <millis>1566205829554</millis>
  <sequence>184</sequence>
  <level>END</level>
  <class>com.kms.katalon.core.logging.XmlKeywordLogger</class>
  <method>endKeyword</method>
  <thread>1</thread>
  <message>End action : else</message>
  <nestedLevel>2</nestedLevel>
</record>
<record>
  <date>2019-08-19T14:40:29</date>
  <millis>1566205829554</millis>
  <sequence>185</sequence>
  <level>END</level>
  <class>com.kms.katalon.core.logging.XmlKeywordLogger</class>
  <method>endKeyword</method>
  <thread>1</thread>
  <message>End action : try</message>
  <nestedLevel>1</nestedLevel>
</record>
<record>
  <date>2019-08-19T14:40:29</date>
  <millis>1566205829555</millis>
  <sequence>186</sequence>
  <level>PASSED</level>
  <class>com.kms.katalon.core.logging.XmlKeywordLogger</class>
  <method>logMessage</method>
  <thread>1</thread>
  <message>Test Cases/Workilo/Bookings/ServiceProvider/NewBookingOrder</message>
  <nestedLevel>1</nestedLevel>
</record>
<record>
  <date>2019-08-19T14:40:29</date>
  <millis>1566205829555</millis>
  <sequence>187</sequence>
  <level>END</level>
  <class>com.kms.katalon.core.logging.XmlKeywordLogger</class>
  <method>endTest</method>
  <thread>1</thread>
  <message>End Test Case : Test Cases/Workilo/Bookings/ServiceProvider/NewBookingOrder</message>
  <nestedLevel>0</nestedLevel>
</record>
<record>
  <date>2019-08-19T14:40:29</date>
  <millis>1566205829555</millis>
  <sequence>188</sequence>
  <level>START</level>
  <class>com.kms.katalon.core.logging.XmlKeywordLogger</class>
  <method>startKeyword</method>
  <thread>1</thread>
  <message>Start listener action : exportKatalonReports</message>
  <nestedLevel>0</nestedLevel>
</record>
<record>
  <date>2019-08-19T14:40:29</date>
  <millis>1566205829972</millis>
  <sequence>564</sequence>
  <level>INFO</level>
  <class>com.kms.katalon.core.logging.XmlKeywordLogger</class>
  <method>logMessage</method>
  <thread>1</thread>
  <message>Start generating HTML report folder at: C:\\Users\\DAPL-Asset-180\\Desktop\\project folder\\Workilo\\WorkiloAutomation(14.8.19)\\Reports\\Bookings\\20190819_143931...</message>
  <nestedLevel>0</nestedLevel>
</record>
<record>
  <date>2019-08-19T14:40:30</date>
  <millis>1566205830394</millis>
  <sequence>565</sequence>
  <level>INFO</level>
  <class>com.kms.katalon.core.logging.XmlKeywordLogger</class>
  <method>logMessage</method>
  <thread>1</thread>
  <message>HTML report generated</message>
  <nestedLevel>0</nestedLevel>
</record>
<record>
  <date>2019-08-19T14:40:30</date>
  <millis>1566205830395</millis>
  <sequence>566</sequence>
  <level>INFO</level>
  <class>com.kms.katalon.core.logging.XmlKeywordLogger</class>
  <method>logMessage</method>
  <thread>1</thread>
  <message>Start generating CSV report folder at: C:\\Users\\DAPL-Asset-180\\Desktop\\project folder\\Workilo\\WorkiloAutomation(14.8.19)\\Reports\\Bookings\\20190819_143931...</message>
  <nestedLevel>0</nestedLevel>
</record>
<record>
  <date>2019-08-19T14:40:30</date>
  <millis>1566205830428</millis>
  <sequence>567</sequence>
  <level>INFO</level>
  <class>com.kms.katalon.core.logging.XmlKeywordLogger</class>
  <method>logMessage</method>
  <thread>1</thread>
  <message>CSV report generated</message>
  <nestedLevel>0</nestedLevel>
</record>
<record>
  <date>2019-08-19T14:40:30</date>
  <millis>1566205830429</millis>
  <sequence>568</sequence>
  <level>INFO</level>
  <class>com.kms.katalon.core.logging.XmlKeywordLogger</class>
  <method>logMessage</method>
  <thread>1</thread>
  <message>Start generating JUnit report folder at: C:\\Users\\DAPL-Asset-180\\Desktop\\project folder\\Workilo\\WorkiloAutomation(14.8.19)\\Reports\\Bookings\\20190819_143931...</message>
  <nestedLevel>0</nestedLevel>
</record>
<record>
  <date>2019-08-19T14:40:30</date>
  <millis>1566205830670</millis>
  <sequence>569</sequence>
  <level>INFO</level>
  <class>com.kms.katalon.core.logging.XmlKeywordLogger</class>
  <method>logMessage</method>
  <thread>1</thread>
  <message>JUnit report generated</message>
  <nestedLevel>0</nestedLevel>
</record>
<record>
  <date>2019-08-19T14:40:30</date>
  <millis>1566205830671</millis>
  <sequence>570</sequence>
  <level>INFO</level>
  <class>com.kms.katalon.core.logging.XmlKeywordLogger</class>
  <method>logMessage</method>
  <thread>1</thread>
  <message>Start generating PDF report folder at: C:\\Users\\DAPL-Asset-180\\Desktop\\project folder\\Workilo\\WorkiloAutomation(14.8.19)\\Reports\\Bookings\\20190819_143931...</message>
  <nestedLevel>0</nestedLevel>
</record>
<record>
  <date>2019-08-19T14:40:37</date>
  <millis>1566205837405</millis>
  <sequence>571</sequence>
  <level>INFO</level>
  <class>com.kms.katalon.core.logging.XmlKeywordLogger</class>
  <method>logMessage</method>
  <thread>1</thread>
  <message>PDF report generated</message>
  <nestedLevel>0</nestedLevel>
</record>
<record>
  <date>2019-08-19T14:40:37</date>
  <millis>1566205837406</millis>
  <sequence>573</sequence>
  <level>END</level>
  <class>com.kms.katalon.core.logging.XmlKeywordLogger</class>
  <method>endKeyword</method>
  <thread>1</thread>
  <message>End listener action : exportKatalonReports</message>
  <nestedLevel>0</nestedLevel>
</record>
<record>
  <date>2019-08-19T14:40:37</date>
  <millis>1566205837469</millis>
  <sequence>574</sequence>
  <level>END</level>
  <class>com.kms.katalon.core.logging.XmlKeywordLogger</class>
  <method>endSuite</method>
  <thread>1</thread>
  <message>End Test Suite : Test Suites/Bookings</message>
  <nestedLevel>0</nestedLevel>
</record>
</log>